{"C:\\Users\\ilyak\\Desktop\\side scroller\\side-scroller\\src\\systems\\adaptive_difficulty.js": {"path":"C:\\Users\\ilyak\\Desktop\\side scroller\\side-scroller\\src\\systems\\adaptive_difficulty.js","statementMap":{"0":{"start":{"line":6,"column":4},"end":{"line":6,"column":23}},"1":{"start":{"line":7,"column":4},"end":{"line":12,"column":6}},"2":{"start":{"line":17,"column":4},"end":{"line":21,"column":7}},"3":{"start":{"line":22,"column":4},"end":{"line":24,"column":5}},"4":{"start":{"line":23,"column":6},"end":{"line":23,"column":37}},"5":{"start":{"line":29,"column":4},"end":{"line":29,"column":38}},"6":{"start":{"line":34,"column":20},"end":{"line":34,"column":30}},"7":{"start":{"line":35,"column":4},"end":{"line":35,"column":75}},"8":{"start":{"line":36,"column":4},"end":{"line":36,"column":51}},"9":{"start":{"line":37,"column":4},"end":{"line":42,"column":6}},"10":{"start":{"line":47,"column":4},"end":{"line":49,"column":5}},"11":{"start":{"line":48,"column":6},"end":{"line":48,"column":18}},"12":{"start":{"line":51,"column":26},"end":{"line":51,"column":46}},"13":{"start":{"line":52,"column":21},"end":{"line":52,"column":87}},"14":{"start":{"line":52,"column":54},"end":{"line":52,"column":67}},"15":{"start":{"line":53,"column":24},"end":{"line":53,"column":93}},"16":{"start":{"line":53,"column":57},"end":{"line":53,"column":73}},"17":{"start":{"line":54,"column":24},"end":{"line":54,"column":93}},"18":{"start":{"line":54,"column":57},"end":{"line":54,"column":73}},"19":{"start":{"line":56,"column":4},"end":{"line":61,"column":6}},"20":{"start":{"line":67,"column":2},"end":{"line":67,"column":40}},"21":{"start":{"line":72,"column":2},"end":{"line":74,"column":3}},"22":{"start":{"line":73,"column":4},"end":{"line":73,"column":43}},"23":{"start":{"line":76,"column":2},"end":{"line":76,"column":148}}},"fnMap":{"0":{"name":"(anonymous_0)","decl":{"start":{"line":5,"column":2},"end":{"line":5,"column":3}},"loc":{"start":{"line":5,"column":16},"end":{"line":13,"column":3}},"line":5},"1":{"name":"(anonymous_1)","decl":{"start":{"line":16,"column":2},"end":{"line":16,"column":3}},"loc":{"start":{"line":16,"column":36},"end":{"line":25,"column":3}},"line":16},"2":{"name":"(anonymous_2)","decl":{"start":{"line":28,"column":2},"end":{"line":28,"column":3}},"loc":{"start":{"line":28,"column":18},"end":{"line":30,"column":3}},"line":28},"3":{"name":"(anonymous_3)","decl":{"start":{"line":33,"column":2},"end":{"line":33,"column":3}},"loc":{"start":{"line":33,"column":15},"end":{"line":43,"column":3}},"line":33},"4":{"name":"(anonymous_4)","decl":{"start":{"line":46,"column":2},"end":{"line":46,"column":3}},"loc":{"start":{"line":46,"column":24},"end":{"line":62,"column":3}},"line":46},"5":{"name":"(anonymous_5)","decl":{"start":{"line":52,"column":42},"end":{"line":52,"column":43}},"loc":{"start":{"line":52,"column":54},"end":{"line":52,"column":67}},"line":52},"6":{"name":"(anonymous_6)","decl":{"start":{"line":53,"column":45},"end":{"line":53,"column":46}},"loc":{"start":{"line":53,"column":57},"end":{"line":53,"column":73}},"line":53},"7":{"name":"(anonymous_7)","decl":{"start":{"line":54,"column":45},"end":{"line":54,"column":46}},"loc":{"start":{"line":54,"column":57},"end":{"line":54,"column":73}},"line":54},"8":{"name":"createPerformanceTracker","decl":{"start":{"line":66,"column":16},"end":{"line":66,"column":40}},"loc":{"start":{"line":66,"column":43},"end":{"line":68,"column":1}},"line":66},"9":{"name":"formatPerformanceStats","decl":{"start":{"line":71,"column":16},"end":{"line":71,"column":38}},"loc":{"start":{"line":71,"column":46},"end":{"line":77,"column":1}},"line":71}},"branchMap":{"0":{"loc":{"start":{"line":22,"column":4},"end":{"line":24,"column":5}},"type":"if","locations":[{"start":{"line":22,"column":4},"end":{"line":24,"column":5}},{"start":{},"end":{}}],"line":22},"1":{"loc":{"start":{"line":47,"column":4},"end":{"line":49,"column":5}},"type":"if","locations":[{"start":{"line":47,"column":4},"end":{"line":49,"column":5}},{"start":{},"end":{}}],"line":47},"2":{"loc":{"start":{"line":72,"column":2},"end":{"line":74,"column":3}},"type":"if","locations":[{"start":{"line":72,"column":2},"end":{"line":74,"column":3}},{"start":{},"end":{}}],"line":72}},"s":{"0":1,"1":1,"2":2,"3":2,"4":1,"5":1,"6":1,"7":1,"8":1,"9":1,"10":1,"11":0,"12":1,"13":1,"14":1,"15":1,"16":1,"17":1,"18":1,"19":1,"20":1,"21":2,"22":1,"23":1},"f":{"0":1,"1":2,"2":1,"3":1,"4":1,"5":1,"6":1,"7":1,"8":1,"9":2},"b":{"0":[1,1],"1":[0,1],"2":[1,1]},"_coverageSchema":"1a1c01bbd47fc00a2c39e90264f33305004495a9","hash":"474b7c73355ea35bc4c571bf900a831a3e0b94cd"}
,"C:\\Users\\ilyak\\Desktop\\side scroller\\side-scroller\\src\\systems\\adaptive_soundscape.js": {"path":"C:\\Users\\ilyak\\Desktop\\side scroller\\side-scroller\\src\\systems\\adaptive_soundscape.js","statementMap":{"0":{"start":{"line":6,"column":4},"end":{"line":6,"column":37}},"1":{"start":{"line":7,"column":4},"end":{"line":11,"column":6}},"2":{"start":{"line":13,"column":4},"end":{"line":13,"column":27}},"3":{"start":{"line":14,"column":4},"end":{"line":14,"column":22}},"4":{"start":{"line":19,"column":4},"end":{"line":19,"column":54}},"5":{"start":{"line":20,"column":4},"end":{"line":20,"column":28}},"6":{"start":{"line":27,"column":4},"end":{"line":27,"column":66}},"7":{"start":{"line":32,"column":4},"end":{"line":38,"column":7}},"8":{"start":{"line":33,"column":6},"end":{"line":37,"column":7}},"9":{"start":{"line":34,"column":8},"end":{"line":34,"column":22}},"10":{"start":{"line":39,"column":4},"end":{"line":39,"column":22}},"11":{"start":{"line":45,"column":2},"end":{"line":45,"column":55}}},"fnMap":{"0":{"name":"(anonymous_0)","decl":{"start":{"line":5,"column":2},"end":{"line":5,"column":3}},"loc":{"start":{"line":5,"column":42},"end":{"line":15,"column":3}},"line":5},"1":{"name":"(anonymous_1)","decl":{"start":{"line":18,"column":2},"end":{"line":18,"column":3}},"loc":{"start":{"line":18,"column":16},"end":{"line":21,"column":3}},"line":18},"2":{"name":"(anonymous_2)","decl":{"start":{"line":24,"column":2},"end":{"line":24,"column":3}},"loc":{"start":{"line":24,"column":21},"end":{"line":28,"column":3}},"line":24},"3":{"name":"(anonymous_3)","decl":{"start":{"line":31,"column":2},"end":{"line":31,"column":3}},"loc":{"start":{"line":31,"column":12},"end":{"line":40,"column":3}},"line":31},"4":{"name":"(anonymous_4)","decl":{"start":{"line":32,"column":25},"end":{"line":32,"column":26}},"loc":{"start":{"line":32,"column":37},"end":{"line":38,"column":5}},"line":32},"5":{"name":"createSoundscape","decl":{"start":{"line":44,"column":16},"end":{"line":44,"column":32}},"loc":{"start":{"line":44,"column":56},"end":{"line":46,"column":1}},"line":44}},"branchMap":{"0":{"loc":{"start":{"line":5,"column":28},"end":{"line":5,"column":40}},"type":"default-arg","locations":[{"start":{"line":5,"column":38},"end":{"line":5,"column":40}}],"line":5},"1":{"loc":{"start":{"line":8,"column":18},"end":{"line":8,"column":43}},"type":"binary-expr","locations":[{"start":{"line":8,"column":18},"end":{"line":8,"column":36}},{"start":{"line":8,"column":40},"end":{"line":8,"column":43}}],"line":8},"2":{"loc":{"start":{"line":9,"column":21},"end":{"line":9,"column":49}},"type":"binary-expr","locations":[{"start":{"line":9,"column":21},"end":{"line":9,"column":42}},{"start":{"line":9,"column":46},"end":{"line":9,"column":49}}],"line":9}},"s":{"0":1,"1":1,"2":1,"3":1,"4":3,"5":3,"6":3,"7":1,"8":1,"9":1,"10":1,"11":1},"f":{"0":1,"1":3,"2":3,"3":1,"4":1,"5":1},"b":{"0":[1],"1":[1,1],"2":[1,1]},"_coverageSchema":"1a1c01bbd47fc00a2c39e90264f33305004495a9","hash":"748a034d017e22a92fd8f7f31c819c14607d8433"}
,"C:\\Users\\ilyak\\Desktop\\side scroller\\side-scroller\\src\\systems\\audio_manager.js": {"path":"C:\\Users\\ilyak\\Desktop\\side scroller\\side-scroller\\src\\systems\\audio_manager.js","statementMap":{"0":{"start":{"line":5,"column":4},"end":{"line":5,"column":29}},"1":{"start":{"line":6,"column":4},"end":{"line":6,"column":28}},"2":{"start":{"line":7,"column":4},"end":{"line":7,"column":25}},"3":{"start":{"line":8,"column":4},"end":{"line":8,"column":28}},"4":{"start":{"line":9,"column":4},"end":{"line":9,"column":22}},"5":{"start":{"line":14,"column":4},"end":{"line":21,"column":5}},"6":{"start":{"line":15,"column":6},"end":{"line":15,"column":83}},"7":{"start":{"line":16,"column":6},"end":{"line":18,"column":7}},"8":{"start":{"line":17,"column":8},"end":{"line":17,"column":41}},"9":{"start":{"line":20,"column":6},"end":{"line":20,"column":58}},"10":{"start":{"line":26,"column":4},"end":{"line":26,"column":51}},"11":{"start":{"line":26,"column":44},"end":{"line":26,"column":51}},"12":{"start":{"line":28,"column":4},"end":{"line":47,"column":5}},"13":{"start":{"line":29,"column":21},"end":{"line":29,"column":47}},"14":{"start":{"line":30,"column":6},"end":{"line":33,"column":7}},"15":{"start":{"line":31,"column":8},"end":{"line":31,"column":56}},"16":{"start":{"line":32,"column":8},"end":{"line":32,"column":15}},"17":{"start":{"line":35,"column":21},"end":{"line":35,"column":59}},"18":{"start":{"line":36,"column":6},"end":{"line":36,"column":29}},"19":{"start":{"line":38,"column":23},"end":{"line":38,"column":53}},"20":{"start":{"line":39,"column":6},"end":{"line":39,"column":70}},"21":{"start":{"line":41,"column":6},"end":{"line":41,"column":31}},"22":{"start":{"line":42,"column":6},"end":{"line":42,"column":54}},"23":{"start":{"line":44,"column":6},"end":{"line":44,"column":22}},"24":{"start":{"line":46,"column":6},"end":{"line":46,"column":51}},"25":{"start":{"line":52,"column":4},"end":{"line":52,"column":57}},"26":{"start":{"line":57,"column":4},"end":{"line":57,"column":25}},"27":{"start":{"line":62,"column":4},"end":{"line":65,"column":5}},"28":{"start":{"line":63,"column":6},"end":{"line":63,"column":32}},"29":{"start":{"line":64,"column":6},"end":{"line":64,"column":31}},"30":{"start":{"line":66,"column":4},"end":{"line":66,"column":24}},"31":{"start":{"line":73,"column":4},"end":{"line":73,"column":21}}},"fnMap":{"0":{"name":"(anonymous_0)","decl":{"start":{"line":4,"column":2},"end":{"line":4,"column":3}},"loc":{"start":{"line":4,"column":16},"end":{"line":10,"column":3}},"line":4},"1":{"name":"(anonymous_1)","decl":{"start":{"line":13,"column":2},"end":{"line":13,"column":3}},"loc":{"start":{"line":13,"column":15},"end":{"line":22,"column":3}},"line":13},"2":{"name":"(anonymous_2)","decl":{"start":{"line":25,"column":2},"end":{"line":25,"column":3}},"loc":{"start":{"line":25,"column":43},"end":{"line":48,"column":3}},"line":25},"3":{"name":"(anonymous_3)","decl":{"start":{"line":51,"column":2},"end":{"line":51,"column":3}},"loc":{"start":{"line":51,"column":20},"end":{"line":53,"column":3}},"line":51},"4":{"name":"(anonymous_4)","decl":{"start":{"line":56,"column":2},"end":{"line":56,"column":3}},"loc":{"start":{"line":56,"column":18},"end":{"line":58,"column":3}},"line":56},"5":{"name":"(anonymous_5)","decl":{"start":{"line":61,"column":2},"end":{"line":61,"column":3}},"loc":{"start":{"line":61,"column":12},"end":{"line":67,"column":3}},"line":61},"6":{"name":"(anonymous_6)","decl":{"start":{"line":70,"column":2},"end":{"line":70,"column":3}},"loc":{"start":{"line":70,"column":16},"end":{"line":74,"column":3}},"line":70},"7":{"name":"(anonymous_7)","decl":{"start":{"line":77,"column":2},"end":{"line":77,"column":3}},"loc":{"start":{"line":77,"column":15},"end":{"line":79,"column":3}},"line":77}},"branchMap":{"0":{"loc":{"start":{"line":15,"column":31},"end":{"line":15,"column":79}},"type":"binary-expr","locations":[{"start":{"line":15,"column":31},"end":{"line":15,"column":50}},{"start":{"line":15,"column":54},"end":{"line":15,"column":79}}],"line":15},"1":{"loc":{"start":{"line":16,"column":6},"end":{"line":18,"column":7}},"type":"if","locations":[{"start":{"line":16,"column":6},"end":{"line":18,"column":7}},{"start":{},"end":{}}],"line":16},"2":{"loc":{"start":{"line":25,"column":29},"end":{"line":25,"column":41}},"type":"default-arg","locations":[{"start":{"line":25,"column":39},"end":{"line":25,"column":41}}],"line":25},"3":{"loc":{"start":{"line":26,"column":4},"end":{"line":26,"column":51}},"type":"if","locations":[{"start":{"line":26,"column":4},"end":{"line":26,"column":51}},{"start":{},"end":{}}],"line":26},"4":{"loc":{"start":{"line":26,"column":8},"end":{"line":26,"column":42}},"type":"binary-expr","locations":[{"start":{"line":26,"column":8},"end":{"line":26,"column":26}},{"start":{"line":26,"column":30},"end":{"line":26,"column":42}}],"line":26},"5":{"loc":{"start":{"line":30,"column":6},"end":{"line":33,"column":7}},"type":"if","locations":[{"start":{"line":30,"column":6},"end":{"line":33,"column":7}},{"start":{},"end":{}}],"line":30},"6":{"loc":{"start":{"line":39,"column":29},"end":{"line":39,"column":48}},"type":"binary-expr","locations":[{"start":{"line":39,"column":29},"end":{"line":39,"column":43}},{"start":{"line":39,"column":47},"end":{"line":39,"column":48}}],"line":39},"7":{"loc":{"start":{"line":62,"column":4},"end":{"line":65,"column":5}},"type":"if","locations":[{"start":{"line":62,"column":4},"end":{"line":65,"column":5}},{"start":{},"end":{}}],"line":62}},"s":{"0":2,"1":2,"2":2,"3":2,"4":2,"5":0,"6":0,"7":0,"8":0,"9":0,"10":0,"11":0,"12":0,"13":0,"14":0,"15":0,"16":0,"17":0,"18":0,"19":0,"20":0,"21":0,"22":0,"23":0,"24":0,"25":0,"26":0,"27":0,"28":0,"29":0,"30":0,"31":1},"f":{"0":2,"1":0,"2":0,"3":0,"4":0,"5":0,"6":1,"7":1},"b":{"0":[0,0],"1":[0,0],"2":[0],"3":[0,0],"4":[0,0],"5":[0,0],"6":[0,0],"7":[0,0]},"_coverageSchema":"1a1c01bbd47fc00a2c39e90264f33305004495a9","hash":"6e0c596237af4f39a591626c364f49d1cd7391fe"}
,"C:\\Users\\ilyak\\Desktop\\side scroller\\side-scroller\\src\\systems\\character_generator.js": {"path":"C:\\Users\\ilyak\\Desktop\\side scroller\\side-scroller\\src\\systems\\character_generator.js","statementMap":{"0":{"start":{"line":5,"column":21},"end":{"line":5,"column":95}},"1":{"start":{"line":6,"column":16},"end":{"line":15,"column":3}},"2":{"start":{"line":17,"column":19},"end":{"line":17,"column":55}},"3":{"start":{"line":18,"column":20},"end":{"line":18,"column":60}},"4":{"start":{"line":20,"column":2},"end":{"line":20,"column":47}},"5":{"start":{"line":25,"column":13},"end":{"line":25,"column":38}},"6":{"start":{"line":27,"column":17},"end":{"line":27,"column":86}},"7":{"start":{"line":28,"column":23},"end":{"line":28,"column":63}},"8":{"start":{"line":29,"column":25},"end":{"line":29,"column":73}},"9":{"start":{"line":31,"column":2},"end":{"line":39,"column":4}},"10":{"start":{"line":44,"column":2},"end":{"line":44,"column":140}}},"fnMap":{"0":{"name":"generateCharacterId","decl":{"start":{"line":4,"column":16},"end":{"line":4,"column":35}},"loc":{"start":{"line":4,"column":58},"end":{"line":21,"column":1}},"line":4},"1":{"name":"generateCharacter","decl":{"start":{"line":24,"column":16},"end":{"line":24,"column":33}},"loc":{"start":{"line":24,"column":56},"end":{"line":40,"column":1}},"line":24},"2":{"name":"formatCharacterDescription","decl":{"start":{"line":43,"column":16},"end":{"line":43,"column":42}},"loc":{"start":{"line":43,"column":54},"end":{"line":45,"column":1}},"line":43}},"branchMap":{"0":{"loc":{"start":{"line":4,"column":36},"end":{"line":4,"column":56}},"type":"default-arg","locations":[{"start":{"line":4,"column":43},"end":{"line":4,"column":56}}],"line":4},"1":{"loc":{"start":{"line":24,"column":34},"end":{"line":24,"column":54}},"type":"default-arg","locations":[{"start":{"line":24,"column":41},"end":{"line":24,"column":54}}],"line":24}},"s":{"0":0,"1":0,"2":0,"3":0,"4":0,"5":0,"6":0,"7":0,"8":0,"9":0,"10":0},"f":{"0":0,"1":0,"2":0},"b":{"0":[0],"1":[0]},"_coverageSchema":"1a1c01bbd47fc00a2c39e90264f33305004495a9","hash":"743976fa5de8815bcca6c0c95032932d0815fd84"}
,"C:\\Users\\ilyak\\Desktop\\side scroller\\side-scroller\\src\\systems\\chromatic_adaptation.js": {"path":"C:\\Users\\ilyak\\Desktop\\side scroller\\side-scroller\\src\\systems\\chromatic_adaptation.js","statementMap":{"0":{"start":{"line":4,"column":4},"end":{"line":4,"column":25}},"1":{"start":{"line":13,"column":2},"end":{"line":13,"column":35}}},"fnMap":{"0":{"name":"(anonymous_0)","decl":{"start":{"line":3,"column":2},"end":{"line":3,"column":3}},"loc":{"start":{"line":3,"column":16},"end":{"line":5,"column":3}},"line":3},"1":{"name":"(anonymous_1)","decl":{"start":{"line":7,"column":2},"end":{"line":7,"column":3}},"loc":{"start":{"line":7,"column":10},"end":{"line":9,"column":3}},"line":7},"2":{"name":"createChromaticAdaptation","decl":{"start":{"line":12,"column":16},"end":{"line":12,"column":41}},"loc":{"start":{"line":12,"column":44},"end":{"line":14,"column":1}},"line":12}},"branchMap":{},"s":{"0":0,"1":0},"f":{"0":0,"1":0,"2":0},"b":{},"_coverageSchema":"1a1c01bbd47fc00a2c39e90264f33305004495a9","hash":"239ed08725a975285d1fd3e322abc7ed23487793"}
,"C:\\Users\\ilyak\\Desktop\\side scroller\\side-scroller\\src\\systems\\cognitive_mechanics.js": {"path":"C:\\Users\\ilyak\\Desktop\\side scroller\\side-scroller\\src\\systems\\cognitive_mechanics.js","statementMap":{"0":{"start":{"line":6,"column":4},"end":{"line":6,"column":29}},"1":{"start":{"line":7,"column":4},"end":{"line":7,"column":20}},"2":{"start":{"line":8,"column":4},"end":{"line":8,"column":20}},"3":{"start":{"line":13,"column":4},"end":{"line":17,"column":5}},"4":{"start":{"line":15,"column":6},"end":{"line":15,"column":25}},"5":{"start":{"line":16,"column":6},"end":{"line":16,"column":20}},"6":{"start":{"line":18,"column":4},"end":{"line":18,"column":26}},"7":{"start":{"line":23,"column":4},"end":{"line":23,"column":37}},"8":{"start":{"line":28,"column":18},"end":{"line":28,"column":42}},"9":{"start":{"line":29,"column":4},"end":{"line":32,"column":5}},"10":{"start":{"line":30,"column":6},"end":{"line":30,"column":34}},"11":{"start":{"line":31,"column":6},"end":{"line":31,"column":18}},"12":{"start":{"line":33,"column":4},"end":{"line":33,"column":18}},"13":{"start":{"line":34,"column":4},"end":{"line":34,"column":17}},"14":{"start":{"line":39,"column":4},"end":{"line":39,"column":20}},"15":{"start":{"line":44,"column":4},"end":{"line":49,"column":6}},"16":{"start":{"line":55,"column":2},"end":{"line":55,"column":43}},"17":{"start":{"line":60,"column":2},"end":{"line":62,"column":43}}},"fnMap":{"0":{"name":"(anonymous_0)","decl":{"start":{"line":5,"column":2},"end":{"line":5,"column":3}},"loc":{"start":{"line":5,"column":28},"end":{"line":9,"column":3}},"line":5},"1":{"name":"(anonymous_1)","decl":{"start":{"line":12,"column":2},"end":{"line":12,"column":3}},"loc":{"start":{"line":12,"column":16},"end":{"line":19,"column":3}},"line":12},"2":{"name":"(anonymous_2)","decl":{"start":{"line":22,"column":2},"end":{"line":22,"column":3}},"loc":{"start":{"line":22,"column":16},"end":{"line":24,"column":3}},"line":22},"3":{"name":"(anonymous_3)","decl":{"start":{"line":27,"column":2},"end":{"line":27,"column":3}},"loc":{"start":{"line":27,"column":19},"end":{"line":35,"column":3}},"line":27},"4":{"name":"(anonymous_4)","decl":{"start":{"line":38,"column":2},"end":{"line":38,"column":3}},"loc":{"start":{"line":38,"column":10},"end":{"line":40,"column":3}},"line":38},"5":{"name":"(anonymous_5)","decl":{"start":{"line":43,"column":2},"end":{"line":43,"column":3}},"loc":{"start":{"line":43,"column":13},"end":{"line":50,"column":3}},"line":43},"6":{"name":"createWorkingMemorySystem","decl":{"start":{"line":54,"column":16},"end":{"line":54,"column":41}},"loc":{"start":{"line":54,"column":52},"end":{"line":56,"column":1}},"line":54},"7":{"name":"formatWorkingMemoryStats","decl":{"start":{"line":59,"column":16},"end":{"line":59,"column":40}},"loc":{"start":{"line":59,"column":48},"end":{"line":63,"column":1}},"line":59}},"branchMap":{"0":{"loc":{"start":{"line":5,"column":14},"end":{"line":5,"column":26}},"type":"default-arg","locations":[{"start":{"line":5,"column":25},"end":{"line":5,"column":26}}],"line":5},"1":{"loc":{"start":{"line":13,"column":4},"end":{"line":17,"column":5}},"type":"if","locations":[{"start":{"line":13,"column":4},"end":{"line":17,"column":5}},{"start":{},"end":{}}],"line":13},"2":{"loc":{"start":{"line":29,"column":4},"end":{"line":32,"column":5}},"type":"if","locations":[{"start":{"line":29,"column":4},"end":{"line":32,"column":5}},{"start":{},"end":{}}],"line":29}},"s":{"0":0,"1":0,"2":0,"3":0,"4":0,"5":0,"6":0,"7":0,"8":0,"9":0,"10":0,"11":0,"12":0,"13":0,"14":0,"15":0,"16":0,"17":0},"f":{"0":0,"1":0,"2":0,"3":0,"4":0,"5":0,"6":0,"7":0},"b":{"0":[0],"1":[0,0],"2":[0,0]},"_coverageSchema":"1a1c01bbd47fc00a2c39e90264f33305004495a9","hash":"ef412845249bc88f3fd49bf52c12850a96674fe7"}
,"C:\\Users\\ilyak\\Desktop\\side scroller\\side-scroller\\src\\systems\\emblem.js": {"path":"C:\\Users\\ilyak\\Desktop\\side scroller\\side-scroller\\src\\systems\\emblem.js","statementMap":{"0":{"start":{"line":5,"column":17},"end":{"line":5,"column":94}},"1":{"start":{"line":6,"column":17},"end":{"line":6,"column":60}},"2":{"start":{"line":8,"column":17},"end":{"line":11,"column":3}},"3":{"start":{"line":9,"column":14},"end":{"line":9,"column":33}},"4":{"start":{"line":10,"column":4},"end":{"line":10,"column":29}},"5":{"start":{"line":13,"column":23},"end":{"line":13,"column":71}},"6":{"start":{"line":14,"column":25},"end":{"line":14,"column":77}},"7":{"start":{"line":15,"column":16},"end":{"line":15,"column":68}},"8":{"start":{"line":17,"column":21},"end":{"line":17,"column":23}},"9":{"start":{"line":18,"column":2},"end":{"line":45,"column":3}},"10":{"start":{"line":20,"column":6},"end":{"line":22,"column":35}},"11":{"start":{"line":23,"column":6},"end":{"line":23,"column":12}},"12":{"start":{"line":26,"column":6},"end":{"line":28,"column":35}},"13":{"start":{"line":29,"column":6},"end":{"line":29,"column":12}},"14":{"start":{"line":32,"column":21},"end":{"line":34,"column":8}},"15":{"start":{"line":35,"column":6},"end":{"line":35,"column":76}},"16":{"start":{"line":36,"column":6},"end":{"line":36,"column":12}},"17":{"start":{"line":39,"column":22},"end":{"line":41,"column":38}},"18":{"start":{"line":42,"column":6},"end":{"line":42,"column":77}},"19":{"start":{"line":43,"column":6},"end":{"line":43,"column":12}},"20":{"start":{"line":47,"column":14},"end":{"line":52,"column":3}},"21":{"start":{"line":54,"column":2},"end":{"line":54,"column":20}},"22":{"start":{"line":59,"column":2},"end":{"line":59,"column":56}}},"fnMap":{"0":{"name":"generateEmblemSVG","decl":{"start":{"line":4,"column":16},"end":{"line":4,"column":33}},"loc":{"start":{"line":4,"column":67},"end":{"line":55,"column":1}},"line":4},"1":{"name":"(anonymous_1)","decl":{"start":{"line":8,"column":17},"end":{"line":8,"column":18}},"loc":{"start":{"line":8,"column":24},"end":{"line":11,"column":3}},"line":8},"2":{"name":"emblemToDataUrl","decl":{"start":{"line":58,"column":16},"end":{"line":58,"column":31}},"loc":{"start":{"line":58,"column":43},"end":{"line":60,"column":1}},"line":58}},"branchMap":{"0":{"loc":{"start":{"line":4,"column":34},"end":{"line":4,"column":54}},"type":"default-arg","locations":[{"start":{"line":4,"column":41},"end":{"line":4,"column":54}}],"line":4},"1":{"loc":{"start":{"line":4,"column":56},"end":{"line":4,"column":65}},"type":"default-arg","locations":[{"start":{"line":4,"column":63},"end":{"line":4,"column":65}}],"line":4},"2":{"loc":{"start":{"line":18,"column":2},"end":{"line":45,"column":3}},"type":"switch","locations":[{"start":{"line":19,"column":4},"end":{"line":24,"column":5}},{"start":{"line":25,"column":4},"end":{"line":30,"column":5}},{"start":{"line":31,"column":4},"end":{"line":37,"column":5}},{"start":{"line":38,"column":4},"end":{"line":44,"column":5}}],"line":18}},"s":{"0":2,"1":2,"2":2,"3":6,"4":6,"5":2,"6":2,"7":2,"8":2,"9":2,"10":1,"11":1,"12":0,"13":0,"14":1,"15":1,"16":1,"17":0,"18":0,"19":0,"20":2,"21":2,"22":1},"f":{"0":2,"1":6,"2":1},"b":{"0":[0],"1":[0],"2":[1,0,1,0]},"_coverageSchema":"1a1c01bbd47fc00a2c39e90264f33305004495a9","hash":"8b41c1ae993304c4a75fdf47529b2cee296ce66e"}
,"C:\\Users\\ilyak\\Desktop\\side scroller\\side-scroller\\src\\systems\\gallery.js": {"path":"C:\\Users\\ilyak\\Desktop\\side scroller\\side-scroller\\src\\systems\\gallery.js","statementMap":{"0":{"start":{"line":5,"column":2},"end":{"line":26,"column":3}},"1":{"start":{"line":6,"column":20},"end":{"line":6,"column":33}},"2":{"start":{"line":7,"column":20},"end":{"line":13,"column":5}},"3":{"start":{"line":15,"column":4},"end":{"line":15,"column":26}},"4":{"start":{"line":17,"column":4},"end":{"line":19,"column":5}},"5":{"start":{"line":18,"column":6},"end":{"line":18,"column":22}},"6":{"start":{"line":21,"column":4},"end":{"line":21,"column":68}},"7":{"start":{"line":22,"column":4},"end":{"line":22,"column":22}},"8":{"start":{"line":24,"column":4},"end":{"line":24,"column":61}},"9":{"start":{"line":25,"column":4},"end":{"line":25,"column":16}},"10":{"start":{"line":31,"column":2},"end":{"line":37,"column":3}},"11":{"start":{"line":32,"column":20},"end":{"line":32,"column":58}},"12":{"start":{"line":33,"column":4},"end":{"line":33,"column":46}},"13":{"start":{"line":35,"column":4},"end":{"line":35,"column":51}},"14":{"start":{"line":36,"column":4},"end":{"line":36,"column":14}},"15":{"start":{"line":43,"column":2},"end":{"line":53,"column":4}}},"fnMap":{"0":{"name":"saveSessionToGallery","decl":{"start":{"line":4,"column":16},"end":{"line":4,"column":36}},"loc":{"start":{"line":4,"column":83},"end":{"line":27,"column":1}},"line":4},"1":{"name":"loadGallery","decl":{"start":{"line":30,"column":16},"end":{"line":30,"column":27}},"loc":{"start":{"line":30,"column":30},"end":{"line":38,"column":1}},"line":30},"2":{"name":"generateThumbnail","decl":{"start":{"line":41,"column":9},"end":{"line":41,"column":26}},"loc":{"start":{"line":41,"column":29},"end":{"line":54,"column":1}},"line":41}},"branchMap":{"0":{"loc":{"start":{"line":4,"column":37},"end":{"line":4,"column":53}},"type":"default-arg","locations":[{"start":{"line":4,"column":51},"end":{"line":4,"column":53}}],"line":4},"1":{"loc":{"start":{"line":4,"column":55},"end":{"line":4,"column":81}},"type":"default-arg","locations":[{"start":{"line":4,"column":63},"end":{"line":4,"column":81}}],"line":4},"2":{"loc":{"start":{"line":17,"column":4},"end":{"line":19,"column":5}},"type":"if","locations":[{"start":{"line":17,"column":4},"end":{"line":19,"column":5}},{"start":{},"end":{}}],"line":17},"3":{"loc":{"start":{"line":33,"column":11},"end":{"line":33,"column":45}},"type":"cond-expr","locations":[{"start":{"line":33,"column":21},"end":{"line":33,"column":40}},{"start":{"line":33,"column":43},"end":{"line":33,"column":45}}],"line":33}},"s":{"0":3,"1":3,"2":3,"3":3,"4":3,"5":0,"6":3,"7":3,"8":0,"9":0,"10":7,"11":7,"12":7,"13":0,"14":0,"15":3},"f":{"0":3,"1":7,"2":3},"b":{"0":[1],"1":[1],"2":[0,3],"3":[5,2]},"_coverageSchema":"1a1c01bbd47fc00a2c39e90264f33305004495a9","hash":"ae4f6f8f408c8b1eadfc2906c880ef30f325ebd2"}
,"C:\\Users\\ilyak\\Desktop\\side scroller\\side-scroller\\src\\systems\\game_systems_integration.js": {"path":"C:\\Users\\ilyak\\Desktop\\side scroller\\side-scroller\\src\\systems\\game_systems_integration.js","statementMap":{"0":{"start":{"line":6,"column":4},"end":{"line":6,"column":29}},"1":{"start":{"line":7,"column":4},"end":{"line":7,"column":29}},"2":{"start":{"line":12,"column":4},"end":{"line":12,"column":35}},"3":{"start":{"line":13,"column":4},"end":{"line":13,"column":16}},"4":{"start":{"line":18,"column":4},"end":{"line":18,"column":34}},"5":{"start":{"line":23,"column":25},"end":{"line":25,"column":37}},"6":{"start":{"line":24,"column":26},"end":{"line":24,"column":59}},"7":{"start":{"line":25,"column":23},"end":{"line":25,"column":36}},"8":{"start":{"line":27,"column":4},"end":{"line":27,"column":36}},"9":{"start":{"line":28,"column":4},"end":{"line":28,"column":28}},"10":{"start":{"line":29,"column":4},"end":{"line":29,"column":16}},"11":{"start":{"line":34,"column":4},"end":{"line":34,"column":34}},"12":{"start":{"line":34,"column":27},"end":{"line":34,"column":34}},"13":{"start":{"line":36,"column":4},"end":{"line":40,"column":7}},"14":{"start":{"line":37,"column":6},"end":{"line":39,"column":7}},"15":{"start":{"line":38,"column":8},"end":{"line":38,"column":33}},"16":{"start":{"line":45,"column":4},"end":{"line":49,"column":7}},"17":{"start":{"line":46,"column":6},"end":{"line":48,"column":7}},"18":{"start":{"line":47,"column":8},"end":{"line":47,"column":25}},"19":{"start":{"line":50,"column":4},"end":{"line":50,"column":25}},"20":{"start":{"line":51,"column":4},"end":{"line":51,"column":29}},"21":{"start":{"line":56,"column":18},"end":{"line":56,"column":20}},"22":{"start":{"line":57,"column":4},"end":{"line":61,"column":7}},"23":{"start":{"line":58,"column":6},"end":{"line":60,"column":7}},"24":{"start":{"line":59,"column":8},"end":{"line":59,"column":40}},"25":{"start":{"line":62,"column":4},"end":{"line":62,"column":17}},"26":{"start":{"line":68,"column":2},"end":{"line":68,"column":38}}},"fnMap":{"0":{"name":"(anonymous_0)","decl":{"start":{"line":5,"column":2},"end":{"line":5,"column":3}},"loc":{"start":{"line":5,"column":16},"end":{"line":8,"column":3}},"line":5},"1":{"name":"(anonymous_1)","decl":{"start":{"line":11,"column":2},"end":{"line":11,"column":3}},"loc":{"start":{"line":11,"column":31},"end":{"line":14,"column":3}},"line":11},"2":{"name":"(anonymous_2)","decl":{"start":{"line":17,"column":2},"end":{"line":17,"column":3}},"loc":{"start":{"line":17,"column":18},"end":{"line":19,"column":3}},"line":17},"3":{"name":"(anonymous_3)","decl":{"start":{"line":22,"column":2},"end":{"line":22,"column":3}},"loc":{"start":{"line":22,"column":15},"end":{"line":30,"column":3}},"line":22},"4":{"name":"(anonymous_4)","decl":{"start":{"line":24,"column":14},"end":{"line":24,"column":15}},"loc":{"start":{"line":24,"column":26},"end":{"line":24,"column":59}},"line":24},"5":{"name":"(anonymous_5)","decl":{"start":{"line":25,"column":11},"end":{"line":25,"column":12}},"loc":{"start":{"line":25,"column":23},"end":{"line":25,"column":36}},"line":25},"6":{"name":"(anonymous_6)","decl":{"start":{"line":33,"column":2},"end":{"line":33,"column":3}},"loc":{"start":{"line":33,"column":20},"end":{"line":41,"column":3}},"line":33},"7":{"name":"(anonymous_7)","decl":{"start":{"line":36,"column":25},"end":{"line":36,"column":26}},"loc":{"start":{"line":36,"column":37},"end":{"line":40,"column":5}},"line":36},"8":{"name":"(anonymous_8)","decl":{"start":{"line":44,"column":2},"end":{"line":44,"column":3}},"loc":{"start":{"line":44,"column":12},"end":{"line":52,"column":3}},"line":44},"9":{"name":"(anonymous_9)","decl":{"start":{"line":45,"column":25},"end":{"line":45,"column":26}},"loc":{"start":{"line":45,"column":37},"end":{"line":49,"column":5}},"line":45},"10":{"name":"(anonymous_10)","decl":{"start":{"line":55,"column":2},"end":{"line":55,"column":3}},"loc":{"start":{"line":55,"column":13},"end":{"line":63,"column":3}},"line":55},"11":{"name":"(anonymous_11)","decl":{"start":{"line":57,"column":25},"end":{"line":57,"column":26}},"loc":{"start":{"line":57,"column":43},"end":{"line":61,"column":5}},"line":57},"12":{"name":"createGameSystemsIntegration","decl":{"start":{"line":67,"column":16},"end":{"line":67,"column":44}},"loc":{"start":{"line":67,"column":47},"end":{"line":69,"column":1}},"line":67}},"branchMap":{"0":{"loc":{"start":{"line":34,"column":4},"end":{"line":34,"column":34}},"type":"if","locations":[{"start":{"line":34,"column":4},"end":{"line":34,"column":34}},{"start":{},"end":{}}],"line":34},"1":{"loc":{"start":{"line":37,"column":6},"end":{"line":39,"column":7}},"type":"if","locations":[{"start":{"line":37,"column":6},"end":{"line":39,"column":7}},{"start":{},"end":{}}],"line":37},"2":{"loc":{"start":{"line":46,"column":6},"end":{"line":48,"column":7}},"type":"if","locations":[{"start":{"line":46,"column":6},"end":{"line":48,"column":7}},{"start":{},"end":{}}],"line":46},"3":{"loc":{"start":{"line":58,"column":6},"end":{"line":60,"column":7}},"type":"if","locations":[{"start":{"line":58,"column":6},"end":{"line":60,"column":7}},{"start":{},"end":{}}],"line":58}},"s":{"0":0,"1":0,"2":0,"3":0,"4":0,"5":0,"6":0,"7":0,"8":0,"9":0,"10":0,"11":0,"12":0,"13":0,"14":0,"15":0,"16":0,"17":0,"18":0,"19":0,"20":0,"21":0,"22":0,"23":0,"24":0,"25":0,"26":0},"f":{"0":0,"1":0,"2":0,"3":0,"4":0,"5":0,"6":0,"7":0,"8":0,"9":0,"10":0,"11":0,"12":0},"b":{"0":[0,0],"1":[0,0],"2":[0,0],"3":[0,0]},"_coverageSchema":"1a1c01bbd47fc00a2c39e90264f33305004495a9","hash":"ca7f2123c1e6d5b5c1aee81816269b4a22898286"}
,"C:\\Users\\ilyak\\Desktop\\side scroller\\side-scroller\\src\\systems\\integration.js": {"path":"C:\\Users\\ilyak\\Desktop\\side scroller\\side-scroller\\src\\systems\\integration.js","statementMap":{"0":{"start":{"line":5,"column":23},"end":{"line":8,"column":3}},"1":{"start":{"line":6,"column":12},"end":{"line":6,"column":34}},"2":{"start":{"line":7,"column":4},"end":{"line":7,"column":29}},"3":{"start":{"line":10,"column":21},"end":{"line":19,"column":3}},"4":{"start":{"line":21,"column":23},"end":{"line":30,"column":3}},"5":{"start":{"line":32,"column":20},"end":{"line":32,"column":70}},"6":{"start":{"line":33,"column":19},"end":{"line":33,"column":75}},"7":{"start":{"line":35,"column":2},"end":{"line":39,"column":4}},"8":{"start":{"line":44,"column":2},"end":{"line":44,"column":81}}},"fnMap":{"0":{"name":"generateWorldSet","decl":{"start":{"line":4,"column":16},"end":{"line":4,"column":32}},"loc":{"start":{"line":4,"column":39},"end":{"line":40,"column":1}},"line":4},"1":{"name":"(anonymous_1)","decl":{"start":{"line":5,"column":23},"end":{"line":5,"column":24}},"loc":{"start":{"line":5,"column":33},"end":{"line":8,"column":3}},"line":5},"2":{"name":"formatWorldSetDescription","decl":{"start":{"line":43,"column":16},"end":{"line":43,"column":41}},"loc":{"start":{"line":43,"column":52},"end":{"line":45,"column":1}},"line":43}},"branchMap":{},"s":{"0":0,"1":0,"2":0,"3":0,"4":0,"5":0,"6":0,"7":0,"8":0},"f":{"0":0,"1":0,"2":0},"b":{},"_coverageSchema":"1a1c01bbd47fc00a2c39e90264f33305004495a9","hash":"1726870b89bfed2ff00263400868886ac05d5146"}
,"C:\\Users\\ilyak\\Desktop\\side scroller\\side-scroller\\src\\systems\\leaderboard.js": {"path":"C:\\Users\\ilyak\\Desktop\\side scroller\\side-scroller\\src\\systems\\leaderboard.js","statementMap":{"0":{"start":{"line":5,"column":2},"end":{"line":25,"column":3}},"1":{"start":{"line":6,"column":24},"end":{"line":6,"column":36}},"2":{"start":{"line":7,"column":21},"end":{"line":11,"column":5}},"3":{"start":{"line":13,"column":4},"end":{"line":13,"column":31}},"4":{"start":{"line":15,"column":4},"end":{"line":15,"column":50}},"5":{"start":{"line":15,"column":31},"end":{"line":15,"column":48}},"6":{"start":{"line":16,"column":4},"end":{"line":18,"column":5}},"7":{"start":{"line":17,"column":6},"end":{"line":17,"column":29}},"8":{"start":{"line":20,"column":4},"end":{"line":20,"column":69}},"9":{"start":{"line":21,"column":4},"end":{"line":21,"column":16}},"10":{"start":{"line":23,"column":4},"end":{"line":23,"column":48}},"11":{"start":{"line":24,"column":4},"end":{"line":24,"column":17}},"12":{"start":{"line":30,"column":2},"end":{"line":36,"column":3}},"13":{"start":{"line":31,"column":24},"end":{"line":31,"column":59}},"14":{"start":{"line":32,"column":4},"end":{"line":32,"column":54}},"15":{"start":{"line":34,"column":4},"end":{"line":34,"column":50}},"16":{"start":{"line":35,"column":4},"end":{"line":35,"column":14}}},"fnMap":{"0":{"name":"saveScore","decl":{"start":{"line":4,"column":16},"end":{"line":4,"column":25}},"loc":{"start":{"line":4,"column":59},"end":{"line":26,"column":1}},"line":4},"1":{"name":"(anonymous_1)","decl":{"start":{"line":15,"column":21},"end":{"line":15,"column":22}},"loc":{"start":{"line":15,"column":31},"end":{"line":15,"column":48}},"line":15},"2":{"name":"loadScores","decl":{"start":{"line":29,"column":16},"end":{"line":29,"column":26}},"loc":{"start":{"line":29,"column":29},"end":{"line":37,"column":1}},"line":29}},"branchMap":{"0":{"loc":{"start":{"line":4,"column":33},"end":{"line":4,"column":57}},"type":"default-arg","locations":[{"start":{"line":4,"column":46},"end":{"line":4,"column":57}}],"line":4},"1":{"loc":{"start":{"line":16,"column":4},"end":{"line":18,"column":5}},"type":"if","locations":[{"start":{"line":16,"column":4},"end":{"line":18,"column":5}},{"start":{},"end":{}}],"line":16},"2":{"loc":{"start":{"line":32,"column":11},"end":{"line":32,"column":53}},"type":"cond-expr","locations":[{"start":{"line":32,"column":25},"end":{"line":32,"column":48}},{"start":{"line":32,"column":51},"end":{"line":32,"column":53}}],"line":32}},"s":{"0":18,"1":18,"2":18,"3":18,"4":18,"5":102,"6":18,"7":2,"8":18,"9":17,"10":1,"11":1,"12":22,"13":22,"14":21,"15":1,"16":1},"f":{"0":18,"1":102,"2":22},"b":{"0":[1],"1":[2,16],"2":[15,6]},"_coverageSchema":"1a1c01bbd47fc00a2c39e90264f33305004495a9","hash":"bebda13118a69929c702bd5a5d4735f75d76f4ae"}
,"C:\\Users\\ilyak\\Desktop\\side scroller\\side-scroller\\src\\systems\\level_generator.js": {"path":"C:\\Users\\ilyak\\Desktop\\side scroller\\side-scroller\\src\\systems\\level_generator.js","statementMap":{"0":{"start":{"line":3,"column":2},"end":{"line":8,"column":4}},"1":{"start":{"line":12,"column":2},"end":{"line":12,"column":29}}},"fnMap":{"0":{"name":"generateLevel","decl":{"start":{"line":2,"column":16},"end":{"line":2,"column":29}},"loc":{"start":{"line":2,"column":36},"end":{"line":9,"column":1}},"line":2},"1":{"name":"formatLevelDescription","decl":{"start":{"line":11,"column":16},"end":{"line":11,"column":38}},"loc":{"start":{"line":11,"column":46},"end":{"line":13,"column":1}},"line":11}},"branchMap":{},"s":{"0":0,"1":0},"f":{"0":0,"1":0},"b":{},"_coverageSchema":"1a1c01bbd47fc00a2c39e90264f33305004495a9","hash":"5d72e435a7b475cc8c9757c7e3227dda73043f83"}
,"C:\\Users\\ilyak\\Desktop\\side scroller\\side-scroller\\src\\systems\\meditations.js": {"path":"C:\\Users\\ilyak\\Desktop\\side scroller\\side-scroller\\src\\systems\\meditations.js","statementMap":{"0":{"start":{"line":4,"column":27},"end":{"line":40,"column":1}},"1":{"start":{"line":44,"column":16},"end":{"line":44,"column":53}},"2":{"start":{"line":45,"column":2},"end":{"line":45,"column":28}}},"fnMap":{"0":{"name":"pickMeditation","decl":{"start":{"line":43,"column":16},"end":{"line":43,"column":30}},"loc":{"start":{"line":43,"column":53},"end":{"line":46,"column":1}},"line":43}},"branchMap":{"0":{"loc":{"start":{"line":43,"column":31},"end":{"line":43,"column":51}},"type":"default-arg","locations":[{"start":{"line":43,"column":38},"end":{"line":43,"column":51}}],"line":43}},"s":{"0":1,"1":2,"2":2},"f":{"0":2},"b":{"0":[0]},"_coverageSchema":"1a1c01bbd47fc00a2c39e90264f33305004495a9","hash":"a5b41f97e147eec8d99d24acb74da4f1e2106a7c"}
,"C:\\Users\\ilyak\\Desktop\\side scroller\\side-scroller\\src\\systems\\mnemonic_anchors.js": {"path":"C:\\Users\\ilyak\\Desktop\\side scroller\\side-scroller\\src\\systems\\mnemonic_anchors.js","statementMap":{"0":{"start":{"line":6,"column":4},"end":{"line":6,"column":33}},"1":{"start":{"line":7,"column":4},"end":{"line":7,"column":22}},"2":{"start":{"line":12,"column":19},"end":{"line":17,"column":5}},"3":{"start":{"line":19,"column":4},"end":{"line":19,"column":30}},"4":{"start":{"line":22,"column":4},"end":{"line":24,"column":5}},"5":{"start":{"line":23,"column":6},"end":{"line":23,"column":27}},"6":{"start":{"line":26,"column":4},"end":{"line":26,"column":21}},"7":{"start":{"line":31,"column":19},"end":{"line":31,"column":62}},"8":{"start":{"line":31,"column":44},"end":{"line":31,"column":61}},"9":{"start":{"line":32,"column":4},"end":{"line":34,"column":5}},"10":{"start":{"line":33,"column":6},"end":{"line":33,"column":54}},"11":{"start":{"line":35,"column":4},"end":{"line":35,"column":16}},"12":{"start":{"line":40,"column":4},"end":{"line":40,"column":29}},"13":{"start":{"line":45,"column":4},"end":{"line":45,"column":65}},"14":{"start":{"line":45,"column":46},"end":{"line":45,"column":63}},"15":{"start":{"line":50,"column":4},"end":{"line":50,"column":22}},"16":{"start":{"line":56,"column":2},"end":{"line":56,"column":41}}},"fnMap":{"0":{"name":"(anonymous_0)","decl":{"start":{"line":5,"column":2},"end":{"line":5,"column":3}},"loc":{"start":{"line":5,"column":30},"end":{"line":8,"column":3}},"line":5},"1":{"name":"(anonymous_1)","decl":{"start":{"line":11,"column":2},"end":{"line":11,"column":3}},"loc":{"start":{"line":11,"column":40},"end":{"line":27,"column":3}},"line":11},"2":{"name":"(anonymous_2)","decl":{"start":{"line":30,"column":2},"end":{"line":30,"column":3}},"loc":{"start":{"line":30,"column":26},"end":{"line":36,"column":3}},"line":30},"3":{"name":"(anonymous_3)","decl":{"start":{"line":31,"column":37},"end":{"line":31,"column":38}},"loc":{"start":{"line":31,"column":44},"end":{"line":31,"column":61}},"line":31},"4":{"name":"(anonymous_4)","decl":{"start":{"line":39,"column":2},"end":{"line":39,"column":3}},"loc":{"start":{"line":39,"column":15},"end":{"line":41,"column":3}},"line":39},"5":{"name":"(anonymous_5)","decl":{"start":{"line":44,"column":2},"end":{"line":44,"column":3}},"loc":{"start":{"line":44,"column":25},"end":{"line":46,"column":3}},"line":44},"6":{"name":"(anonymous_6)","decl":{"start":{"line":45,"column":39},"end":{"line":45,"column":40}},"loc":{"start":{"line":45,"column":46},"end":{"line":45,"column":63}},"line":45},"7":{"name":"(anonymous_7)","decl":{"start":{"line":49,"column":2},"end":{"line":49,"column":3}},"loc":{"start":{"line":49,"column":17},"end":{"line":51,"column":3}},"line":49},"8":{"name":"createMnemonicAnchors","decl":{"start":{"line":55,"column":16},"end":{"line":55,"column":37}},"loc":{"start":{"line":55,"column":50},"end":{"line":57,"column":1}},"line":55}},"branchMap":{"0":{"loc":{"start":{"line":5,"column":14},"end":{"line":5,"column":28}},"type":"default-arg","locations":[{"start":{"line":5,"column":27},"end":{"line":5,"column":28}}],"line":5},"1":{"loc":{"start":{"line":11,"column":22},"end":{"line":11,"column":38}},"type":"default-arg","locations":[{"start":{"line":11,"column":30},"end":{"line":11,"column":38}}],"line":11},"2":{"loc":{"start":{"line":22,"column":4},"end":{"line":24,"column":5}},"type":"if","locations":[{"start":{"line":22,"column":4},"end":{"line":24,"column":5}},{"start":{},"end":{}}],"line":22},"3":{"loc":{"start":{"line":32,"column":4},"end":{"line":34,"column":5}},"type":"if","locations":[{"start":{"line":32,"column":4},"end":{"line":34,"column":5}},{"start":{},"end":{}}],"line":32}},"s":{"0":12,"1":12,"2":13,"3":13,"4":13,"5":1,"6":13,"7":2,"8":1,"9":2,"10":1,"11":1,"12":1,"13":2,"14":4,"15":1,"16":2},"f":{"0":12,"1":13,"2":2,"3":1,"4":1,"5":2,"6":4,"7":1,"8":2},"b":{"0":[9],"1":[4],"2":[1,12],"3":[1,1]},"_coverageSchema":"1a1c01bbd47fc00a2c39e90264f33305004495a9","hash":"d223be4cbf31d5ef1326c831c68c84f5bdbccbba"}
,"C:\\Users\\ilyak\\Desktop\\side scroller\\side-scroller\\src\\systems\\noosphere_sync.js": {"path":"C:\\Users\\ilyak\\Desktop\\side scroller\\side-scroller\\src\\systems\\noosphere_sync.js","statementMap":{"0":{"start":{"line":8,"column":2},"end":{"line":8,"column":18}}},"fnMap":{"0":{"name":"syncPublish","decl":{"start":{"line":2,"column":16},"end":{"line":2,"column":27}},"loc":{"start":{"line":2,"column":30},"end":{"line":4,"column":1}},"line":2},"1":{"name":"syncSubscribe","decl":{"start":{"line":6,"column":16},"end":{"line":6,"column":29}},"loc":{"start":{"line":6,"column":32},"end":{"line":9,"column":1}},"line":6},"2":{"name":"(anonymous_2)","decl":{"start":{"line":8,"column":9},"end":{"line":8,"column":10}},"loc":{"start":{"line":8,"column":15},"end":{"line":8,"column":17}},"line":8}},"branchMap":{},"s":{"0":0},"f":{"0":0,"1":0,"2":0},"b":{},"_coverageSchema":"1a1c01bbd47fc00a2c39e90264f33305004495a9","hash":"b0921e7a90712efdfd2794bfb14e110a7119153f"}
,"C:\\Users\\ilyak\\Desktop\\side scroller\\side-scroller\\src\\systems\\particles.js": {"path":"C:\\Users\\ilyak\\Desktop\\side scroller\\side-scroller\\src\\systems\\particles.js","statementMap":{"0":{"start":{"line":3,"column":2},"end":{"line":7,"column":4}}},"fnMap":{"0":{"name":"createParticleEmitter","decl":{"start":{"line":2,"column":16},"end":{"line":2,"column":37}},"loc":{"start":{"line":2,"column":40},"end":{"line":8,"column":1}},"line":2},"1":{"name":"(anonymous_1)","decl":{"start":{"line":4,"column":10},"end":{"line":4,"column":11}},"loc":{"start":{"line":4,"column":16},"end":{"line":4,"column":18}},"line":4},"2":{"name":"(anonymous_2)","decl":{"start":{"line":5,"column":12},"end":{"line":5,"column":13}},"loc":{"start":{"line":5,"column":18},"end":{"line":5,"column":20}},"line":5},"3":{"name":"(anonymous_3)","decl":{"start":{"line":6,"column":13},"end":{"line":6,"column":14}},"loc":{"start":{"line":6,"column":19},"end":{"line":6,"column":21}},"line":6}},"branchMap":{},"s":{"0":0},"f":{"0":0,"1":0,"2":0,"3":0},"b":{},"_coverageSchema":"1a1c01bbd47fc00a2c39e90264f33305004495a9","hash":"459b4666e838212430be542a7bdfc52b59b7cd09"}
,"C:\\Users\\ilyak\\Desktop\\side scroller\\side-scroller\\src\\systems\\perception_shifts.js": {"path":"C:\\Users\\ilyak\\Desktop\\side scroller\\side-scroller\\src\\systems\\perception_shifts.js","statementMap":{"0":{"start":{"line":4,"column":4},"end":{"line":4,"column":24}},"1":{"start":{"line":14,"column":4},"end":{"line":14,"column":23}},"2":{"start":{"line":23,"column":2},"end":{"line":23,"column":35}},"3":{"start":{"line":27,"column":2},"end":{"line":27,"column":28}}},"fnMap":{"0":{"name":"(anonymous_0)","decl":{"start":{"line":3,"column":2},"end":{"line":3,"column":3}},"loc":{"start":{"line":3,"column":16},"end":{"line":5,"column":3}},"line":3},"1":{"name":"(anonymous_1)","decl":{"start":{"line":7,"column":2},"end":{"line":7,"column":3}},"loc":{"start":{"line":7,"column":10},"end":{"line":9,"column":3}},"line":7},"2":{"name":"(anonymous_2)","decl":{"start":{"line":13,"column":2},"end":{"line":13,"column":3}},"loc":{"start":{"line":13,"column":16},"end":{"line":15,"column":3}},"line":13},"3":{"name":"(anonymous_3)","decl":{"start":{"line":17,"column":2},"end":{"line":17,"column":3}},"loc":{"start":{"line":17,"column":10},"end":{"line":19,"column":3}},"line":17},"4":{"name":"createPerceptionInversion","decl":{"start":{"line":22,"column":16},"end":{"line":22,"column":41}},"loc":{"start":{"line":22,"column":44},"end":{"line":24,"column":1}},"line":22},"5":{"name":"createTunnelVision","decl":{"start":{"line":26,"column":16},"end":{"line":26,"column":34}},"loc":{"start":{"line":26,"column":37},"end":{"line":28,"column":1}},"line":26}},"branchMap":{},"s":{"0":0,"1":0,"2":0,"3":0},"f":{"0":0,"1":0,"2":0,"3":0,"4":0,"5":0},"b":{},"_coverageSchema":"1a1c01bbd47fc00a2c39e90264f33305004495a9","hash":"cb2da2006271f762aa371b876bc45848f4c92130"}
,"C:\\Users\\ilyak\\Desktop\\side scroller\\side-scroller\\src\\systems\\proc_gen.js": {"path":"C:\\Users\\ilyak\\Desktop\\side scroller\\side-scroller\\src\\systems\\proc_gen.js","statementMap":{"0":{"start":{"line":3,"column":14},"end":{"line":3,"column":46}},"1":{"start":{"line":4,"column":17},"end":{"line":11,"column":3}},"2":{"start":{"line":12,"column":20},"end":{"line":22,"column":3}},"3":{"start":{"line":23,"column":16},"end":{"line":23,"column":71}},"4":{"start":{"line":24,"column":21},"end":{"line":24,"column":65}},"5":{"start":{"line":25,"column":19},"end":{"line":25,"column":44}},"6":{"start":{"line":26,"column":15},"end":{"line":26,"column":17}},"7":{"start":{"line":27,"column":15},"end":{"line":27,"column":24}},"8":{"start":{"line":28,"column":2},"end":{"line":34,"column":3}},"9":{"start":{"line":29,"column":14},"end":{"line":29,"column":61}},"10":{"start":{"line":30,"column":4},"end":{"line":33,"column":5}},"11":{"start":{"line":31,"column":6},"end":{"line":31,"column":18}},"12":{"start":{"line":32,"column":6},"end":{"line":32,"column":19}},"13":{"start":{"line":35,"column":16},"end":{"line":40,"column":3}},"14":{"start":{"line":41,"column":2},"end":{"line":41,"column":81}},"15":{"start":{"line":43,"column":33},"end":{"line":49,"column":1}},"16":{"start":{"line":52,"column":17},"end":{"line":52,"column":79}},"17":{"start":{"line":53,"column":12},"end":{"line":53,"column":53}},"18":{"start":{"line":54,"column":2},"end":{"line":54,"column":27}},"19":{"start":{"line":59,"column":13},"end":{"line":59,"column":16}},"20":{"start":{"line":60,"column":2},"end":{"line":64,"column":5}},"21":{"start":{"line":61,"column":4},"end":{"line":61,"column":69}},"22":{"start":{"line":61,"column":57},"end":{"line":61,"column":69}},"23":{"start":{"line":62,"column":4},"end":{"line":62,"column":70}},"24":{"start":{"line":62,"column":57},"end":{"line":62,"column":70}},"25":{"start":{"line":63,"column":4},"end":{"line":63,"column":67}},"26":{"start":{"line":63,"column":55},"end":{"line":63,"column":67}},"27":{"start":{"line":65,"column":2},"end":{"line":65,"column":27}},"28":{"start":{"line":70,"column":12},"end":{"line":70,"column":15}},"29":{"start":{"line":71,"column":8},"end":{"line":71,"column":10}},"30":{"start":{"line":72,"column":17},"end":{"line":72,"column":49}},"31":{"start":{"line":73,"column":2},"end":{"line":73,"column":19}},"32":{"start":{"line":74,"column":2},"end":{"line":74,"column":20}},"33":{"start":{"line":75,"column":2},"end":{"line":75,"column":36}},"34":{"start":{"line":76,"column":2},"end":{"line":76,"column":33}},"35":{"start":{"line":77,"column":14},"end":{"line":77,"column":37}},"36":{"start":{"line":79,"column":14},"end":{"line":79,"column":68}},"37":{"start":{"line":80,"column":2},"end":{"line":80,"column":39}},"38":{"start":{"line":81,"column":2},"end":{"line":81,"column":27}},"39":{"start":{"line":83,"column":14},"end":{"line":83,"column":73}},"40":{"start":{"line":84,"column":2},"end":{"line":89,"column":3}},"41":{"start":{"line":84,"column":15},"end":{"line":84,"column":16}},"42":{"start":{"line":85,"column":14},"end":{"line":85,"column":29}},"43":{"start":{"line":86,"column":16},"end":{"line":86,"column":43}},"44":{"start":{"line":87,"column":4},"end":{"line":87,"column":59}},"45":{"start":{"line":88,"column":4},"end":{"line":88,"column":50}},"46":{"start":{"line":91,"column":2},"end":{"line":91,"column":32}},"47":{"start":{"line":92,"column":2},"end":{"line":92,"column":16}},"48":{"start":{"line":96,"column":17},"end":{"line":96,"column":66}},"49":{"start":{"line":97,"column":16},"end":{"line":102,"column":3}},"50":{"start":{"line":103,"column":16},"end":{"line":103,"column":68}},"51":{"start":{"line":104,"column":15},"end":{"line":104,"column":70}},"52":{"start":{"line":105,"column":14},"end":{"line":105,"column":46}},"53":{"start":{"line":106,"column":16},"end":{"line":106,"column":57}},"54":{"start":{"line":107,"column":15},"end":{"line":107,"column":54}},"55":{"start":{"line":108,"column":15},"end":{"line":108,"column":54}},"56":{"start":{"line":109,"column":14},"end":{"line":109,"column":51}},"57":{"start":{"line":110,"column":2},"end":{"line":112,"column":6}}},"fnMap":{"0":{"name":"generateSessionParameters","decl":{"start":{"line":2,"column":16},"end":{"line":2,"column":41}},"loc":{"start":{"line":2,"column":59},"end":{"line":42,"column":1}},"line":2},"1":{"name":"generateSessionName","decl":{"start":{"line":51,"column":16},"end":{"line":51,"column":35}},"loc":{"start":{"line":51,"column":60},"end":{"line":55,"column":1}},"line":51},"2":{"name":"applyMoodFromModifiers","decl":{"start":{"line":57,"column":16},"end":{"line":57,"column":38}},"loc":{"start":{"line":57,"column":50},"end":{"line":66,"column":1}},"line":57},"3":{"name":"(anonymous_3)","decl":{"start":{"line":60,"column":20},"end":{"line":60,"column":21}},"loc":{"start":{"line":60,"column":27},"end":{"line":64,"column":3}},"line":60},"4":{"name":"renderLevelPreview","decl":{"start":{"line":68,"column":16},"end":{"line":68,"column":34}},"loc":{"start":{"line":68,"column":53},"end":{"line":93,"column":1}},"line":68},"5":{"name":"generateMicroStory","decl":{"start":{"line":95,"column":16},"end":{"line":95,"column":34}},"loc":{"start":{"line":95,"column":59},"end":{"line":113,"column":1}},"line":95}},"branchMap":{"0":{"loc":{"start":{"line":2,"column":48},"end":{"line":2,"column":57}},"type":"default-arg","locations":[{"start":{"line":2,"column":55},"end":{"line":2,"column":57}}],"line":2},"1":{"loc":{"start":{"line":3,"column":27},"end":{"line":3,"column":45}},"type":"binary-expr","locations":[{"start":{"line":3,"column":27},"end":{"line":3,"column":31}},{"start":{"line":3,"column":35},"end":{"line":3,"column":45}}],"line":3},"2":{"loc":{"start":{"line":23,"column":16},"end":{"line":23,"column":71}},"type":"binary-expr","locations":[{"start":{"line":23,"column":16},"end":{"line":23,"column":26}},{"start":{"line":23,"column":30},"end":{"line":23,"column":71}}],"line":23},"3":{"loc":{"start":{"line":24,"column":21},"end":{"line":24,"column":65}},"type":"binary-expr","locations":[{"start":{"line":24,"column":21},"end":{"line":24,"column":36}},{"start":{"line":24,"column":40},"end":{"line":24,"column":65}}],"line":24},"4":{"loc":{"start":{"line":30,"column":4},"end":{"line":33,"column":5}},"type":"if","locations":[{"start":{"line":30,"column":4},"end":{"line":33,"column":5}},{"start":{},"end":{}}],"line":30},"5":{"loc":{"start":{"line":41,"column":17},"end":{"line":41,"column":35}},"type":"binary-expr","locations":[{"start":{"line":41,"column":17},"end":{"line":41,"column":21}},{"start":{"line":41,"column":25},"end":{"line":41,"column":35}}],"line":41},"6":{"loc":{"start":{"line":53,"column":12},"end":{"line":53,"column":53}},"type":"binary-expr","locations":[{"start":{"line":53,"column":12},"end":{"line":53,"column":40}},{"start":{"line":53,"column":44},"end":{"line":53,"column":53}}],"line":53},"7":{"loc":{"start":{"line":61,"column":4},"end":{"line":61,"column":69}},"type":"if","locations":[{"start":{"line":61,"column":4},"end":{"line":61,"column":69}},{"start":{},"end":{}}],"line":61},"8":{"loc":{"start":{"line":61,"column":8},"end":{"line":61,"column":55}},"type":"binary-expr","locations":[{"start":{"line":61,"column":8},"end":{"line":61,"column":30}},{"start":{"line":61,"column":34},"end":{"line":61,"column":55}}],"line":61},"9":{"loc":{"start":{"line":62,"column":4},"end":{"line":62,"column":70}},"type":"if","locations":[{"start":{"line":62,"column":4},"end":{"line":62,"column":70}},{"start":{},"end":{}}],"line":62},"10":{"loc":{"start":{"line":62,"column":8},"end":{"line":62,"column":55}},"type":"binary-expr","locations":[{"start":{"line":62,"column":8},"end":{"line":62,"column":30}},{"start":{"line":62,"column":34},"end":{"line":62,"column":55}}],"line":62},"11":{"loc":{"start":{"line":63,"column":4},"end":{"line":63,"column":67}},"type":"if","locations":[{"start":{"line":63,"column":4},"end":{"line":63,"column":67}},{"start":{},"end":{}}],"line":63},"12":{"loc":{"start":{"line":63,"column":8},"end":{"line":63,"column":53}},"type":"binary-expr","locations":[{"start":{"line":63,"column":8},"end":{"line":63,"column":30}},{"start":{"line":63,"column":34},"end":{"line":63,"column":53}}],"line":63},"13":{"loc":{"start":{"line":79,"column":14},"end":{"line":79,"column":68}},"type":"cond-expr","locations":[{"start":{"line":79,"column":41},"end":{"line":79,"column":62}},{"start":{"line":79,"column":65},"end":{"line":79,"column":68}}],"line":79},"14":{"loc":{"start":{"line":79,"column":14},"end":{"line":79,"column":38}},"type":"binary-expr","locations":[{"start":{"line":79,"column":14},"end":{"line":79,"column":19}},{"start":{"line":79,"column":23},"end":{"line":79,"column":38}}],"line":79},"15":{"loc":{"start":{"line":83,"column":27},"end":{"line":83,"column":72}},"type":"cond-expr","locations":[{"start":{"line":83,"column":49},"end":{"line":83,"column":59}},{"start":{"line":83,"column":62},"end":{"line":83,"column":72}}],"line":83},"16":{"loc":{"start":{"line":83,"column":27},"end":{"line":83,"column":46}},"type":"binary-expr","locations":[{"start":{"line":83,"column":27},"end":{"line":83,"column":32}},{"start":{"line":83,"column":36},"end":{"line":83,"column":46}}],"line":83},"17":{"loc":{"start":{"line":105,"column":27},"end":{"line":105,"column":45}},"type":"binary-expr","locations":[{"start":{"line":105,"column":27},"end":{"line":105,"column":31}},{"start":{"line":105,"column":35},"end":{"line":105,"column":45}}],"line":105}},"s":{"0":10,"1":10,"2":10,"3":10,"4":10,"5":10,"6":10,"7":10,"8":10,"9":48,"10":48,"11":30,"12":30,"13":10,"14":10,"15":4,"16":9,"17":9,"18":9,"19":10,"20":10,"21":12,"22":5,"23":12,"24":4,"25":12,"26":3,"27":10,"28":5,"29":5,"30":5,"31":5,"32":5,"33":5,"34":5,"35":5,"36":5,"37":5,"38":5,"39":5,"40":5,"41":5,"42":40,"43":40,"44":40,"45":40,"46":5,"47":5,"48":8,"49":8,"50":8,"51":8,"52":8,"53":8,"54":8,"55":8,"56":8,"57":8},"f":{"0":10,"1":9,"2":10,"3":12,"4":5,"5":8},"b":{"0":[8],"1":[10,0],"2":[10,9],"3":[10,9],"4":[30,18],"5":[10,0],"6":[9,0],"7":[5,7],"8":[12,9],"9":[4,8],"10":[12,9],"11":[3,9],"12":[12,10],"13":[2,3],"14":[5,5],"15":[5,0],"16":[5,5],"17":[8,0]},"_coverageSchema":"1a1c01bbd47fc00a2c39e90264f33305004495a9","hash":"4310977f6a94dcc5b17be84a22473ca916fe1b04"}
,"C:\\Users\\ilyak\\Desktop\\side scroller\\side-scroller\\src\\systems\\proprioceptive_drift.js": {"path":"C:\\Users\\ilyak\\Desktop\\side scroller\\side-scroller\\src\\systems\\proprioceptive_drift.js","statementMap":{"0":{"start":{"line":4,"column":4},"end":{"line":4,"column":19}},"1":{"start":{"line":13,"column":2},"end":{"line":13,"column":35}}},"fnMap":{"0":{"name":"(anonymous_0)","decl":{"start":{"line":3,"column":2},"end":{"line":3,"column":3}},"loc":{"start":{"line":3,"column":16},"end":{"line":5,"column":3}},"line":3},"1":{"name":"(anonymous_1)","decl":{"start":{"line":7,"column":2},"end":{"line":7,"column":3}},"loc":{"start":{"line":7,"column":11},"end":{"line":9,"column":3}},"line":7},"2":{"name":"createProprioceptiveDrift","decl":{"start":{"line":12,"column":16},"end":{"line":12,"column":41}},"loc":{"start":{"line":12,"column":44},"end":{"line":14,"column":1}},"line":12}},"branchMap":{},"s":{"0":0,"1":0},"f":{"0":0,"1":0,"2":0},"b":{},"_coverageSchema":"1a1c01bbd47fc00a2c39e90264f33305004495a9","hash":"f2c0ad586cdf5a451d8c75dab94ba7fda6e301bf"}
,"C:\\Users\\ilyak\\Desktop\\side scroller\\side-scroller\\src\\systems\\seasonal_modifiers.js": {"path":"C:\\Users\\ilyak\\Desktop\\side scroller\\side-scroller\\src\\systems\\seasonal_modifiers.js","statementMap":{"0":{"start":{"line":4,"column":4},"end":{"line":4,"column":24}},"1":{"start":{"line":13,"column":2},"end":{"line":13,"column":39}},"2":{"start":{"line":17,"column":2},"end":{"line":17,"column":34}}},"fnMap":{"0":{"name":"(anonymous_0)","decl":{"start":{"line":3,"column":2},"end":{"line":3,"column":3}},"loc":{"start":{"line":3,"column":16},"end":{"line":5,"column":3}},"line":3},"1":{"name":"(anonymous_1)","decl":{"start":{"line":7,"column":2},"end":{"line":7,"column":3}},"loc":{"start":{"line":7,"column":19},"end":{"line":9,"column":3}},"line":7},"2":{"name":"createSeasonalModifiersSystem","decl":{"start":{"line":12,"column":16},"end":{"line":12,"column":45}},"loc":{"start":{"line":12,"column":48},"end":{"line":14,"column":1}},"line":12},"3":{"name":"formatSeasonInfo","decl":{"start":{"line":16,"column":16},"end":{"line":16,"column":32}},"loc":{"start":{"line":16,"column":35},"end":{"line":18,"column":1}},"line":16}},"branchMap":{},"s":{"0":0,"1":0,"2":0},"f":{"0":0,"1":0,"2":0,"3":0},"b":{},"_coverageSchema":"1a1c01bbd47fc00a2c39e90264f33305004495a9","hash":"474430f531ee75af0514d5369c6b92497a076103"}
,"C:\\Users\\ilyak\\Desktop\\side scroller\\side-scroller\\src\\systems\\visuals.js": {"path":"C:\\Users\\ilyak\\Desktop\\side scroller\\side-scroller\\src\\systems\\visuals.js","statementMap":{},"fnMap":{"0":{"name":"initVisuals","decl":{"start":{"line":2,"column":16},"end":{"line":2,"column":27}},"loc":{"start":{"line":2,"column":30},"end":{"line":4,"column":1}},"line":2}},"branchMap":{},"s":{},"f":{"0":0},"b":{},"_coverageSchema":"1a1c01bbd47fc00a2c39e90264f33305004495a9","hash":"366e60c176fa15bd9ad49acc56500e56acfa5c52"}
,"C:\\Users\\ilyak\\Desktop\\side scroller\\side-scroller\\src\\systems\\world_generator.js": {"path":"C:\\Users\\ilyak\\Desktop\\side scroller\\side-scroller\\src\\systems\\world_generator.js","statementMap":{"0":{"start":{"line":5,"column":14},"end":{"line":5,"column":31}},"1":{"start":{"line":6,"column":2},"end":{"line":6,"column":38}},"2":{"start":{"line":6,"column":18},"end":{"line":6,"column":38}},"3":{"start":{"line":8,"column":2},"end":{"line":11,"column":4}},"4":{"start":{"line":9,"column":4},"end":{"line":9,"column":41}},"5":{"start":{"line":10,"column":4},"end":{"line":10,"column":36}},"6":{"start":{"line":16,"column":16},"end":{"line":16,"column":79}},"7":{"start":{"line":17,"column":20},"end":{"line":17,"column":78}},"8":{"start":{"line":19,"column":14},"end":{"line":19,"column":32}},"9":{"start":{"line":20,"column":15},"end":{"line":20,"column":54}},"10":{"start":{"line":21,"column":19},"end":{"line":21,"column":66}},"11":{"start":{"line":23,"column":2},"end":{"line":35,"column":4}},"12":{"start":{"line":40,"column":16},"end":{"line":40,"column":49}},"13":{"start":{"line":41,"column":2},"end":{"line":43,"column":60}}},"fnMap":{"0":{"name":"pseudoRandom","decl":{"start":{"line":4,"column":16},"end":{"line":4,"column":28}},"loc":{"start":{"line":4,"column":35},"end":{"line":12,"column":1}},"line":4},"1":{"name":"(anonymous_1)","decl":{"start":{"line":8,"column":9},"end":{"line":8,"column":10}},"loc":{"start":{"line":8,"column":21},"end":{"line":11,"column":3}},"line":8},"2":{"name":"generateWorldObject","decl":{"start":{"line":15,"column":16},"end":{"line":15,"column":35}},"loc":{"start":{"line":15,"column":58},"end":{"line":36,"column":1}},"line":15},"3":{"name":"formatWorldObjectDescription","decl":{"start":{"line":39,"column":16},"end":{"line":39,"column":44}},"loc":{"start":{"line":39,"column":58},"end":{"line":44,"column":1}},"line":39}},"branchMap":{"0":{"loc":{"start":{"line":6,"column":2},"end":{"line":6,"column":38}},"type":"if","locations":[{"start":{"line":6,"column":2},"end":{"line":6,"column":38}},{"start":{},"end":{}}],"line":6},"1":{"loc":{"start":{"line":15,"column":36},"end":{"line":15,"column":56}},"type":"default-arg","locations":[{"start":{"line":15,"column":43},"end":{"line":15,"column":56}}],"line":15},"2":{"loc":{"start":{"line":31,"column":6},"end":{"line":31,"column":40}},"type":"cond-expr","locations":[{"start":{"line":31,"column":20},"end":{"line":31,"column":33}},{"start":{"line":31,"column":36},"end":{"line":31,"column":40}}],"line":31},"3":{"loc":{"start":{"line":32,"column":6},"end":{"line":32,"column":41}},"type":"cond-expr","locations":[{"start":{"line":32,"column":20},"end":{"line":32,"column":34}},{"start":{"line":32,"column":37},"end":{"line":32,"column":41}}],"line":32},"4":{"loc":{"start":{"line":33,"column":6},"end":{"line":33,"column":36}},"type":"cond-expr","locations":[{"start":{"line":33,"column":20},"end":{"line":33,"column":29}},{"start":{"line":33,"column":32},"end":{"line":33,"column":36}}],"line":33},"5":{"loc":{"start":{"line":43,"column":5},"end":{"line":43,"column":30}},"type":"cond-expr","locations":[{"start":{"line":43,"column":13},"end":{"line":43,"column":25}},{"start":{"line":43,"column":28},"end":{"line":43,"column":30}}],"line":43}},"s":{"0":4,"1":4,"2":0,"3":4,"4":20,"5":20,"6":2,"7":2,"8":2,"9":2,"10":2,"11":2,"12":1,"13":1},"f":{"0":4,"1":20,"2":2,"3":1},"b":{"0":[0,4],"1":[0],"2":[2,0],"3":[0,2],"4":[0,2],"5":[1,0]},"_coverageSchema":"1a1c01bbd47fc00a2c39e90264f33305004495a9","hash":"576603335940d78e4fa50c65ae83106c1f1f8b80"}
,"C:\\Users\\ilyak\\Desktop\\side scroller\\side-scroller\\src\\ui\\app.js": {"path":"C:\\Users\\ilyak\\Desktop\\side scroller\\side-scroller\\src\\ui\\app.js","statementMap":{"0":{"start":{"line":6,"column":21},"end":{"line":6,"column":25}},"1":{"start":{"line":7,"column":23},"end":{"line":7,"column":27}},"2":{"start":{"line":8,"column":22},"end":{"line":8,"column":26}},"3":{"start":{"line":9,"column":18},"end":{"line":9,"column":22}},"4":{"start":{"line":22,"column":2},"end":{"line":22,"column":43}},"5":{"start":{"line":23,"column":2},"end":{"line":23,"column":49}},"6":{"start":{"line":24,"column":2},"end":{"line":24,"column":53}},"7":{"start":{"line":25,"column":2},"end":{"line":25,"column":51}},"8":{"start":{"line":26,"column":2},"end":{"line":26,"column":60}},"9":{"start":{"line":28,"column":2},"end":{"line":28,"column":52}},"10":{"start":{"line":29,"column":2},"end":{"line":29,"column":56}},"11":{"start":{"line":30,"column":2},"end":{"line":30,"column":58}},"12":{"start":{"line":31,"column":2},"end":{"line":31,"column":56}},"13":{"start":{"line":33,"column":2},"end":{"line":33,"column":56}},"14":{"start":{"line":34,"column":2},"end":{"line":34,"column":50}},"15":{"start":{"line":35,"column":2},"end":{"line":35,"column":48}},"16":{"start":{"line":36,"column":2},"end":{"line":36,"column":56}},"17":{"start":{"line":37,"column":2},"end":{"line":37,"column":48}},"18":{"start":{"line":38,"column":2},"end":{"line":38,"column":48}},"19":{"start":{"line":40,"column":2},"end":{"line":40,"column":60}},"20":{"start":{"line":41,"column":2},"end":{"line":41,"column":69}},"21":{"start":{"line":42,"column":2},"end":{"line":42,"column":75}},"22":{"start":{"line":43,"column":2},"end":{"line":43,"column":67}},"23":{"start":{"line":45,"column":2},"end":{"line":45,"column":58}},"24":{"start":{"line":46,"column":2},"end":{"line":46,"column":67}},"25":{"start":{"line":47,"column":2},"end":{"line":47,"column":73}},"26":{"start":{"line":48,"column":2},"end":{"line":48,"column":65}},"27":{"start":{"line":50,"column":2},"end":{"line":50,"column":52}},"28":{"start":{"line":51,"column":2},"end":{"line":51,"column":50}},"29":{"start":{"line":52,"column":2},"end":{"line":52,"column":53}},"30":{"start":{"line":55,"column":2},"end":{"line":55,"column":63}},"31":{"start":{"line":56,"column":2},"end":{"line":56,"column":66}},"32":{"start":{"line":57,"column":2},"end":{"line":57,"column":64}},"33":{"start":{"line":59,"column":2},"end":{"line":59,"column":62}},"34":{"start":{"line":60,"column":2},"end":{"line":60,"column":55}},"35":{"start":{"line":61,"column":2},"end":{"line":61,"column":63}},"36":{"start":{"line":62,"column":2},"end":{"line":62,"column":55}},"37":{"start":{"line":63,"column":2},"end":{"line":63,"column":54}},"38":{"start":{"line":65,"column":2},"end":{"line":65,"column":73}},"39":{"start":{"line":66,"column":2},"end":{"line":66,"column":74}},"40":{"start":{"line":67,"column":2},"end":{"line":67,"column":63}},"41":{"start":{"line":69,"column":2},"end":{"line":69,"column":71}},"42":{"start":{"line":70,"column":2},"end":{"line":70,"column":72}},"43":{"start":{"line":71,"column":2},"end":{"line":71,"column":62}},"44":{"start":{"line":73,"column":2},"end":{"line":73,"column":56}},"45":{"start":{"line":76,"column":20},"end":{"line":76,"column":63}},"46":{"start":{"line":77,"column":18},"end":{"line":77,"column":39}},"47":{"start":{"line":78,"column":2},"end":{"line":80,"column":3}},"48":{"start":{"line":79,"column":4},"end":{"line":79,"column":30}},"49":{"start":{"line":84,"column":2},"end":{"line":99,"column":5}},"50":{"start":{"line":85,"column":4},"end":{"line":85,"column":23}},"51":{"start":{"line":86,"column":4},"end":{"line":86,"column":23}},"52":{"start":{"line":87,"column":23},"end":{"line":87,"column":61}},"53":{"start":{"line":88,"column":4},"end":{"line":88,"column":39}},"54":{"start":{"line":89,"column":4},"end":{"line":98,"column":7}},"55":{"start":{"line":90,"column":6},"end":{"line":90,"column":40}},"56":{"start":{"line":91,"column":6},"end":{"line":91,"column":30}},"57":{"start":{"line":92,"column":6},"end":{"line":97,"column":9}},"58":{"start":{"line":93,"column":8},"end":{"line":95,"column":9}},"59":{"start":{"line":94,"column":10},"end":{"line":94,"column":58}},"60":{"start":{"line":96,"column":8},"end":{"line":96,"column":30}},"61":{"start":{"line":104,"column":15},"end":{"line":104,"column":65}},"62":{"start":{"line":105,"column":2},"end":{"line":105,"column":21}},"63":{"start":{"line":106,"column":2},"end":{"line":106,"column":51}},"64":{"start":{"line":107,"column":2},"end":{"line":107,"column":16}},"65":{"start":{"line":111,"column":15},"end":{"line":111,"column":76}},"66":{"start":{"line":112,"column":2},"end":{"line":112,"column":21}},"67":{"start":{"line":113,"column":2},"end":{"line":113,"column":45}},"68":{"start":{"line":114,"column":2},"end":{"line":114,"column":18}},"69":{"start":{"line":118,"column":15},"end":{"line":118,"column":76}},"70":{"start":{"line":119,"column":2},"end":{"line":119,"column":21}},"71":{"start":{"line":120,"column":2},"end":{"line":120,"column":43}},"72":{"start":{"line":121,"column":2},"end":{"line":121,"column":17}},"73":{"start":{"line":125,"column":2},"end":{"line":125,"column":58}},"74":{"start":{"line":126,"column":2},"end":{"line":126,"column":16}},"75":{"start":{"line":130,"column":2},"end":{"line":130,"column":52}},"76":{"start":{"line":131,"column":2},"end":{"line":131,"column":18}},"77":{"start":{"line":135,"column":2},"end":{"line":135,"column":50}},"78":{"start":{"line":136,"column":2},"end":{"line":136,"column":17}},"79":{"start":{"line":140,"column":2},"end":{"line":140,"column":30}},"80":{"start":{"line":140,"column":23},"end":{"line":140,"column":30}},"81":{"start":{"line":143,"column":2},"end":{"line":143,"column":44}},"82":{"start":{"line":144,"column":2},"end":{"line":144,"column":135}},"83":{"start":{"line":147,"column":27},"end":{"line":147,"column":56}},"84":{"start":{"line":148,"column":2},"end":{"line":148,"column":43}},"85":{"start":{"line":149,"column":2},"end":{"line":149,"column":61}},"86":{"start":{"line":150,"column":2},"end":{"line":150,"column":42}},"87":{"start":{"line":153,"column":2},"end":{"line":153,"column":65}},"88":{"start":{"line":154,"column":2},"end":{"line":154,"column":41}},"89":{"start":{"line":158,"column":2},"end":{"line":158,"column":41}},"90":{"start":{"line":159,"column":2},"end":{"line":159,"column":26}},"91":{"start":{"line":160,"column":2},"end":{"line":160,"column":38}},"92":{"start":{"line":164,"column":2},"end":{"line":164,"column":30}},"93":{"start":{"line":164,"column":23},"end":{"line":164,"column":30}},"94":{"start":{"line":165,"column":18},"end":{"line":165,"column":51}},"95":{"start":{"line":166,"column":2},"end":{"line":166,"column":39}},"96":{"start":{"line":170,"column":2},"end":{"line":170,"column":32}},"97":{"start":{"line":170,"column":25},"end":{"line":170,"column":32}},"98":{"start":{"line":171,"column":18},"end":{"line":171,"column":62}},"99":{"start":{"line":172,"column":2},"end":{"line":172,"column":41}},"100":{"start":{"line":176,"column":2},"end":{"line":176,"column":31}},"101":{"start":{"line":176,"column":24},"end":{"line":176,"column":31}},"102":{"start":{"line":177,"column":18},"end":{"line":177,"column":60}},"103":{"start":{"line":178,"column":2},"end":{"line":178,"column":40}},"104":{"start":{"line":182,"column":2},"end":{"line":182,"column":30}},"105":{"start":{"line":182,"column":23},"end":{"line":182,"column":30}},"106":{"start":{"line":185,"column":2},"end":{"line":197,"column":3}},"107":{"start":{"line":186,"column":17},"end":{"line":189,"column":5}},"108":{"start":{"line":190,"column":4},"end":{"line":190,"column":58}},"109":{"start":{"line":193,"column":20},"end":{"line":193,"column":59}},"110":{"start":{"line":194,"column":4},"end":{"line":196,"column":7}},"111":{"start":{"line":195,"column":6},"end":{"line":195,"column":56}},"112":{"start":{"line":201,"column":2},"end":{"line":201,"column":36}},"113":{"start":{"line":202,"column":2},"end":{"line":202,"column":38}},"114":{"start":{"line":203,"column":2},"end":{"line":203,"column":37}},"115":{"start":{"line":204,"column":2},"end":{"line":204,"column":41}},"116":{"start":{"line":205,"column":2},"end":{"line":205,"column":33}},"117":{"start":{"line":206,"column":2},"end":{"line":206,"column":24}},"118":{"start":{"line":207,"column":2},"end":{"line":207,"column":26}},"119":{"start":{"line":208,"column":2},"end":{"line":208,"column":25}},"120":{"start":{"line":213,"column":2},"end":{"line":213,"column":30}},"121":{"start":{"line":213,"column":23},"end":{"line":213,"column":30}},"122":{"start":{"line":215,"column":22},"end":{"line":215,"column":110}},"123":{"start":{"line":216,"column":21},"end":{"line":216,"column":108}},"124":{"start":{"line":218,"column":2},"end":{"line":218,"column":121}},"125":{"start":{"line":220,"column":2},"end":{"line":220,"column":32}},"126":{"start":{"line":221,"column":2},"end":{"line":221,"column":39}},"127":{"start":{"line":225,"column":2},"end":{"line":225,"column":32}},"128":{"start":{"line":225,"column":25},"end":{"line":225,"column":32}},"129":{"start":{"line":227,"column":2},"end":{"line":227,"column":75}},"130":{"start":{"line":229,"column":2},"end":{"line":229,"column":32}},"131":{"start":{"line":230,"column":2},"end":{"line":230,"column":41}},"132":{"start":{"line":234,"column":2},"end":{"line":234,"column":31}},"133":{"start":{"line":234,"column":24},"end":{"line":234,"column":31}},"134":{"start":{"line":236,"column":2},"end":{"line":236,"column":72}},"135":{"start":{"line":238,"column":2},"end":{"line":238,"column":32}},"136":{"start":{"line":239,"column":2},"end":{"line":239,"column":40}},"137":{"start":{"line":243,"column":2},"end":{"line":247,"column":129}},"138":{"start":{"line":251,"column":15},"end":{"line":251,"column":58}},"139":{"start":{"line":252,"column":14},"end":{"line":252,"column":39}},"140":{"start":{"line":253,"column":12},"end":{"line":253,"column":39}},"141":{"start":{"line":254,"column":2},"end":{"line":254,"column":15}},"142":{"start":{"line":255,"column":2},"end":{"line":255,"column":24}},"143":{"start":{"line":256,"column":2},"end":{"line":256,"column":31}},"144":{"start":{"line":257,"column":2},"end":{"line":257,"column":12}},"145":{"start":{"line":258,"column":2},"end":{"line":258,"column":31}},"146":{"start":{"line":259,"column":2},"end":{"line":259,"column":27}},"147":{"start":{"line":273,"column":0},"end":{"line":273,"column":55}}},"fnMap":{"0":{"name":"initApp","decl":{"start":{"line":20,"column":16},"end":{"line":20,"column":23}},"loc":{"start":{"line":20,"column":26},"end":{"line":100,"column":1}},"line":20},"1":{"name":"(anonymous_1)","decl":{"start":{"line":84,"column":49},"end":{"line":84,"column":50}},"loc":{"start":{"line":84,"column":56},"end":{"line":99,"column":3}},"line":84},"2":{"name":"(anonymous_2)","decl":{"start":{"line":89,"column":41},"end":{"line":89,"column":42}},"loc":{"start":{"line":89,"column":47},"end":{"line":98,"column":5}},"line":89},"3":{"name":"(anonymous_3)","decl":{"start":{"line":92,"column":37},"end":{"line":92,"column":38}},"loc":{"start":{"line":92,"column":55},"end":{"line":97,"column":7}},"line":92},"4":{"name":"handleGenerateSession","decl":{"start":{"line":103,"column":9},"end":{"line":103,"column":30}},"loc":{"start":{"line":103,"column":33},"end":{"line":108,"column":1}},"line":103},"5":{"name":"handleGenerateCharacter","decl":{"start":{"line":110,"column":9},"end":{"line":110,"column":32}},"loc":{"start":{"line":110,"column":35},"end":{"line":115,"column":1}},"line":110},"6":{"name":"handleGenerateWorldSet","decl":{"start":{"line":117,"column":9},"end":{"line":117,"column":31}},"loc":{"start":{"line":117,"column":34},"end":{"line":122,"column":1}},"line":117},"7":{"name":"handleRegenerateSession","decl":{"start":{"line":124,"column":9},"end":{"line":124,"column":32}},"loc":{"start":{"line":124,"column":35},"end":{"line":127,"column":1}},"line":124},"8":{"name":"handleRegenerateCharacter","decl":{"start":{"line":129,"column":9},"end":{"line":129,"column":34}},"loc":{"start":{"line":129,"column":37},"end":{"line":132,"column":1}},"line":129},"9":{"name":"handleRegenerateWorldSet","decl":{"start":{"line":134,"column":9},"end":{"line":134,"column":33}},"loc":{"start":{"line":134,"column":36},"end":{"line":137,"column":1}},"line":134},"10":{"name":"handlePlaySession","decl":{"start":{"line":139,"column":9},"end":{"line":139,"column":26}},"loc":{"start":{"line":139,"column":29},"end":{"line":155,"column":1}},"line":139},"11":{"name":"handleStopGame","decl":{"start":{"line":157,"column":9},"end":{"line":157,"column":23}},"loc":{"start":{"line":157,"column":26},"end":{"line":161,"column":1}},"line":157},"12":{"name":"handleDownloadSession","decl":{"start":{"line":163,"column":9},"end":{"line":163,"column":30}},"loc":{"start":{"line":163,"column":33},"end":{"line":167,"column":1}},"line":163},"13":{"name":"handleDownloadCharacter","decl":{"start":{"line":169,"column":9},"end":{"line":169,"column":32}},"loc":{"start":{"line":169,"column":35},"end":{"line":173,"column":1}},"line":169},"14":{"name":"handleDownloadWorldSet","decl":{"start":{"line":175,"column":9},"end":{"line":175,"column":31}},"loc":{"start":{"line":175,"column":34},"end":{"line":179,"column":1}},"line":175},"15":{"name":"handleSendSession","decl":{"start":{"line":181,"column":9},"end":{"line":181,"column":26}},"loc":{"start":{"line":181,"column":29},"end":{"line":198,"column":1}},"line":181},"16":{"name":"(anonymous_16)","decl":{"start":{"line":194,"column":48},"end":{"line":194,"column":49}},"loc":{"start":{"line":194,"column":54},"end":{"line":196,"column":5}},"line":194},"17":{"name":"handleBackToMenu","decl":{"start":{"line":200,"column":9},"end":{"line":200,"column":25}},"loc":{"start":{"line":200,"column":28},"end":{"line":209,"column":1}},"line":200},"18":{"name":"showSession","decl":{"start":{"line":212,"column":9},"end":{"line":212,"column":20}},"loc":{"start":{"line":212,"column":23},"end":{"line":222,"column":1}},"line":212},"19":{"name":"showCharacter","decl":{"start":{"line":224,"column":9},"end":{"line":224,"column":22}},"loc":{"start":{"line":224,"column":25},"end":{"line":231,"column":1}},"line":224},"20":{"name":"showWorldSet","decl":{"start":{"line":233,"column":9},"end":{"line":233,"column":21}},"loc":{"start":{"line":233,"column":24},"end":{"line":240,"column":1}},"line":233},"21":{"name":"formatSessionText","decl":{"start":{"line":242,"column":9},"end":{"line":242,"column":26}},"loc":{"start":{"line":242,"column":36},"end":{"line":248,"column":1}},"line":242},"22":{"name":"downloadFile","decl":{"start":{"line":250,"column":9},"end":{"line":250,"column":21}},"loc":{"start":{"line":250,"column":41},"end":{"line":260,"column":1}},"line":250},"23":{"name":"render","decl":{"start":{"line":263,"column":16},"end":{"line":263,"column":22}},"loc":{"start":{"line":263,"column":25},"end":{"line":265,"column":1}},"line":263},"24":{"name":"update","decl":{"start":{"line":268,"column":16},"end":{"line":268,"column":22}},"loc":{"start":{"line":268,"column":25},"end":{"line":270,"column":1}},"line":268}},"branchMap":{"0":{"loc":{"start":{"line":78,"column":2},"end":{"line":80,"column":3}},"type":"if","locations":[{"start":{"line":78,"column":2},"end":{"line":80,"column":3}},{"start":{},"end":{}}],"line":78},"1":{"loc":{"start":{"line":93,"column":8},"end":{"line":95,"column":9}},"type":"if","locations":[{"start":{"line":93,"column":8},"end":{"line":95,"column":9}},{"start":{},"end":{}}],"line":93},"2":{"loc":{"start":{"line":104,"column":15},"end":{"line":104,"column":65}},"type":"cond-expr","locations":[{"start":{"line":104,"column":33},"end":{"line":104,"column":58}},{"start":{"line":104,"column":61},"end":{"line":104,"column":65}}],"line":104},"3":{"loc":{"start":{"line":111,"column":15},"end":{"line":111,"column":76}},"type":"cond-expr","locations":[{"start":{"line":111,"column":33},"end":{"line":111,"column":60}},{"start":{"line":111,"column":63},"end":{"line":111,"column":76}}],"line":111},"4":{"loc":{"start":{"line":118,"column":15},"end":{"line":118,"column":76}},"type":"cond-expr","locations":[{"start":{"line":118,"column":33},"end":{"line":118,"column":60}},{"start":{"line":118,"column":63},"end":{"line":118,"column":76}}],"line":118},"5":{"loc":{"start":{"line":140,"column":2},"end":{"line":140,"column":30}},"type":"if","locations":[{"start":{"line":140,"column":2},"end":{"line":140,"column":30}},{"start":{},"end":{}}],"line":140},"6":{"loc":{"start":{"line":164,"column":2},"end":{"line":164,"column":30}},"type":"if","locations":[{"start":{"line":164,"column":2},"end":{"line":164,"column":30}},{"start":{},"end":{}}],"line":164},"7":{"loc":{"start":{"line":170,"column":2},"end":{"line":170,"column":32}},"type":"if","locations":[{"start":{"line":170,"column":2},"end":{"line":170,"column":32}},{"start":{},"end":{}}],"line":170},"8":{"loc":{"start":{"line":176,"column":2},"end":{"line":176,"column":31}},"type":"if","locations":[{"start":{"line":176,"column":2},"end":{"line":176,"column":31}},{"start":{},"end":{}}],"line":176},"9":{"loc":{"start":{"line":182,"column":2},"end":{"line":182,"column":30}},"type":"if","locations":[{"start":{"line":182,"column":2},"end":{"line":182,"column":30}},{"start":{},"end":{}}],"line":182},"10":{"loc":{"start":{"line":185,"column":2},"end":{"line":197,"column":3}},"type":"if","locations":[{"start":{"line":185,"column":2},"end":{"line":197,"column":3}},{"start":{"line":191,"column":9},"end":{"line":197,"column":3}}],"line":185},"11":{"loc":{"start":{"line":185,"column":6},"end":{"line":185,"column":47}},"type":"binary-expr","locations":[{"start":{"line":185,"column":6},"end":{"line":185,"column":21}},{"start":{"line":185,"column":25},"end":{"line":185,"column":47}}],"line":185},"12":{"loc":{"start":{"line":213,"column":2},"end":{"line":213,"column":30}},"type":"if","locations":[{"start":{"line":213,"column":2},"end":{"line":213,"column":30}},{"start":{},"end":{}}],"line":213},"13":{"loc":{"start":{"line":225,"column":2},"end":{"line":225,"column":32}},"type":"if","locations":[{"start":{"line":225,"column":2},"end":{"line":225,"column":32}},{"start":{},"end":{}}],"line":225},"14":{"loc":{"start":{"line":234,"column":2},"end":{"line":234,"column":31}},"type":"if","locations":[{"start":{"line":234,"column":2},"end":{"line":234,"column":31}},{"start":{},"end":{}}],"line":234}},"s":{"0":1,"1":1,"2":1,"3":1,"4":0,"5":0,"6":0,"7":0,"8":0,"9":0,"10":0,"11":0,"12":0,"13":0,"14":0,"15":0,"16":0,"17":0,"18":0,"19":0,"20":0,"21":0,"22":0,"23":0,"24":0,"25":0,"26":0,"27":0,"28":0,"29":0,"30":0,"31":0,"32":0,"33":0,"34":0,"35":0,"36":0,"37":0,"38":0,"39":0,"40":0,"41":0,"42":0,"43":0,"44":0,"45":0,"46":0,"47":0,"48":0,"49":0,"50":0,"51":0,"52":0,"53":0,"54":0,"55":0,"56":0,"57":0,"58":0,"59":0,"60":0,"61":0,"62":0,"63":0,"64":0,"65":0,"66":0,"67":0,"68":0,"69":0,"70":0,"71":0,"72":0,"73":0,"74":0,"75":0,"76":0,"77":0,"78":0,"79":0,"80":0,"81":0,"82":0,"83":0,"84":0,"85":0,"86":0,"87":0,"88":0,"89":0,"90":0,"91":0,"92":0,"93":0,"94":0,"95":0,"96":0,"97":0,"98":0,"99":0,"100":0,"101":0,"102":0,"103":0,"104":0,"105":0,"106":0,"107":0,"108":0,"109":0,"110":0,"111":0,"112":0,"113":0,"114":0,"115":0,"116":0,"117":0,"118":0,"119":0,"120":0,"121":0,"122":0,"123":0,"124":0,"125":0,"126":0,"127":0,"128":0,"129":0,"130":0,"131":0,"132":0,"133":0,"134":0,"135":0,"136":0,"137":0,"138":0,"139":0,"140":0,"141":0,"142":0,"143":0,"144":0,"145":0,"146":0,"147":1},"f":{"0":0,"1":0,"2":0,"3":0,"4":0,"5":0,"6":0,"7":0,"8":0,"9":0,"10":0,"11":0,"12":0,"13":0,"14":0,"15":0,"16":0,"17":0,"18":0,"19":0,"20":0,"21":0,"22":0,"23":0,"24":0},"b":{"0":[0,0],"1":[0,0],"2":[0,0],"3":[0,0],"4":[0,0],"5":[0,0],"6":[0,0],"7":[0,0],"8":[0,0],"9":[0,0],"10":[0,0],"11":[0,0],"12":[0,0],"13":[0,0],"14":[0,0]},"_coverageSchema":"1a1c01bbd47fc00a2c39e90264f33305004495a9","hash":"36a6b8ce5c14d06cae7282a82ab80e9e065bea5f"}
,"C:\\Users\\ilyak\\Desktop\\side scroller\\side-scroller\\src\\utils\\constants.js": {"path":"C:\\Users\\ilyak\\Desktop\\side scroller\\side-scroller\\src\\utils\\constants.js","statementMap":{"0":{"start":{"line":2,"column":26},"end":{"line":2,"column":29}},"1":{"start":{"line":3,"column":27},"end":{"line":3,"column":30}}},"fnMap":{},"branchMap":{},"s":{"0":2,"1":2},"f":{},"b":{},"_coverageSchema":"1a1c01bbd47fc00a2c39e90264f33305004495a9","hash":"e13ac1850b208cd1956290a6d77b454d89a873b4"}
,"C:\\Users\\ilyak\\Desktop\\side scroller\\side-scroller\\src\\utils\\random.js": {"path":"C:\\Users\\ilyak\\Desktop\\side scroller\\side-scroller\\src\\utils\\random.js","statementMap":{"0":{"start":{"line":8,"column":14},"end":{"line":8,"column":31}},"1":{"start":{"line":9,"column":2},"end":{"line":9,"column":38}},"2":{"start":{"line":9,"column":18},"end":{"line":9,"column":38}},"3":{"start":{"line":11,"column":2},"end":{"line":14,"column":4}},"4":{"start":{"line":12,"column":4},"end":{"line":12,"column":41}},"5":{"start":{"line":13,"column":4},"end":{"line":13,"column":36}}},"fnMap":{"0":{"name":"pseudoRandom","decl":{"start":{"line":7,"column":16},"end":{"line":7,"column":28}},"loc":{"start":{"line":7,"column":35},"end":{"line":15,"column":1}},"line":7},"1":{"name":"(anonymous_1)","decl":{"start":{"line":11,"column":9},"end":{"line":11,"column":10}},"loc":{"start":{"line":11,"column":21},"end":{"line":14,"column":3}},"line":11}},"branchMap":{"0":{"loc":{"start":{"line":9,"column":2},"end":{"line":9,"column":38}},"type":"if","locations":[{"start":{"line":9,"column":2},"end":{"line":9,"column":38}},{"start":{},"end":{}}],"line":9}},"s":{"0":25,"1":25,"2":0,"3":25,"4":196,"5":196},"f":{"0":25,"1":196},"b":{"0":[0,25]},"_coverageSchema":"1a1c01bbd47fc00a2c39e90264f33305004495a9","hash":"af7de59535d97ce1209ad11dff5f71e5fdcbc739"}
}
