{"C:\\Users\\ilyak\\Desktop\\side scroller\\js\\games\\breakout.js": {"path":"C:\\Users\\ilyak\\Desktop\\side scroller\\js\\games\\breakout.js","statementMap":{"0":{"start":{"line":13,"column":34},"end":{"line":13,"column":48}},"1":{"start":{"line":16,"column":39},"end":{"line":16,"column":58}},"2":{"start":{"line":19,"column":22},"end":{"line":73,"column":1}},"3":{"start":{"line":28,"column":25},"end":{"line":28,"column":95}},"4":{"start":{"line":29,"column":8},"end":{"line":29,"column":44}},"5":{"start":{"line":30,"column":8},"end":{"line":30,"column":44}},"6":{"start":{"line":31,"column":8},"end":{"line":31,"column":33}},"7":{"start":{"line":32,"column":8},"end":{"line":32,"column":62}},"8":{"start":{"line":37,"column":8},"end":{"line":41,"column":9}},"9":{"start":{"line":38,"column":12},"end":{"line":38,"column":33}},"10":{"start":{"line":39,"column":15},"end":{"line":41,"column":9}},"11":{"start":{"line":40,"column":12},"end":{"line":40,"column":33}},"12":{"start":{"line":44,"column":8},"end":{"line":48,"column":9}},"13":{"start":{"line":45,"column":12},"end":{"line":45,"column":23}},"14":{"start":{"line":46,"column":15},"end":{"line":48,"column":9}},"15":{"start":{"line":47,"column":12},"end":{"line":47,"column":45}},"16":{"start":{"line":52,"column":8},"end":{"line":52,"column":31}},"17":{"start":{"line":56,"column":8},"end":{"line":56,"column":32}},"18":{"start":{"line":60,"column":8},"end":{"line":60,"column":32}},"19":{"start":{"line":64,"column":8},"end":{"line":64,"column":33}},"20":{"start":{"line":68,"column":8},"end":{"line":68,"column":37}},"21":{"start":{"line":69,"column":8},"end":{"line":69,"column":34}},"22":{"start":{"line":70,"column":8},"end":{"line":70,"column":32}},"23":{"start":{"line":71,"column":8},"end":{"line":71,"column":33}},"24":{"start":{"line":76,"column":20},"end":{"line":144,"column":1}},"25":{"start":{"line":85,"column":8},"end":{"line":85,"column":24}},"26":{"start":{"line":86,"column":8},"end":{"line":86,"column":61}},"27":{"start":{"line":87,"column":8},"end":{"line":87,"column":34}},"28":{"start":{"line":88,"column":8},"end":{"line":88,"column":19}},"29":{"start":{"line":91,"column":8},"end":{"line":91,"column":24}},"30":{"start":{"line":92,"column":8},"end":{"line":92,"column":73}},"31":{"start":{"line":93,"column":8},"end":{"line":93,"column":34}},"32":{"start":{"line":94,"column":8},"end":{"line":94,"column":19}},"33":{"start":{"line":99,"column":8},"end":{"line":99,"column":33}},"34":{"start":{"line":100,"column":8},"end":{"line":100,"column":33}},"35":{"start":{"line":103,"column":8},"end":{"line":105,"column":9}},"36":{"start":{"line":104,"column":12},"end":{"line":104,"column":45}},"37":{"start":{"line":107,"column":8},"end":{"line":109,"column":9}},"38":{"start":{"line":108,"column":12},"end":{"line":108,"column":45}},"39":{"start":{"line":112,"column":8},"end":{"line":129,"column":9}},"40":{"start":{"line":119,"column":33},"end":{"line":119,"column":71}},"41":{"start":{"line":120,"column":36},"end":{"line":120,"column":69}},"42":{"start":{"line":121,"column":32},"end":{"line":121,"column":61}},"43":{"start":{"line":124,"column":12},"end":{"line":124,"column":64}},"44":{"start":{"line":125,"column":12},"end":{"line":125,"column":65}},"45":{"start":{"line":128,"column":12},"end":{"line":128,"column":44}},"46":{"start":{"line":132,"column":8},"end":{"line":134,"column":9}},"47":{"start":{"line":133,"column":12},"end":{"line":133,"column":23}},"48":{"start":{"line":138,"column":8},"end":{"line":138,"column":32}},"49":{"start":{"line":139,"column":8},"end":{"line":139,"column":34}},"50":{"start":{"line":140,"column":22},"end":{"line":140,"column":63}},"51":{"start":{"line":141,"column":8},"end":{"line":141,"column":54}},"52":{"start":{"line":142,"column":8},"end":{"line":142,"column":55}},"53":{"start":{"line":147,"column":22},"end":{"line":282,"column":1}},"54":{"start":{"line":159,"column":8},"end":{"line":189,"column":9}},"55":{"start":{"line":159,"column":21},"end":{"line":159,"column":22}},"56":{"start":{"line":160,"column":12},"end":{"line":160,"column":35}},"57":{"start":{"line":161,"column":12},"end":{"line":188,"column":13}},"58":{"start":{"line":161,"column":25},"end":{"line":161,"column":26}},"59":{"start":{"line":164,"column":16},"end":{"line":180,"column":17}},"60":{"start":{"line":166,"column":24},"end":{"line":166,"column":42}},"61":{"start":{"line":167,"column":24},"end":{"line":167,"column":30}},"62":{"start":{"line":169,"column":24},"end":{"line":169,"column":42}},"63":{"start":{"line":170,"column":24},"end":{"line":170,"column":30}},"64":{"start":{"line":172,"column":24},"end":{"line":172,"column":42}},"65":{"start":{"line":173,"column":24},"end":{"line":173,"column":30}},"66":{"start":{"line":175,"column":24},"end":{"line":175,"column":42}},"67":{"start":{"line":176,"column":24},"end":{"line":176,"column":30}},"68":{"start":{"line":178,"column":24},"end":{"line":178,"column":42}},"69":{"start":{"line":179,"column":24},"end":{"line":179,"column":30}},"70":{"start":{"line":182,"column":16},"end":{"line":187,"column":18}},"71":{"start":{"line":193,"column":8},"end":{"line":209,"column":9}},"72":{"start":{"line":193,"column":21},"end":{"line":193,"column":22}},"73":{"start":{"line":194,"column":12},"end":{"line":208,"column":13}},"74":{"start":{"line":194,"column":25},"end":{"line":194,"column":26}},"75":{"start":{"line":195,"column":30},"end":{"line":195,"column":50}},"76":{"start":{"line":197,"column":16},"end":{"line":207,"column":17}},"77":{"start":{"line":198,"column":20},"end":{"line":198,"column":48}},"78":{"start":{"line":199,"column":20},"end":{"line":199,"column":76}},"79":{"start":{"line":202,"column":37},"end":{"line":202,"column":111}},"80":{"start":{"line":203,"column":20},"end":{"line":203,"column":73}},"81":{"start":{"line":204,"column":20},"end":{"line":204,"column":67}},"82":{"start":{"line":205,"column":20},"end":{"line":205,"column":45}},"83":{"start":{"line":206,"column":20},"end":{"line":206,"column":76}},"84":{"start":{"line":214,"column":32},"end":{"line":214,"column":37}},"85":{"start":{"line":216,"column":8},"end":{"line":276,"column":9}},"86":{"start":{"line":216,"column":21},"end":{"line":216,"column":22}},"87":{"start":{"line":217,"column":12},"end":{"line":275,"column":13}},"88":{"start":{"line":217,"column":25},"end":{"line":217,"column":26}},"89":{"start":{"line":218,"column":30},"end":{"line":218,"column":50}},"90":{"start":{"line":220,"column":16},"end":{"line":274,"column":17}},"91":{"start":{"line":222,"column":20},"end":{"line":273,"column":21}},"92":{"start":{"line":229,"column":24},"end":{"line":229,"column":56}},"93":{"start":{"line":229,"column":47},"end":{"line":229,"column":56}},"94":{"start":{"line":232,"column":44},"end":{"line":232,"column":50}},"95":{"start":{"line":233,"column":44},"end":{"line":233,"column":50}},"96":{"start":{"line":234,"column":45},"end":{"line":234,"column":69}},"97":{"start":{"line":235,"column":45},"end":{"line":235,"column":70}},"98":{"start":{"line":237,"column":38},"end":{"line":237,"column":64}},"99":{"start":{"line":238,"column":38},"end":{"line":238,"column":64}},"100":{"start":{"line":241,"column":24},"end":{"line":245,"column":25}},"101":{"start":{"line":242,"column":28},"end":{"line":242,"column":61}},"102":{"start":{"line":244,"column":28},"end":{"line":244,"column":61}},"103":{"start":{"line":248,"column":24},"end":{"line":248,"column":41}},"104":{"start":{"line":249,"column":24},"end":{"line":249,"column":49}},"105":{"start":{"line":252,"column":24},"end":{"line":252,"column":36}},"106":{"start":{"line":253,"column":24},"end":{"line":253,"column":57}},"107":{"start":{"line":256,"column":49},"end":{"line":256,"column":53}},"108":{"start":{"line":257,"column":24},"end":{"line":265,"column":25}},"109":{"start":{"line":257,"column":37},"end":{"line":257,"column":38}},"110":{"start":{"line":258,"column":28},"end":{"line":263,"column":29}},"111":{"start":{"line":258,"column":41},"end":{"line":258,"column":42}},"112":{"start":{"line":259,"column":32},"end":{"line":262,"column":33}},"113":{"start":{"line":260,"column":36},"end":{"line":260,"column":63}},"114":{"start":{"line":261,"column":36},"end":{"line":261,"column":42}},"115":{"start":{"line":264,"column":28},"end":{"line":264,"column":59}},"116":{"start":{"line":264,"column":53},"end":{"line":264,"column":59}},"117":{"start":{"line":268,"column":24},"end":{"line":272,"column":25}},"118":{"start":{"line":269,"column":28},"end":{"line":269,"column":40}},"119":{"start":{"line":270,"column":28},"end":{"line":270,"column":46}},"120":{"start":{"line":271,"column":28},"end":{"line":271,"column":41}},"121":{"start":{"line":280,"column":8},"end":{"line":280,"column":20}},"122":{"start":{"line":285,"column":26},"end":{"line":307,"column":1}},"123":{"start":{"line":288,"column":25},"end":{"line":288,"column":71}},"124":{"start":{"line":289,"column":8},"end":{"line":289,"column":44}},"125":{"start":{"line":290,"column":8},"end":{"line":290,"column":44}},"126":{"start":{"line":292,"column":8},"end":{"line":292,"column":33}},"127":{"start":{"line":293,"column":8},"end":{"line":293,"column":52}},"128":{"start":{"line":296,"column":8},"end":{"line":296,"column":51}},"129":{"start":{"line":297,"column":8},"end":{"line":305,"column":9}},"130":{"start":{"line":297,"column":21},"end":{"line":297,"column":22}},"131":{"start":{"line":298,"column":22},"end":{"line":298,"column":43}},"132":{"start":{"line":299,"column":22},"end":{"line":299,"column":44}},"133":{"start":{"line":300,"column":25},"end":{"line":300,"column":36}},"134":{"start":{"line":302,"column":12},"end":{"line":302,"column":28}},"135":{"start":{"line":303,"column":12},"end":{"line":303,"column":48}},"136":{"start":{"line":304,"column":12},"end":{"line":304,"column":23}},"137":{"start":{"line":312,"column":4},"end":{"line":315,"column":5}},"138":{"start":{"line":313,"column":8},"end":{"line":313,"column":69}},"139":{"start":{"line":314,"column":8},"end":{"line":314,"column":15}},"140":{"start":{"line":318,"column":4},"end":{"line":318,"column":31}},"141":{"start":{"line":319,"column":4},"end":{"line":319,"column":18}},"142":{"start":{"line":322,"column":4},"end":{"line":322,"column":26}},"143":{"start":{"line":328,"column":22},"end":{"line":328,"column":26}},"144":{"start":{"line":330,"column":4},"end":{"line":335,"column":7}},"145":{"start":{"line":331,"column":8},"end":{"line":331,"column":74}},"146":{"start":{"line":331,"column":67},"end":{"line":331,"column":74}},"147":{"start":{"line":333,"column":8},"end":{"line":333,"column":27}},"148":{"start":{"line":334,"column":8},"end":{"line":334,"column":43}},"149":{"start":{"line":337,"column":4},"end":{"line":353,"column":7}},"150":{"start":{"line":338,"column":8},"end":{"line":338,"column":98}},"151":{"start":{"line":338,"column":91},"end":{"line":338,"column":98}},"152":{"start":{"line":340,"column":8},"end":{"line":340,"column":27}},"153":{"start":{"line":342,"column":23},"end":{"line":342,"column":43}},"154":{"start":{"line":343,"column":22},"end":{"line":343,"column":42}},"155":{"start":{"line":346,"column":8},"end":{"line":350,"column":9}},"156":{"start":{"line":347,"column":12},"end":{"line":347,"column":31}},"157":{"start":{"line":348,"column":15},"end":{"line":350,"column":9}},"158":{"start":{"line":349,"column":12},"end":{"line":349,"column":30}},"159":{"start":{"line":352,"column":8},"end":{"line":352,"column":29}},"160":{"start":{"line":355,"column":4},"end":{"line":362,"column":7}},"161":{"start":{"line":356,"column":8},"end":{"line":356,"column":74}},"162":{"start":{"line":356,"column":67},"end":{"line":356,"column":74}},"163":{"start":{"line":358,"column":8},"end":{"line":358,"column":27}},"164":{"start":{"line":359,"column":8},"end":{"line":359,"column":32}},"165":{"start":{"line":360,"column":8},"end":{"line":360,"column":33}},"166":{"start":{"line":361,"column":8},"end":{"line":361,"column":27}},"167":{"start":{"line":366,"column":4},"end":{"line":366,"column":19}},"168":{"start":{"line":367,"column":4},"end":{"line":367,"column":17}},"169":{"start":{"line":368,"column":4},"end":{"line":368,"column":19}},"170":{"start":{"line":369,"column":4},"end":{"line":369,"column":19}},"171":{"start":{"line":370,"column":4},"end":{"line":370,"column":14}},"172":{"start":{"line":371,"column":4},"end":{"line":371,"column":37}},"173":{"start":{"line":374,"column":4},"end":{"line":374,"column":22}},"174":{"start":{"line":378,"column":4},"end":{"line":382,"column":5}},"175":{"start":{"line":379,"column":8},"end":{"line":379,"column":24}},"176":{"start":{"line":380,"column":8},"end":{"line":380,"column":22}},"177":{"start":{"line":381,"column":8},"end":{"line":381,"column":24}},"178":{"start":{"line":387,"column":4},"end":{"line":387,"column":22}},"179":{"start":{"line":390,"column":4},"end":{"line":390,"column":18}},"180":{"start":{"line":393,"column":4},"end":{"line":393,"column":18}},"181":{"start":{"line":396,"column":4},"end":{"line":396,"column":16}},"182":{"start":{"line":400,"column":0},"end":{"line":408,"column":3}},"183":{"start":{"line":401,"column":4},"end":{"line":401,"column":70}},"184":{"start":{"line":401,"column":63},"end":{"line":401,"column":70}},"185":{"start":{"line":403,"column":4},"end":{"line":407,"column":5}},"186":{"start":{"line":404,"column":8},"end":{"line":404,"column":26}},"187":{"start":{"line":405,"column":11},"end":{"line":407,"column":5}},"188":{"start":{"line":406,"column":8},"end":{"line":406,"column":27}},"189":{"start":{"line":410,"column":0},"end":{"line":418,"column":3}},"190":{"start":{"line":411,"column":4},"end":{"line":411,"column":70}},"191":{"start":{"line":411,"column":63},"end":{"line":411,"column":70}},"192":{"start":{"line":413,"column":4},"end":{"line":417,"column":5}},"193":{"start":{"line":414,"column":8},"end":{"line":414,"column":32}},"194":{"start":{"line":415,"column":11},"end":{"line":417,"column":5}},"195":{"start":{"line":416,"column":8},"end":{"line":416,"column":33}}},"fnMap":{"0":{"name":"setGameOver","decl":{"start":{"line":13,"column":16},"end":{"line":13,"column":27}},"loc":{"start":{"line":13,"column":32},"end":{"line":13,"column":50}},"line":13},"1":{"name":"setCurrentGame","decl":{"start":{"line":16,"column":16},"end":{"line":16,"column":30}},"loc":{"start":{"line":16,"column":37},"end":{"line":16,"column":60}},"line":16},"2":{"name":"(anonymous_2)","decl":{"start":{"line":26,"column":10},"end":{"line":26,"column":11}},"loc":{"start":{"line":26,"column":21},"end":{"line":33,"column":5}},"line":26},"3":{"name":"(anonymous_3)","decl":{"start":{"line":35,"column":12},"end":{"line":35,"column":13}},"loc":{"start":{"line":35,"column":23},"end":{"line":49,"column":5}},"line":35},"4":{"name":"(anonymous_4)","decl":{"start":{"line":51,"column":14},"end":{"line":51,"column":15}},"loc":{"start":{"line":51,"column":25},"end":{"line":53,"column":5}},"line":51},"5":{"name":"(anonymous_5)","decl":{"start":{"line":55,"column":15},"end":{"line":55,"column":16}},"loc":{"start":{"line":55,"column":26},"end":{"line":57,"column":5}},"line":55},"6":{"name":"(anonymous_6)","decl":{"start":{"line":59,"column":20},"end":{"line":59,"column":21}},"loc":{"start":{"line":59,"column":31},"end":{"line":61,"column":5}},"line":59},"7":{"name":"(anonymous_7)","decl":{"start":{"line":63,"column":21},"end":{"line":63,"column":22}},"loc":{"start":{"line":63,"column":32},"end":{"line":65,"column":5}},"line":63},"8":{"name":"(anonymous_8)","decl":{"start":{"line":67,"column":11},"end":{"line":67,"column":12}},"loc":{"start":{"line":67,"column":22},"end":{"line":72,"column":5}},"line":67},"9":{"name":"(anonymous_9)","decl":{"start":{"line":84,"column":10},"end":{"line":84,"column":11}},"loc":{"start":{"line":84,"column":21},"end":{"line":95,"column":5}},"line":84},"10":{"name":"(anonymous_10)","decl":{"start":{"line":97,"column":12},"end":{"line":97,"column":13}},"loc":{"start":{"line":97,"column":23},"end":{"line":135,"column":5}},"line":97},"11":{"name":"(anonymous_11)","decl":{"start":{"line":137,"column":11},"end":{"line":137,"column":12}},"loc":{"start":{"line":137,"column":22},"end":{"line":143,"column":5}},"line":137},"12":{"name":"(anonymous_12)","decl":{"start":{"line":157,"column":10},"end":{"line":157,"column":11}},"loc":{"start":{"line":157,"column":21},"end":{"line":190,"column":5}},"line":157},"13":{"name":"(anonymous_13)","decl":{"start":{"line":192,"column":10},"end":{"line":192,"column":11}},"loc":{"start":{"line":192,"column":21},"end":{"line":210,"column":5}},"line":192},"14":{"name":"(anonymous_14)","decl":{"start":{"line":212,"column":12},"end":{"line":212,"column":13}},"loc":{"start":{"line":212,"column":23},"end":{"line":277,"column":5}},"line":212},"15":{"name":"(anonymous_15)","decl":{"start":{"line":279,"column":11},"end":{"line":279,"column":12}},"loc":{"start":{"line":279,"column":22},"end":{"line":281,"column":5}},"line":279},"16":{"name":"(anonymous_16)","decl":{"start":{"line":286,"column":10},"end":{"line":286,"column":11}},"loc":{"start":{"line":286,"column":21},"end":{"line":306,"column":5}},"line":286},"17":{"name":"initBreakout","decl":{"start":{"line":310,"column":16},"end":{"line":310,"column":28}},"loc":{"start":{"line":310,"column":44},"end":{"line":323,"column":1}},"line":310},"18":{"name":"setupEventListeners","decl":{"start":{"line":326,"column":9},"end":{"line":326,"column":28}},"loc":{"start":{"line":326,"column":31},"end":{"line":363,"column":1}},"line":326},"19":{"name":"(anonymous_19)","decl":{"start":{"line":330,"column":46},"end":{"line":330,"column":47}},"loc":{"start":{"line":330,"column":53},"end":{"line":335,"column":5}},"line":330},"20":{"name":"(anonymous_20)","decl":{"start":{"line":337,"column":45},"end":{"line":337,"column":46}},"loc":{"start":{"line":337,"column":52},"end":{"line":353,"column":5}},"line":337},"21":{"name":"(anonymous_21)","decl":{"start":{"line":355,"column":44},"end":{"line":355,"column":45}},"loc":{"start":{"line":355,"column":51},"end":{"line":362,"column":5}},"line":355},"22":{"name":"resetBreakout","decl":{"start":{"line":365,"column":16},"end":{"line":365,"column":29}},"loc":{"start":{"line":365,"column":32},"end":{"line":375,"column":1}},"line":365},"23":{"name":"updateBreakout","decl":{"start":{"line":377,"column":16},"end":{"line":377,"column":30}},"loc":{"start":{"line":377,"column":33},"end":{"line":383,"column":1}},"line":377},"24":{"name":"drawBreakout","decl":{"start":{"line":385,"column":16},"end":{"line":385,"column":28}},"loc":{"start":{"line":385,"column":31},"end":{"line":397,"column":1}},"line":385},"25":{"name":"(anonymous_25)","decl":{"start":{"line":400,"column":37},"end":{"line":400,"column":38}},"loc":{"start":{"line":400,"column":44},"end":{"line":408,"column":1}},"line":400},"26":{"name":"(anonymous_26)","decl":{"start":{"line":410,"column":35},"end":{"line":410,"column":36}},"loc":{"start":{"line":410,"column":42},"end":{"line":418,"column":1}},"line":410}},"branchMap":{"0":{"loc":{"start":{"line":37,"column":8},"end":{"line":41,"column":9}},"type":"if","locations":[{"start":{"line":37,"column":8},"end":{"line":41,"column":9}},{"start":{"line":39,"column":15},"end":{"line":41,"column":9}}],"line":37},"1":{"loc":{"start":{"line":39,"column":15},"end":{"line":41,"column":9}},"type":"if","locations":[{"start":{"line":39,"column":15},"end":{"line":41,"column":9}},{"start":{},"end":{}}],"line":39},"2":{"loc":{"start":{"line":44,"column":8},"end":{"line":48,"column":9}},"type":"if","locations":[{"start":{"line":44,"column":8},"end":{"line":48,"column":9}},{"start":{"line":46,"column":15},"end":{"line":48,"column":9}}],"line":44},"3":{"loc":{"start":{"line":46,"column":15},"end":{"line":48,"column":9}},"type":"if","locations":[{"start":{"line":46,"column":15},"end":{"line":48,"column":9}},{"start":{},"end":{}}],"line":46},"4":{"loc":{"start":{"line":103,"column":8},"end":{"line":105,"column":9}},"type":"if","locations":[{"start":{"line":103,"column":8},"end":{"line":105,"column":9}},{"start":{},"end":{}}],"line":103},"5":{"loc":{"start":{"line":103,"column":12},"end":{"line":103,"column":73}},"type":"binary-expr","locations":[{"start":{"line":103,"column":12},"end":{"line":103,"column":45}},{"start":{"line":103,"column":49},"end":{"line":103,"column":73}}],"line":103},"6":{"loc":{"start":{"line":107,"column":8},"end":{"line":109,"column":9}},"type":"if","locations":[{"start":{"line":107,"column":8},"end":{"line":109,"column":9}},{"start":{},"end":{}}],"line":107},"7":{"loc":{"start":{"line":112,"column":8},"end":{"line":129,"column":9}},"type":"if","locations":[{"start":{"line":112,"column":8},"end":{"line":129,"column":9}},{"start":{},"end":{}}],"line":112},"8":{"loc":{"start":{"line":113,"column":12},"end":{"line":116,"column":44}},"type":"binary-expr","locations":[{"start":{"line":113,"column":12},"end":{"line":113,"column":43}},{"start":{"line":114,"column":12},"end":{"line":114,"column":59}},{"start":{"line":115,"column":12},"end":{"line":115,"column":29}},{"start":{"line":116,"column":12},"end":{"line":116,"column":44}}],"line":113},"9":{"loc":{"start":{"line":132,"column":8},"end":{"line":134,"column":9}},"type":"if","locations":[{"start":{"line":132,"column":8},"end":{"line":134,"column":9}},{"start":{},"end":{}}],"line":132},"10":{"loc":{"start":{"line":164,"column":16},"end":{"line":180,"column":17}},"type":"switch","locations":[{"start":{"line":165,"column":20},"end":{"line":167,"column":30}},{"start":{"line":168,"column":20},"end":{"line":170,"column":30}},{"start":{"line":171,"column":20},"end":{"line":173,"column":30}},{"start":{"line":174,"column":20},"end":{"line":176,"column":30}},{"start":{"line":177,"column":20},"end":{"line":179,"column":30}}],"line":164},"11":{"loc":{"start":{"line":197,"column":16},"end":{"line":207,"column":17}},"type":"if","locations":[{"start":{"line":197,"column":16},"end":{"line":207,"column":17}},{"start":{},"end":{}}],"line":197},"12":{"loc":{"start":{"line":220,"column":16},"end":{"line":274,"column":17}},"type":"if","locations":[{"start":{"line":220,"column":16},"end":{"line":274,"column":17}},{"start":{},"end":{}}],"line":220},"13":{"loc":{"start":{"line":222,"column":20},"end":{"line":273,"column":21}},"type":"if","locations":[{"start":{"line":222,"column":20},"end":{"line":273,"column":21}},{"start":{},"end":{}}],"line":222},"14":{"loc":{"start":{"line":223,"column":24},"end":{"line":226,"column":68}},"type":"binary-expr","locations":[{"start":{"line":223,"column":24},"end":{"line":223,"column":54}},{"start":{"line":224,"column":24},"end":{"line":224,"column":67}},{"start":{"line":225,"column":24},"end":{"line":225,"column":54}},{"start":{"line":226,"column":24},"end":{"line":226,"column":68}}],"line":223},"15":{"loc":{"start":{"line":229,"column":24},"end":{"line":229,"column":56}},"type":"if","locations":[{"start":{"line":229,"column":24},"end":{"line":229,"column":56}},{"start":{},"end":{}}],"line":229},"16":{"loc":{"start":{"line":241,"column":24},"end":{"line":245,"column":25}},"type":"if","locations":[{"start":{"line":241,"column":24},"end":{"line":245,"column":25}},{"start":{"line":243,"column":31},"end":{"line":245,"column":25}}],"line":241},"17":{"loc":{"start":{"line":259,"column":32},"end":{"line":262,"column":33}},"type":"if","locations":[{"start":{"line":259,"column":32},"end":{"line":262,"column":33}},{"start":{},"end":{}}],"line":259},"18":{"loc":{"start":{"line":264,"column":28},"end":{"line":264,"column":59}},"type":"if","locations":[{"start":{"line":264,"column":28},"end":{"line":264,"column":59}},{"start":{},"end":{}}],"line":264},"19":{"loc":{"start":{"line":268,"column":24},"end":{"line":272,"column":25}},"type":"if","locations":[{"start":{"line":268,"column":24},"end":{"line":272,"column":25}},{"start":{},"end":{}}],"line":268},"20":{"loc":{"start":{"line":312,"column":4},"end":{"line":315,"column":5}},"type":"if","locations":[{"start":{"line":312,"column":4},"end":{"line":315,"column":5}},{"start":{},"end":{}}],"line":312},"21":{"loc":{"start":{"line":331,"column":8},"end":{"line":331,"column":74}},"type":"if","locations":[{"start":{"line":331,"column":8},"end":{"line":331,"column":74}},{"start":{},"end":{}}],"line":331},"22":{"loc":{"start":{"line":331,"column":12},"end":{"line":331,"column":65}},"type":"binary-expr","locations":[{"start":{"line":331,"column":12},"end":{"line":331,"column":38}},{"start":{"line":331,"column":42},"end":{"line":331,"column":65}}],"line":331},"23":{"loc":{"start":{"line":338,"column":8},"end":{"line":338,"column":98}},"type":"if","locations":[{"start":{"line":338,"column":8},"end":{"line":338,"column":98}},{"start":{},"end":{}}],"line":338},"24":{"loc":{"start":{"line":338,"column":12},"end":{"line":338,"column":89}},"type":"binary-expr","locations":[{"start":{"line":338,"column":12},"end":{"line":338,"column":38}},{"start":{"line":338,"column":42},"end":{"line":338,"column":65}},{"start":{"line":338,"column":69},"end":{"line":338,"column":89}}],"line":338},"25":{"loc":{"start":{"line":346,"column":8},"end":{"line":350,"column":9}},"type":"if","locations":[{"start":{"line":346,"column":8},"end":{"line":350,"column":9}},{"start":{"line":348,"column":15},"end":{"line":350,"column":9}}],"line":346},"26":{"loc":{"start":{"line":348,"column":15},"end":{"line":350,"column":9}},"type":"if","locations":[{"start":{"line":348,"column":15},"end":{"line":350,"column":9}},{"start":{},"end":{}}],"line":348},"27":{"loc":{"start":{"line":356,"column":8},"end":{"line":356,"column":74}},"type":"if","locations":[{"start":{"line":356,"column":8},"end":{"line":356,"column":74}},{"start":{},"end":{}}],"line":356},"28":{"loc":{"start":{"line":356,"column":12},"end":{"line":356,"column":65}},"type":"binary-expr","locations":[{"start":{"line":356,"column":12},"end":{"line":356,"column":38}},{"start":{"line":356,"column":42},"end":{"line":356,"column":65}}],"line":356},"29":{"loc":{"start":{"line":378,"column":4},"end":{"line":382,"column":5}},"type":"if","locations":[{"start":{"line":378,"column":4},"end":{"line":382,"column":5}},{"start":{},"end":{}}],"line":378},"30":{"loc":{"start":{"line":401,"column":4},"end":{"line":401,"column":70}},"type":"if","locations":[{"start":{"line":401,"column":4},"end":{"line":401,"column":70}},{"start":{},"end":{}}],"line":401},"31":{"loc":{"start":{"line":401,"column":8},"end":{"line":401,"column":61}},"type":"binary-expr","locations":[{"start":{"line":401,"column":8},"end":{"line":401,"column":34}},{"start":{"line":401,"column":38},"end":{"line":401,"column":61}}],"line":401},"32":{"loc":{"start":{"line":403,"column":4},"end":{"line":407,"column":5}},"type":"if","locations":[{"start":{"line":403,"column":4},"end":{"line":407,"column":5}},{"start":{"line":405,"column":11},"end":{"line":407,"column":5}}],"line":403},"33":{"loc":{"start":{"line":405,"column":11},"end":{"line":407,"column":5}},"type":"if","locations":[{"start":{"line":405,"column":11},"end":{"line":407,"column":5}},{"start":{},"end":{}}],"line":405},"34":{"loc":{"start":{"line":411,"column":4},"end":{"line":411,"column":70}},"type":"if","locations":[{"start":{"line":411,"column":4},"end":{"line":411,"column":70}},{"start":{},"end":{}}],"line":411},"35":{"loc":{"start":{"line":411,"column":8},"end":{"line":411,"column":61}},"type":"binary-expr","locations":[{"start":{"line":411,"column":8},"end":{"line":411,"column":34}},{"start":{"line":411,"column":38},"end":{"line":411,"column":61}}],"line":411},"36":{"loc":{"start":{"line":413,"column":4},"end":{"line":417,"column":5}},"type":"if","locations":[{"start":{"line":413,"column":4},"end":{"line":417,"column":5}},{"start":{"line":415,"column":11},"end":{"line":417,"column":5}}],"line":413},"37":{"loc":{"start":{"line":415,"column":11},"end":{"line":417,"column":5}},"type":"if","locations":[{"start":{"line":415,"column":11},"end":{"line":417,"column":5}},{"start":{},"end":{}}],"line":415}},"s":{"0":0,"1":0,"2":0,"3":0,"4":0,"5":0,"6":0,"7":0,"8":0,"9":0,"10":0,"11":0,"12":0,"13":0,"14":0,"15":0,"16":0,"17":0,"18":0,"19":0,"20":0,"21":0,"22":0,"23":0,"24":0,"25":0,"26":0,"27":0,"28":0,"29":0,"30":0,"31":0,"32":0,"33":0,"34":0,"35":0,"36":0,"37":0,"38":0,"39":0,"40":0,"41":0,"42":0,"43":0,"44":0,"45":0,"46":0,"47":0,"48":0,"49":0,"50":0,"51":0,"52":0,"53":0,"54":0,"55":0,"56":0,"57":0,"58":0,"59":0,"60":0,"61":0,"62":0,"63":0,"64":0,"65":0,"66":0,"67":0,"68":0,"69":0,"70":0,"71":0,"72":0,"73":0,"74":0,"75":0,"76":0,"77":0,"78":0,"79":0,"80":0,"81":0,"82":0,"83":0,"84":0,"85":0,"86":0,"87":0,"88":0,"89":0,"90":0,"91":0,"92":0,"93":0,"94":0,"95":0,"96":0,"97":0,"98":0,"99":0,"100":0,"101":0,"102":0,"103":0,"104":0,"105":0,"106":0,"107":0,"108":0,"109":0,"110":0,"111":0,"112":0,"113":0,"114":0,"115":0,"116":0,"117":0,"118":0,"119":0,"120":0,"121":0,"122":0,"123":0,"124":0,"125":0,"126":0,"127":0,"128":0,"129":0,"130":0,"131":0,"132":0,"133":0,"134":0,"135":0,"136":0,"137":0,"138":0,"139":0,"140":0,"141":0,"142":0,"143":0,"144":0,"145":0,"146":0,"147":0,"148":0,"149":0,"150":0,"151":0,"152":0,"153":0,"154":0,"155":0,"156":0,"157":0,"158":0,"159":0,"160":0,"161":0,"162":0,"163":0,"164":0,"165":0,"166":0,"167":0,"168":0,"169":0,"170":0,"171":0,"172":0,"173":0,"174":0,"175":0,"176":0,"177":0,"178":0,"179":0,"180":0,"181":0,"182":0,"183":0,"184":0,"185":0,"186":0,"187":0,"188":0,"189":0,"190":0,"191":0,"192":0,"193":0,"194":0,"195":0},"f":{"0":0,"1":0,"2":0,"3":0,"4":0,"5":0,"6":0,"7":0,"8":0,"9":0,"10":0,"11":0,"12":0,"13":0,"14":0,"15":0,"16":0,"17":0,"18":0,"19":0,"20":0,"21":0,"22":0,"23":0,"24":0,"25":0,"26":0},"b":{"0":[0,0],"1":[0,0],"2":[0,0],"3":[0,0],"4":[0,0],"5":[0,0],"6":[0,0],"7":[0,0],"8":[0,0,0,0],"9":[0,0],"10":[0,0,0,0,0],"11":[0,0],"12":[0,0],"13":[0,0],"14":[0,0,0,0],"15":[0,0],"16":[0,0],"17":[0,0],"18":[0,0],"19":[0,0],"20":[0,0],"21":[0,0],"22":[0,0],"23":[0,0],"24":[0,0,0],"25":[0,0],"26":[0,0],"27":[0,0],"28":[0,0],"29":[0,0],"30":[0,0],"31":[0,0],"32":[0,0],"33":[0,0],"34":[0,0],"35":[0,0],"36":[0,0],"37":[0,0]},"inputSourceMap":null}
,"C:\\Users\\ilyak\\Desktop\\side scroller\\js\\games\\dinoRun.js": {"path":"C:\\Users\\ilyak\\Desktop\\side scroller\\js\\games\\dinoRun.js","statementMap":{"0":{"start":{"line":7,"column":34},"end":{"line":7,"column":48}},"1":{"start":{"line":10,"column":20},"end":{"line":70,"column":1}},"2":{"start":{"line":21,"column":8},"end":{"line":21,"column":34}},"3":{"start":{"line":24,"column":8},"end":{"line":24,"column":62}},"4":{"start":{"line":27,"column":8},"end":{"line":27,"column":68}},"5":{"start":{"line":30,"column":8},"end":{"line":30,"column":32}},"6":{"start":{"line":31,"column":8},"end":{"line":31,"column":66}},"7":{"start":{"line":32,"column":8},"end":{"line":32,"column":32}},"8":{"start":{"line":33,"column":8},"end":{"line":33,"column":64}},"9":{"start":{"line":36,"column":8},"end":{"line":36,"column":34}},"10":{"start":{"line":37,"column":26},"end":{"line":37,"column":72}},"11":{"start":{"line":38,"column":8},"end":{"line":38,"column":74}},"12":{"start":{"line":39,"column":8},"end":{"line":39,"column":75}},"13":{"start":{"line":42,"column":8},"end":{"line":42,"column":54}},"14":{"start":{"line":46,"column":8},"end":{"line":55,"column":9}},"15":{"start":{"line":47,"column":12},"end":{"line":47,"column":46}},"16":{"start":{"line":48,"column":12},"end":{"line":48,"column":40}},"17":{"start":{"line":50,"column":12},"end":{"line":54,"column":13}},"18":{"start":{"line":51,"column":16},"end":{"line":51,"column":43}},"19":{"start":{"line":52,"column":16},"end":{"line":52,"column":37}},"20":{"start":{"line":53,"column":16},"end":{"line":53,"column":38}},"21":{"start":{"line":59,"column":8},"end":{"line":62,"column":9}},"22":{"start":{"line":60,"column":12},"end":{"line":60,"column":32}},"23":{"start":{"line":61,"column":12},"end":{"line":61,"column":47}},"24":{"start":{"line":66,"column":8},"end":{"line":66,"column":35}},"25":{"start":{"line":67,"column":8},"end":{"line":67,"column":29}},"26":{"start":{"line":68,"column":8},"end":{"line":68,"column":30}},"27":{"start":{"line":73,"column":25},"end":{"line":167,"column":1}},"28":{"start":{"line":86,"column":28},"end":{"line":86,"column":31}},"29":{"start":{"line":87,"column":28},"end":{"line":87,"column":31}},"30":{"start":{"line":88,"column":25},"end":{"line":88,"column":82}},"31":{"start":{"line":90,"column":18},"end":{"line":90,"column":47}},"32":{"start":{"line":91,"column":22},"end":{"line":91,"column":85}},"33":{"start":{"line":92,"column":23},"end":{"line":92,"column":89}},"34":{"start":{"line":94,"column":8},"end":{"line":100,"column":11}},"35":{"start":{"line":102,"column":8},"end":{"line":102,"column":31}},"36":{"start":{"line":107,"column":8},"end":{"line":110,"column":9}},"37":{"start":{"line":109,"column":12},"end":{"line":109,"column":28}},"38":{"start":{"line":113,"column":8},"end":{"line":128,"column":9}},"39":{"start":{"line":113,"column":21},"end":{"line":113,"column":22}},"40":{"start":{"line":114,"column":12},"end":{"line":114,"column":46}},"41":{"start":{"line":117,"column":12},"end":{"line":121,"column":13}},"42":{"start":{"line":118,"column":16},"end":{"line":118,"column":48}},"43":{"start":{"line":119,"column":16},"end":{"line":119,"column":24}},"44":{"start":{"line":120,"column":16},"end":{"line":120,"column":49}},"45":{"start":{"line":124,"column":12},"end":{"line":127,"column":13}},"46":{"start":{"line":125,"column":16},"end":{"line":125,"column":44}},"47":{"start":{"line":126,"column":16},"end":{"line":126,"column":20}},"48":{"start":{"line":132,"column":8},"end":{"line":132,"column":34}},"49":{"start":{"line":134,"column":8},"end":{"line":145,"column":9}},"50":{"start":{"line":134,"column":21},"end":{"line":134,"column":22}},"51":{"start":{"line":135,"column":29},"end":{"line":135,"column":46}},"52":{"start":{"line":138,"column":12},"end":{"line":138,"column":82}},"53":{"start":{"line":141,"column":12},"end":{"line":144,"column":13}},"54":{"start":{"line":142,"column":16},"end":{"line":142,"column":71}},"55":{"start":{"line":143,"column":16},"end":{"line":143,"column":83}},"56":{"start":{"line":149,"column":8},"end":{"line":158,"column":9}},"57":{"start":{"line":149,"column":21},"end":{"line":149,"column":22}},"58":{"start":{"line":150,"column":29},"end":{"line":150,"column":46}},"59":{"start":{"line":152,"column":12},"end":{"line":157,"column":13}},"60":{"start":{"line":156,"column":16},"end":{"line":156,"column":28}},"61":{"start":{"line":160,"column":8},"end":{"line":160,"column":21}},"62":{"start":{"line":164,"column":8},"end":{"line":164,"column":28}},"63":{"start":{"line":165,"column":8},"end":{"line":165,"column":40}},"64":{"start":{"line":170,"column":22},"end":{"line":196,"column":1}},"65":{"start":{"line":175,"column":8},"end":{"line":175,"column":34}},"66":{"start":{"line":176,"column":8},"end":{"line":176,"column":76}},"67":{"start":{"line":179,"column":8},"end":{"line":179,"column":34}},"68":{"start":{"line":180,"column":8},"end":{"line":180,"column":67}},"69":{"start":{"line":183,"column":8},"end":{"line":183,"column":36}},"70":{"start":{"line":184,"column":8},"end":{"line":184,"column":26}},"71":{"start":{"line":186,"column":8},"end":{"line":191,"column":9}},"72":{"start":{"line":186,"column":21},"end":{"line":186,"column":32}},"73":{"start":{"line":187,"column":12},"end":{"line":187,"column":28}},"74":{"start":{"line":188,"column":12},"end":{"line":188,"column":44}},"75":{"start":{"line":189,"column":12},"end":{"line":189,"column":49}},"76":{"start":{"line":190,"column":12},"end":{"line":190,"column":25}},"77":{"start":{"line":194,"column":8},"end":{"line":194,"column":59}},"78":{"start":{"line":199,"column":26},"end":{"line":249,"column":1}},"79":{"start":{"line":205,"column":8},"end":{"line":212,"column":9}},"80":{"start":{"line":205,"column":21},"end":{"line":205,"column":22}},"81":{"start":{"line":206,"column":12},"end":{"line":211,"column":15}},"82":{"start":{"line":217,"column":8},"end":{"line":225,"column":9}},"83":{"start":{"line":217,"column":21},"end":{"line":217,"column":22}},"84":{"start":{"line":218,"column":12},"end":{"line":218,"column":53}},"85":{"start":{"line":221,"column":12},"end":{"line":224,"column":13}},"86":{"start":{"line":222,"column":16},"end":{"line":222,"column":68}},"87":{"start":{"line":223,"column":16},"end":{"line":223,"column":69}},"88":{"start":{"line":230,"column":8},"end":{"line":230,"column":34}},"89":{"start":{"line":231,"column":8},"end":{"line":231,"column":52}},"90":{"start":{"line":234,"column":8},"end":{"line":234,"column":32}},"91":{"start":{"line":236,"column":8},"end":{"line":239,"column":9}},"92":{"start":{"line":236,"column":21},"end":{"line":236,"column":22}},"93":{"start":{"line":237,"column":26},"end":{"line":237,"column":40}},"94":{"start":{"line":238,"column":12},"end":{"line":238,"column":57}},"95":{"start":{"line":243,"column":8},"end":{"line":243,"column":24}},"96":{"start":{"line":244,"column":8},"end":{"line":244,"column":44}},"97":{"start":{"line":245,"column":8},"end":{"line":245,"column":57}},"98":{"start":{"line":246,"column":8},"end":{"line":246,"column":57}},"99":{"start":{"line":247,"column":8},"end":{"line":247,"column":19}},"100":{"start":{"line":253,"column":4},"end":{"line":253,"column":22}},"101":{"start":{"line":257,"column":4},"end":{"line":257,"column":17}},"102":{"start":{"line":258,"column":4},"end":{"line":258,"column":22}},"103":{"start":{"line":259,"column":4},"end":{"line":259,"column":14}},"104":{"start":{"line":260,"column":4},"end":{"line":260,"column":37}},"105":{"start":{"line":264,"column":4},"end":{"line":273,"column":5}},"106":{"start":{"line":265,"column":8},"end":{"line":265,"column":22}},"107":{"start":{"line":266,"column":8},"end":{"line":266,"column":27}},"108":{"start":{"line":267,"column":8},"end":{"line":267,"column":28}},"109":{"start":{"line":270,"column":8},"end":{"line":272,"column":9}},"110":{"start":{"line":271,"column":12},"end":{"line":271,"column":23}},"111":{"start":{"line":278,"column":4},"end":{"line":278,"column":22}},"112":{"start":{"line":281,"column":4},"end":{"line":281,"column":18}},"113":{"start":{"line":284,"column":4},"end":{"line":284,"column":21}},"114":{"start":{"line":287,"column":4},"end":{"line":287,"column":16}}},"fnMap":{"0":{"name":"setGameOver","decl":{"start":{"line":7,"column":16},"end":{"line":7,"column":27}},"loc":{"start":{"line":7,"column":32},"end":{"line":7,"column":50}},"line":7},"1":{"name":"(anonymous_1)","decl":{"start":{"line":20,"column":10},"end":{"line":20,"column":11}},"loc":{"start":{"line":20,"column":21},"end":{"line":43,"column":5}},"line":20},"2":{"name":"(anonymous_2)","decl":{"start":{"line":45,"column":12},"end":{"line":45,"column":13}},"loc":{"start":{"line":45,"column":23},"end":{"line":56,"column":5}},"line":45},"3":{"name":"(anonymous_3)","decl":{"start":{"line":58,"column":10},"end":{"line":58,"column":11}},"loc":{"start":{"line":58,"column":21},"end":{"line":63,"column":5}},"line":58},"4":{"name":"(anonymous_4)","decl":{"start":{"line":65,"column":11},"end":{"line":65,"column":12}},"loc":{"start":{"line":65,"column":22},"end":{"line":69,"column":5}},"line":65},"5":{"name":"(anonymous_5)","decl":{"start":{"line":84,"column":14},"end":{"line":84,"column":15}},"loc":{"start":{"line":84,"column":25},"end":{"line":103,"column":5}},"line":84},"6":{"name":"(anonymous_6)","decl":{"start":{"line":105,"column":12},"end":{"line":105,"column":13}},"loc":{"start":{"line":105,"column":23},"end":{"line":129,"column":5}},"line":105},"7":{"name":"(anonymous_7)","decl":{"start":{"line":131,"column":10},"end":{"line":131,"column":11}},"loc":{"start":{"line":131,"column":21},"end":{"line":146,"column":5}},"line":131},"8":{"name":"(anonymous_8)","decl":{"start":{"line":148,"column":20},"end":{"line":148,"column":21}},"loc":{"start":{"line":148,"column":31},"end":{"line":161,"column":5}},"line":148},"9":{"name":"(anonymous_9)","decl":{"start":{"line":163,"column":11},"end":{"line":163,"column":12}},"loc":{"start":{"line":163,"column":22},"end":{"line":166,"column":5}},"line":163},"10":{"name":"(anonymous_10)","decl":{"start":{"line":174,"column":10},"end":{"line":174,"column":11}},"loc":{"start":{"line":174,"column":21},"end":{"line":195,"column":5}},"line":174},"11":{"name":"(anonymous_11)","decl":{"start":{"line":203,"column":10},"end":{"line":203,"column":11}},"loc":{"start":{"line":203,"column":21},"end":{"line":213,"column":5}},"line":203},"12":{"name":"(anonymous_12)","decl":{"start":{"line":215,"column":12},"end":{"line":215,"column":13}},"loc":{"start":{"line":215,"column":23},"end":{"line":226,"column":5}},"line":215},"13":{"name":"(anonymous_13)","decl":{"start":{"line":228,"column":10},"end":{"line":228,"column":11}},"loc":{"start":{"line":228,"column":21},"end":{"line":240,"column":5}},"line":228},"14":{"name":"(anonymous_14)","decl":{"start":{"line":242,"column":15},"end":{"line":242,"column":16}},"loc":{"start":{"line":242,"column":36},"end":{"line":248,"column":5}},"line":242},"15":{"name":"initDinoRun","decl":{"start":{"line":252,"column":16},"end":{"line":252,"column":27}},"loc":{"start":{"line":252,"column":30},"end":{"line":254,"column":1}},"line":252},"16":{"name":"resetDinoRun","decl":{"start":{"line":256,"column":16},"end":{"line":256,"column":28}},"loc":{"start":{"line":256,"column":31},"end":{"line":261,"column":1}},"line":256},"17":{"name":"updateDinoRun","decl":{"start":{"line":263,"column":16},"end":{"line":263,"column":29}},"loc":{"start":{"line":263,"column":32},"end":{"line":274,"column":1}},"line":263},"18":{"name":"drawDinoRun","decl":{"start":{"line":276,"column":16},"end":{"line":276,"column":27}},"loc":{"start":{"line":276,"column":30},"end":{"line":288,"column":1}},"line":276}},"branchMap":{"0":{"loc":{"start":{"line":37,"column":26},"end":{"line":37,"column":72}},"type":"cond-expr","locations":[{"start":{"line":37,"column":67},"end":{"line":37,"column":68}},{"start":{"line":37,"column":71},"end":{"line":37,"column":72}}],"line":37},"1":{"loc":{"start":{"line":46,"column":8},"end":{"line":55,"column":9}},"type":"if","locations":[{"start":{"line":46,"column":8},"end":{"line":55,"column":9}},{"start":{},"end":{}}],"line":46},"2":{"loc":{"start":{"line":50,"column":12},"end":{"line":54,"column":13}},"type":"if","locations":[{"start":{"line":50,"column":12},"end":{"line":54,"column":13}},{"start":{},"end":{}}],"line":50},"3":{"loc":{"start":{"line":59,"column":8},"end":{"line":62,"column":9}},"type":"if","locations":[{"start":{"line":59,"column":8},"end":{"line":62,"column":9}},{"start":{},"end":{}}],"line":59},"4":{"loc":{"start":{"line":107,"column":8},"end":{"line":110,"column":9}},"type":"if","locations":[{"start":{"line":107,"column":8},"end":{"line":110,"column":9}},{"start":{},"end":{}}],"line":107},"5":{"loc":{"start":{"line":107,"column":12},"end":{"line":108,"column":74}},"type":"binary-expr","locations":[{"start":{"line":107,"column":12},"end":{"line":107,"column":39}},{"start":{"line":108,"column":12},"end":{"line":108,"column":74}}],"line":107},"6":{"loc":{"start":{"line":117,"column":12},"end":{"line":121,"column":13}},"type":"if","locations":[{"start":{"line":117,"column":12},"end":{"line":121,"column":13}},{"start":{},"end":{}}],"line":117},"7":{"loc":{"start":{"line":117,"column":16},"end":{"line":117,"column":99}},"type":"binary-expr","locations":[{"start":{"line":117,"column":16},"end":{"line":117,"column":41}},{"start":{"line":117,"column":45},"end":{"line":117,"column":99}}],"line":117},"8":{"loc":{"start":{"line":124,"column":12},"end":{"line":127,"column":13}},"type":"if","locations":[{"start":{"line":124,"column":12},"end":{"line":127,"column":13}},{"start":{},"end":{}}],"line":124},"9":{"loc":{"start":{"line":141,"column":12},"end":{"line":144,"column":13}},"type":"if","locations":[{"start":{"line":141,"column":12},"end":{"line":144,"column":13}},{"start":{},"end":{}}],"line":141},"10":{"loc":{"start":{"line":152,"column":12},"end":{"line":157,"column":13}},"type":"if","locations":[{"start":{"line":152,"column":12},"end":{"line":157,"column":13}},{"start":{},"end":{}}],"line":152},"11":{"loc":{"start":{"line":152,"column":16},"end":{"line":155,"column":49}},"type":"binary-expr","locations":[{"start":{"line":152,"column":16},"end":{"line":152,"column":52}},{"start":{"line":153,"column":16},"end":{"line":153,"column":48}},{"start":{"line":154,"column":16},"end":{"line":154,"column":53}},{"start":{"line":155,"column":16},"end":{"line":155,"column":49}}],"line":152},"12":{"loc":{"start":{"line":221,"column":12},"end":{"line":224,"column":13}},"type":"if","locations":[{"start":{"line":221,"column":12},"end":{"line":224,"column":13}},{"start":{},"end":{}}],"line":221},"13":{"loc":{"start":{"line":264,"column":4},"end":{"line":273,"column":5}},"type":"if","locations":[{"start":{"line":264,"column":4},"end":{"line":273,"column":5}},{"start":{},"end":{}}],"line":264},"14":{"loc":{"start":{"line":270,"column":8},"end":{"line":272,"column":9}},"type":"if","locations":[{"start":{"line":270,"column":8},"end":{"line":272,"column":9}},{"start":{},"end":{}}],"line":270}},"s":{"0":0,"1":0,"2":0,"3":0,"4":0,"5":0,"6":0,"7":0,"8":0,"9":0,"10":0,"11":0,"12":0,"13":0,"14":0,"15":0,"16":0,"17":0,"18":0,"19":0,"20":0,"21":0,"22":0,"23":0,"24":0,"25":0,"26":0,"27":0,"28":0,"29":0,"30":0,"31":0,"32":0,"33":0,"34":0,"35":0,"36":0,"37":0,"38":0,"39":0,"40":0,"41":0,"42":0,"43":0,"44":0,"45":0,"46":0,"47":0,"48":0,"49":0,"50":0,"51":0,"52":0,"53":0,"54":0,"55":0,"56":0,"57":0,"58":0,"59":0,"60":0,"61":0,"62":0,"63":0,"64":0,"65":0,"66":0,"67":0,"68":0,"69":0,"70":0,"71":0,"72":0,"73":0,"74":0,"75":0,"76":0,"77":0,"78":0,"79":0,"80":0,"81":0,"82":0,"83":0,"84":0,"85":0,"86":0,"87":0,"88":0,"89":0,"90":0,"91":0,"92":0,"93":0,"94":0,"95":0,"96":0,"97":0,"98":0,"99":0,"100":0,"101":0,"102":0,"103":0,"104":0,"105":0,"106":0,"107":0,"108":0,"109":0,"110":0,"111":0,"112":0,"113":0,"114":0},"f":{"0":0,"1":0,"2":0,"3":0,"4":0,"5":0,"6":0,"7":0,"8":0,"9":0,"10":0,"11":0,"12":0,"13":0,"14":0,"15":0,"16":0,"17":0,"18":0},"b":{"0":[0,0],"1":[0,0],"2":[0,0],"3":[0,0],"4":[0,0],"5":[0,0],"6":[0,0],"7":[0,0],"8":[0,0],"9":[0,0],"10":[0,0],"11":[0,0,0,0],"12":[0,0],"13":[0,0],"14":[0,0]},"inputSourceMap":null}
,"C:\\Users\\ilyak\\Desktop\\side scroller\\js\\games\\doodleJump.js": {"path":"C:\\Users\\ilyak\\Desktop\\side scroller\\js\\games\\doodleJump.js","statementMap":{"0":{"start":{"line":13,"column":34},"end":{"line":13,"column":48}},"1":{"start":{"line":16,"column":39},"end":{"line":16,"column":58}},"2":{"start":{"line":19,"column":22},"end":{"line":108,"column":1}},"3":{"start":{"line":33,"column":8},"end":{"line":33,"column":34}},"4":{"start":{"line":34,"column":8},"end":{"line":34,"column":24}},"5":{"start":{"line":35,"column":8},"end":{"line":35,"column":93}},"6":{"start":{"line":36,"column":8},"end":{"line":36,"column":19}},"7":{"start":{"line":39,"column":8},"end":{"line":39,"column":32}},"8":{"start":{"line":40,"column":8},"end":{"line":40,"column":24}},"9":{"start":{"line":41,"column":8},"end":{"line":41,"column":90}},"10":{"start":{"line":42,"column":8},"end":{"line":42,"column":90}},"11":{"start":{"line":43,"column":8},"end":{"line":43,"column":19}},"12":{"start":{"line":45,"column":8},"end":{"line":45,"column":32}},"13":{"start":{"line":46,"column":8},"end":{"line":46,"column":24}},"14":{"start":{"line":47,"column":8},"end":{"line":47,"column":90}},"15":{"start":{"line":48,"column":8},"end":{"line":48,"column":90}},"16":{"start":{"line":49,"column":8},"end":{"line":49,"column":19}},"17":{"start":{"line":52,"column":8},"end":{"line":52,"column":34}},"18":{"start":{"line":53,"column":8},"end":{"line":53,"column":24}},"19":{"start":{"line":54,"column":8},"end":{"line":54,"column":66}},"20":{"start":{"line":55,"column":8},"end":{"line":55,"column":74}},"21":{"start":{"line":56,"column":8},"end":{"line":56,"column":74}},"22":{"start":{"line":57,"column":8},"end":{"line":57,"column":24}},"23":{"start":{"line":58,"column":8},"end":{"line":58,"column":19}},"24":{"start":{"line":63,"column":8},"end":{"line":63,"column":39}},"25":{"start":{"line":64,"column":8},"end":{"line":64,"column":33}},"26":{"start":{"line":67,"column":8},"end":{"line":67,"column":33}},"27":{"start":{"line":70,"column":8},"end":{"line":70,"column":32}},"28":{"start":{"line":73,"column":8},"end":{"line":77,"column":9}},"29":{"start":{"line":74,"column":12},"end":{"line":74,"column":45}},"30":{"start":{"line":75,"column":15},"end":{"line":77,"column":9}},"31":{"start":{"line":76,"column":12},"end":{"line":76,"column":23}},"32":{"start":{"line":80,"column":8},"end":{"line":82,"column":9}},"33":{"start":{"line":81,"column":12},"end":{"line":81,"column":23}},"34":{"start":{"line":86,"column":8},"end":{"line":86,"column":40}},"35":{"start":{"line":90,"column":8},"end":{"line":90,"column":41}},"36":{"start":{"line":94,"column":8},"end":{"line":94,"column":40}},"37":{"start":{"line":98,"column":8},"end":{"line":98,"column":27}},"38":{"start":{"line":102,"column":8},"end":{"line":102,"column":37}},"39":{"start":{"line":103,"column":8},"end":{"line":103,"column":35}},"40":{"start":{"line":104,"column":8},"end":{"line":104,"column":27}},"41":{"start":{"line":105,"column":8},"end":{"line":105,"column":27}},"42":{"start":{"line":106,"column":8},"end":{"line":106,"column":32}},"43":{"start":{"line":111,"column":25},"end":{"line":250,"column":1}},"44":{"start":{"line":120,"column":28},"end":{"line":120,"column":30}},"45":{"start":{"line":121,"column":28},"end":{"line":121,"column":31}},"46":{"start":{"line":122,"column":25},"end":{"line":122,"column":82}},"47":{"start":{"line":124,"column":18},"end":{"line":124,"column":47}},"48":{"start":{"line":125,"column":18},"end":{"line":125,"column":59}},"49":{"start":{"line":128,"column":21},"end":{"line":128,"column":62}},"50":{"start":{"line":130,"column":8},"end":{"line":139,"column":11}},"51":{"start":{"line":141,"column":8},"end":{"line":141,"column":31}},"52":{"start":{"line":146,"column":8},"end":{"line":149,"column":9}},"53":{"start":{"line":148,"column":12},"end":{"line":148,"column":28}},"54":{"start":{"line":152,"column":8},"end":{"line":169,"column":9}},"55":{"start":{"line":152,"column":21},"end":{"line":152,"column":22}},"56":{"start":{"line":153,"column":29},"end":{"line":153,"column":46}},"57":{"start":{"line":156,"column":12},"end":{"line":162,"column":13}},"58":{"start":{"line":157,"column":16},"end":{"line":157,"column":70}},"59":{"start":{"line":159,"column":16},"end":{"line":161,"column":17}},"60":{"start":{"line":160,"column":20},"end":{"line":160,"column":45}},"61":{"start":{"line":165,"column":12},"end":{"line":168,"column":13}},"62":{"start":{"line":166,"column":16},"end":{"line":166,"column":44}},"63":{"start":{"line":167,"column":16},"end":{"line":167,"column":20}},"64":{"start":{"line":172,"column":8},"end":{"line":205,"column":9}},"65":{"start":{"line":172,"column":21},"end":{"line":172,"column":22}},"66":{"start":{"line":173,"column":29},"end":{"line":173,"column":46}},"67":{"start":{"line":176,"column":12},"end":{"line":204,"column":13}},"68":{"start":{"line":183,"column":16},"end":{"line":183,"column":30}},"69":{"start":{"line":184,"column":16},"end":{"line":184,"column":41}},"70":{"start":{"line":187,"column":16},"end":{"line":201,"column":17}},"71":{"start":{"line":188,"column":41},"end":{"line":188,"column":67}},"72":{"start":{"line":189,"column":20},"end":{"line":189,"column":47}},"73":{"start":{"line":192,"column":20},"end":{"line":200,"column":21}},"74":{"start":{"line":192,"column":33},"end":{"line":192,"column":34}},"75":{"start":{"line":193,"column":24},"end":{"line":193,"column":60}},"76":{"start":{"line":196,"column":24},"end":{"line":199,"column":25}},"77":{"start":{"line":197,"column":28},"end":{"line":197,"column":36}},"78":{"start":{"line":198,"column":28},"end":{"line":198,"column":61}},"79":{"start":{"line":203,"column":16},"end":{"line":203,"column":22}},"80":{"start":{"line":209,"column":8},"end":{"line":224,"column":9}},"81":{"start":{"line":209,"column":21},"end":{"line":209,"column":22}},"82":{"start":{"line":210,"column":29},"end":{"line":210,"column":46}},"83":{"start":{"line":213,"column":12},"end":{"line":217,"column":13}},"84":{"start":{"line":214,"column":16},"end":{"line":214,"column":42}},"85":{"start":{"line":216,"column":16},"end":{"line":216,"column":42}},"86":{"start":{"line":219,"column":12},"end":{"line":219,"column":82}},"87":{"start":{"line":222,"column":12},"end":{"line":222,"column":49}},"88":{"start":{"line":223,"column":12},"end":{"line":223,"column":90}},"89":{"start":{"line":228,"column":8},"end":{"line":228,"column":28}},"90":{"start":{"line":229,"column":8},"end":{"line":229,"column":47}},"91":{"start":{"line":232,"column":8},"end":{"line":248,"column":9}},"92":{"start":{"line":232,"column":21},"end":{"line":232,"column":22}},"93":{"start":{"line":233,"column":22},"end":{"line":233,"column":48}},"94":{"start":{"line":234,"column":22},"end":{"line":234,"column":107}},"95":{"start":{"line":236,"column":12},"end":{"line":245,"column":15}},"96":{"start":{"line":247,"column":12},"end":{"line":247,"column":35}},"97":{"start":{"line":253,"column":26},"end":{"line":275,"column":1}},"98":{"start":{"line":256,"column":25},"end":{"line":256,"column":71}},"99":{"start":{"line":257,"column":8},"end":{"line":257,"column":44}},"100":{"start":{"line":258,"column":8},"end":{"line":258,"column":44}},"101":{"start":{"line":260,"column":8},"end":{"line":260,"column":33}},"102":{"start":{"line":261,"column":8},"end":{"line":261,"column":52}},"103":{"start":{"line":264,"column":8},"end":{"line":264,"column":32}},"104":{"start":{"line":265,"column":8},"end":{"line":273,"column":9}},"105":{"start":{"line":265,"column":21},"end":{"line":265,"column":22}},"106":{"start":{"line":266,"column":22},"end":{"line":266,"column":43}},"107":{"start":{"line":267,"column":22},"end":{"line":267,"column":50}},"108":{"start":{"line":268,"column":25},"end":{"line":268,"column":36}},"109":{"start":{"line":270,"column":12},"end":{"line":270,"column":28}},"110":{"start":{"line":271,"column":12},"end":{"line":271,"column":48}},"111":{"start":{"line":272,"column":12},"end":{"line":272,"column":23}},"112":{"start":{"line":280,"column":4},"end":{"line":280,"column":31}},"113":{"start":{"line":283,"column":4},"end":{"line":283,"column":26}},"114":{"start":{"line":289,"column":4},"end":{"line":302,"column":7}},"115":{"start":{"line":290,"column":8},"end":{"line":290,"column":72}},"116":{"start":{"line":290,"column":65},"end":{"line":290,"column":72}},"117":{"start":{"line":292,"column":21},"end":{"line":292,"column":55}},"118":{"start":{"line":293,"column":23},"end":{"line":293,"column":55}},"119":{"start":{"line":294,"column":28},"end":{"line":294,"column":38}},"120":{"start":{"line":297,"column":8},"end":{"line":301,"column":9}},"121":{"start":{"line":298,"column":12},"end":{"line":298,"column":30}},"122":{"start":{"line":300,"column":12},"end":{"line":300,"column":31}},"123":{"start":{"line":304,"column":4},"end":{"line":308,"column":7}},"124":{"start":{"line":305,"column":8},"end":{"line":305,"column":72}},"125":{"start":{"line":305,"column":65},"end":{"line":305,"column":72}},"126":{"start":{"line":307,"column":8},"end":{"line":307,"column":28}},"127":{"start":{"line":311,"column":4},"end":{"line":319,"column":7}},"128":{"start":{"line":312,"column":8},"end":{"line":312,"column":72}},"129":{"start":{"line":312,"column":65},"end":{"line":312,"column":72}},"130":{"start":{"line":314,"column":8},"end":{"line":318,"column":9}},"131":{"start":{"line":315,"column":12},"end":{"line":315,"column":30}},"132":{"start":{"line":316,"column":15},"end":{"line":318,"column":9}},"133":{"start":{"line":317,"column":12},"end":{"line":317,"column":31}},"134":{"start":{"line":321,"column":4},"end":{"line":327,"column":7}},"135":{"start":{"line":322,"column":8},"end":{"line":322,"column":72}},"136":{"start":{"line":322,"column":65},"end":{"line":322,"column":72}},"137":{"start":{"line":324,"column":8},"end":{"line":326,"column":9}},"138":{"start":{"line":325,"column":12},"end":{"line":325,"column":32}},"139":{"start":{"line":331,"column":4},"end":{"line":331,"column":19}},"140":{"start":{"line":332,"column":4},"end":{"line":332,"column":22}},"141":{"start":{"line":333,"column":4},"end":{"line":333,"column":14}},"142":{"start":{"line":334,"column":4},"end":{"line":334,"column":37}},"143":{"start":{"line":338,"column":4},"end":{"line":341,"column":5}},"144":{"start":{"line":339,"column":8},"end":{"line":339,"column":24}},"145":{"start":{"line":340,"column":8},"end":{"line":340,"column":27}},"146":{"start":{"line":346,"column":4},"end":{"line":346,"column":22}},"147":{"start":{"line":349,"column":4},"end":{"line":349,"column":21}},"148":{"start":{"line":352,"column":4},"end":{"line":352,"column":18}}},"fnMap":{"0":{"name":"setGameOver","decl":{"start":{"line":13,"column":16},"end":{"line":13,"column":27}},"loc":{"start":{"line":13,"column":32},"end":{"line":13,"column":50}},"line":13},"1":{"name":"setCurrentGame","decl":{"start":{"line":16,"column":16},"end":{"line":16,"column":30}},"loc":{"start":{"line":16,"column":37},"end":{"line":16,"column":60}},"line":16},"2":{"name":"(anonymous_2)","decl":{"start":{"line":31,"column":10},"end":{"line":31,"column":11}},"loc":{"start":{"line":31,"column":21},"end":{"line":59,"column":5}},"line":31},"3":{"name":"(anonymous_3)","decl":{"start":{"line":61,"column":12},"end":{"line":61,"column":13}},"loc":{"start":{"line":61,"column":23},"end":{"line":83,"column":5}},"line":61},"4":{"name":"(anonymous_4)","decl":{"start":{"line":85,"column":10},"end":{"line":85,"column":11}},"loc":{"start":{"line":85,"column":21},"end":{"line":87,"column":5}},"line":85},"5":{"name":"(anonymous_5)","decl":{"start":{"line":89,"column":14},"end":{"line":89,"column":15}},"loc":{"start":{"line":89,"column":25},"end":{"line":91,"column":5}},"line":89},"6":{"name":"(anonymous_6)","decl":{"start":{"line":93,"column":15},"end":{"line":93,"column":16}},"loc":{"start":{"line":93,"column":26},"end":{"line":95,"column":5}},"line":93},"7":{"name":"(anonymous_7)","decl":{"start":{"line":97,"column":16},"end":{"line":97,"column":17}},"loc":{"start":{"line":97,"column":27},"end":{"line":99,"column":5}},"line":97},"8":{"name":"(anonymous_8)","decl":{"start":{"line":101,"column":11},"end":{"line":101,"column":12}},"loc":{"start":{"line":101,"column":22},"end":{"line":107,"column":5}},"line":101},"9":{"name":"(anonymous_9)","decl":{"start":{"line":119,"column":14},"end":{"line":119,"column":15}},"loc":{"start":{"line":119,"column":25},"end":{"line":142,"column":5}},"line":119},"10":{"name":"(anonymous_10)","decl":{"start":{"line":144,"column":12},"end":{"line":144,"column":13}},"loc":{"start":{"line":144,"column":23},"end":{"line":206,"column":5}},"line":144},"11":{"name":"(anonymous_11)","decl":{"start":{"line":208,"column":10},"end":{"line":208,"column":11}},"loc":{"start":{"line":208,"column":21},"end":{"line":225,"column":5}},"line":208},"12":{"name":"(anonymous_12)","decl":{"start":{"line":227,"column":11},"end":{"line":227,"column":12}},"loc":{"start":{"line":227,"column":22},"end":{"line":249,"column":5}},"line":227},"13":{"name":"(anonymous_13)","decl":{"start":{"line":254,"column":10},"end":{"line":254,"column":11}},"loc":{"start":{"line":254,"column":21},"end":{"line":274,"column":5}},"line":254},"14":{"name":"initDoodleJump","decl":{"start":{"line":278,"column":16},"end":{"line":278,"column":30}},"loc":{"start":{"line":278,"column":46},"end":{"line":284,"column":1}},"line":278},"15":{"name":"setupEventListeners","decl":{"start":{"line":287,"column":9},"end":{"line":287,"column":28}},"loc":{"start":{"line":287,"column":31},"end":{"line":328,"column":1}},"line":287},"16":{"name":"(anonymous_16)","decl":{"start":{"line":289,"column":45},"end":{"line":289,"column":46}},"loc":{"start":{"line":289,"column":52},"end":{"line":302,"column":5}},"line":289},"17":{"name":"(anonymous_17)","decl":{"start":{"line":304,"column":44},"end":{"line":304,"column":45}},"loc":{"start":{"line":304,"column":50},"end":{"line":308,"column":5}},"line":304},"18":{"name":"(anonymous_18)","decl":{"start":{"line":311,"column":41},"end":{"line":311,"column":42}},"loc":{"start":{"line":311,"column":48},"end":{"line":319,"column":5}},"line":311},"19":{"name":"(anonymous_19)","decl":{"start":{"line":321,"column":39},"end":{"line":321,"column":40}},"loc":{"start":{"line":321,"column":46},"end":{"line":327,"column":5}},"line":321},"20":{"name":"resetDoodleJump","decl":{"start":{"line":330,"column":16},"end":{"line":330,"column":31}},"loc":{"start":{"line":330,"column":34},"end":{"line":335,"column":1}},"line":330},"21":{"name":"updateDoodleJump","decl":{"start":{"line":337,"column":16},"end":{"line":337,"column":32}},"loc":{"start":{"line":337,"column":35},"end":{"line":342,"column":1}},"line":337},"22":{"name":"drawDoodleJump","decl":{"start":{"line":344,"column":16},"end":{"line":344,"column":30}},"loc":{"start":{"line":344,"column":33},"end":{"line":353,"column":1}},"line":344}},"branchMap":{"0":{"loc":{"start":{"line":73,"column":8},"end":{"line":77,"column":9}},"type":"if","locations":[{"start":{"line":73,"column":8},"end":{"line":77,"column":9}},{"start":{"line":75,"column":15},"end":{"line":77,"column":9}}],"line":73},"1":{"loc":{"start":{"line":75,"column":15},"end":{"line":77,"column":9}},"type":"if","locations":[{"start":{"line":75,"column":15},"end":{"line":77,"column":9}},{"start":{},"end":{}}],"line":75},"2":{"loc":{"start":{"line":80,"column":8},"end":{"line":82,"column":9}},"type":"if","locations":[{"start":{"line":80,"column":8},"end":{"line":82,"column":9}},{"start":{},"end":{}}],"line":80},"3":{"loc":{"start":{"line":128,"column":21},"end":{"line":128,"column":62}},"type":"cond-expr","locations":[{"start":{"line":128,"column":43},"end":{"line":128,"column":51}},{"start":{"line":128,"column":54},"end":{"line":128,"column":62}}],"line":128},"4":{"loc":{"start":{"line":136,"column":23},"end":{"line":136,"column":51}},"type":"cond-expr","locations":[{"start":{"line":136,"column":45},"end":{"line":136,"column":46}},{"start":{"line":136,"column":49},"end":{"line":136,"column":51}}],"line":136},"5":{"loc":{"start":{"line":146,"column":15},"end":{"line":147,"column":63}},"type":"binary-expr","locations":[{"start":{"line":146,"column":15},"end":{"line":146,"column":56}},{"start":{"line":147,"column":15},"end":{"line":147,"column":63}}],"line":146},"6":{"loc":{"start":{"line":156,"column":12},"end":{"line":162,"column":13}},"type":"if","locations":[{"start":{"line":156,"column":12},"end":{"line":162,"column":13}},{"start":{},"end":{}}],"line":156},"7":{"loc":{"start":{"line":159,"column":16},"end":{"line":161,"column":17}},"type":"if","locations":[{"start":{"line":159,"column":16},"end":{"line":161,"column":17}},{"start":{},"end":{}}],"line":159},"8":{"loc":{"start":{"line":159,"column":20},"end":{"line":159,"column":80}},"type":"binary-expr","locations":[{"start":{"line":159,"column":20},"end":{"line":159,"column":35}},{"start":{"line":159,"column":39},"end":{"line":159,"column":80}}],"line":159},"9":{"loc":{"start":{"line":165,"column":12},"end":{"line":168,"column":13}},"type":"if","locations":[{"start":{"line":165,"column":12},"end":{"line":168,"column":13}},{"start":{},"end":{}}],"line":165},"10":{"loc":{"start":{"line":176,"column":12},"end":{"line":204,"column":13}},"type":"if","locations":[{"start":{"line":176,"column":12},"end":{"line":204,"column":13}},{"start":{},"end":{}}],"line":176},"11":{"loc":{"start":{"line":176,"column":16},"end":{"line":180,"column":36}},"type":"binary-expr","locations":[{"start":{"line":176,"column":16},"end":{"line":176,"column":54}},{"start":{"line":177,"column":16},"end":{"line":177,"column":52}},{"start":{"line":178,"column":16},"end":{"line":178,"column":53}},{"start":{"line":179,"column":16},"end":{"line":179,"column":90}},{"start":{"line":180,"column":16},"end":{"line":180,"column":36}}],"line":176},"12":{"loc":{"start":{"line":187,"column":16},"end":{"line":201,"column":17}},"type":"if","locations":[{"start":{"line":187,"column":16},"end":{"line":201,"column":17}},{"start":{},"end":{}}],"line":187},"13":{"loc":{"start":{"line":196,"column":24},"end":{"line":199,"column":25}},"type":"if","locations":[{"start":{"line":196,"column":24},"end":{"line":199,"column":25}},{"start":{},"end":{}}],"line":196},"14":{"loc":{"start":{"line":213,"column":12},"end":{"line":217,"column":13}},"type":"if","locations":[{"start":{"line":213,"column":12},"end":{"line":217,"column":13}},{"start":{"line":215,"column":19},"end":{"line":217,"column":13}}],"line":213},"15":{"loc":{"start":{"line":234,"column":22},"end":{"line":234,"column":107}},"type":"cond-expr","locations":[{"start":{"line":234,"column":32},"end":{"line":234,"column":63}},{"start":{"line":234,"column":66},"end":{"line":234,"column":107}}],"line":234},"16":{"loc":{"start":{"line":241,"column":22},"end":{"line":241,"column":84}},"type":"cond-expr","locations":[{"start":{"line":241,"column":32},"end":{"line":241,"column":40}},{"start":{"line":241,"column":43},"end":{"line":241,"column":84}}],"line":241},"17":{"loc":{"start":{"line":241,"column":43},"end":{"line":241,"column":84}},"type":"cond-expr","locations":[{"start":{"line":241,"column":65},"end":{"line":241,"column":73}},{"start":{"line":241,"column":76},"end":{"line":241,"column":84}}],"line":241},"18":{"loc":{"start":{"line":242,"column":27},"end":{"line":242,"column":55}},"type":"cond-expr","locations":[{"start":{"line":242,"column":49},"end":{"line":242,"column":50}},{"start":{"line":242,"column":53},"end":{"line":242,"column":55}}],"line":242},"19":{"loc":{"start":{"line":290,"column":8},"end":{"line":290,"column":72}},"type":"if","locations":[{"start":{"line":290,"column":8},"end":{"line":290,"column":72}},{"start":{},"end":{}}],"line":290},"20":{"loc":{"start":{"line":290,"column":12},"end":{"line":290,"column":63}},"type":"binary-expr","locations":[{"start":{"line":290,"column":12},"end":{"line":290,"column":36}},{"start":{"line":290,"column":40},"end":{"line":290,"column":63}}],"line":290},"21":{"loc":{"start":{"line":297,"column":8},"end":{"line":301,"column":9}},"type":"if","locations":[{"start":{"line":297,"column":8},"end":{"line":301,"column":9}},{"start":{"line":299,"column":15},"end":{"line":301,"column":9}}],"line":297},"22":{"loc":{"start":{"line":305,"column":8},"end":{"line":305,"column":72}},"type":"if","locations":[{"start":{"line":305,"column":8},"end":{"line":305,"column":72}},{"start":{},"end":{}}],"line":305},"23":{"loc":{"start":{"line":305,"column":12},"end":{"line":305,"column":63}},"type":"binary-expr","locations":[{"start":{"line":305,"column":12},"end":{"line":305,"column":36}},{"start":{"line":305,"column":40},"end":{"line":305,"column":63}}],"line":305},"24":{"loc":{"start":{"line":312,"column":8},"end":{"line":312,"column":72}},"type":"if","locations":[{"start":{"line":312,"column":8},"end":{"line":312,"column":72}},{"start":{},"end":{}}],"line":312},"25":{"loc":{"start":{"line":312,"column":12},"end":{"line":312,"column":63}},"type":"binary-expr","locations":[{"start":{"line":312,"column":12},"end":{"line":312,"column":36}},{"start":{"line":312,"column":40},"end":{"line":312,"column":63}}],"line":312},"26":{"loc":{"start":{"line":314,"column":8},"end":{"line":318,"column":9}},"type":"if","locations":[{"start":{"line":314,"column":8},"end":{"line":318,"column":9}},{"start":{"line":316,"column":15},"end":{"line":318,"column":9}}],"line":314},"27":{"loc":{"start":{"line":316,"column":15},"end":{"line":318,"column":9}},"type":"if","locations":[{"start":{"line":316,"column":15},"end":{"line":318,"column":9}},{"start":{},"end":{}}],"line":316},"28":{"loc":{"start":{"line":322,"column":8},"end":{"line":322,"column":72}},"type":"if","locations":[{"start":{"line":322,"column":8},"end":{"line":322,"column":72}},{"start":{},"end":{}}],"line":322},"29":{"loc":{"start":{"line":322,"column":12},"end":{"line":322,"column":63}},"type":"binary-expr","locations":[{"start":{"line":322,"column":12},"end":{"line":322,"column":36}},{"start":{"line":322,"column":40},"end":{"line":322,"column":63}}],"line":322},"30":{"loc":{"start":{"line":324,"column":8},"end":{"line":326,"column":9}},"type":"if","locations":[{"start":{"line":324,"column":8},"end":{"line":326,"column":9}},{"start":{},"end":{}}],"line":324},"31":{"loc":{"start":{"line":324,"column":12},"end":{"line":324,"column":61}},"type":"binary-expr","locations":[{"start":{"line":324,"column":12},"end":{"line":324,"column":34}},{"start":{"line":324,"column":38},"end":{"line":324,"column":61}}],"line":324},"32":{"loc":{"start":{"line":338,"column":4},"end":{"line":341,"column":5}},"type":"if","locations":[{"start":{"line":338,"column":4},"end":{"line":341,"column":5}},{"start":{},"end":{}}],"line":338}},"s":{"0":0,"1":0,"2":0,"3":0,"4":0,"5":0,"6":0,"7":0,"8":0,"9":0,"10":0,"11":0,"12":0,"13":0,"14":0,"15":0,"16":0,"17":0,"18":0,"19":0,"20":0,"21":0,"22":0,"23":0,"24":0,"25":0,"26":0,"27":0,"28":0,"29":0,"30":0,"31":0,"32":0,"33":0,"34":0,"35":0,"36":0,"37":0,"38":0,"39":0,"40":0,"41":0,"42":0,"43":0,"44":0,"45":0,"46":0,"47":0,"48":0,"49":0,"50":0,"51":0,"52":0,"53":0,"54":0,"55":0,"56":0,"57":0,"58":0,"59":0,"60":0,"61":0,"62":0,"63":0,"64":0,"65":0,"66":0,"67":0,"68":0,"69":0,"70":0,"71":0,"72":0,"73":0,"74":0,"75":0,"76":0,"77":0,"78":0,"79":0,"80":0,"81":0,"82":0,"83":0,"84":0,"85":0,"86":0,"87":0,"88":0,"89":0,"90":0,"91":0,"92":0,"93":0,"94":0,"95":0,"96":0,"97":0,"98":0,"99":0,"100":0,"101":0,"102":0,"103":0,"104":0,"105":0,"106":0,"107":0,"108":0,"109":0,"110":0,"111":0,"112":0,"113":0,"114":0,"115":0,"116":0,"117":0,"118":0,"119":0,"120":0,"121":0,"122":0,"123":0,"124":0,"125":0,"126":0,"127":0,"128":0,"129":0,"130":0,"131":0,"132":0,"133":0,"134":0,"135":0,"136":0,"137":0,"138":0,"139":0,"140":0,"141":0,"142":0,"143":0,"144":0,"145":0,"146":0,"147":0,"148":0},"f":{"0":0,"1":0,"2":0,"3":0,"4":0,"5":0,"6":0,"7":0,"8":0,"9":0,"10":0,"11":0,"12":0,"13":0,"14":0,"15":0,"16":0,"17":0,"18":0,"19":0,"20":0,"21":0,"22":0},"b":{"0":[0,0],"1":[0,0],"2":[0,0],"3":[0,0],"4":[0,0],"5":[0,0],"6":[0,0],"7":[0,0],"8":[0,0],"9":[0,0],"10":[0,0],"11":[0,0,0,0,0],"12":[0,0],"13":[0,0],"14":[0,0],"15":[0,0],"16":[0,0],"17":[0,0],"18":[0,0],"19":[0,0],"20":[0,0],"21":[0,0],"22":[0,0],"23":[0,0],"24":[0,0],"25":[0,0],"26":[0,0],"27":[0,0],"28":[0,0],"29":[0,0],"30":[0,0],"31":[0,0],"32":[0,0]},"inputSourceMap":null}
,"C:\\Users\\ilyak\\Desktop\\side scroller\\js\\games\\flappyBird.js": {"path":"C:\\Users\\ilyak\\Desktop\\side scroller\\js\\games\\flappyBird.js","statementMap":{"0":{"start":{"line":7,"column":34},"end":{"line":7,"column":48}},"1":{"start":{"line":10,"column":20},"end":{"line":73,"column":1}},"2":{"start":{"line":19,"column":8},"end":{"line":19,"column":34}},"3":{"start":{"line":20,"column":8},"end":{"line":20,"column":24}},"4":{"start":{"line":21,"column":8},"end":{"line":21,"column":84}},"5":{"start":{"line":22,"column":8},"end":{"line":22,"column":19}},"6":{"start":{"line":25,"column":8},"end":{"line":25,"column":32}},"7":{"start":{"line":26,"column":8},"end":{"line":26,"column":24}},"8":{"start":{"line":27,"column":8},"end":{"line":27,"column":59}},"9":{"start":{"line":28,"column":8},"end":{"line":28,"column":19}},"10":{"start":{"line":30,"column":8},"end":{"line":30,"column":32}},"11":{"start":{"line":31,"column":8},"end":{"line":31,"column":24}},"12":{"start":{"line":32,"column":8},"end":{"line":32,"column":60}},"13":{"start":{"line":33,"column":8},"end":{"line":33,"column":19}},"14":{"start":{"line":36,"column":8},"end":{"line":36,"column":34}},"15":{"start":{"line":37,"column":8},"end":{"line":37,"column":24}},"16":{"start":{"line":38,"column":8},"end":{"line":38,"column":40}},"17":{"start":{"line":39,"column":8},"end":{"line":39,"column":44}},"18":{"start":{"line":40,"column":8},"end":{"line":40,"column":44}},"19":{"start":{"line":41,"column":8},"end":{"line":41,"column":24}},"20":{"start":{"line":42,"column":8},"end":{"line":42,"column":19}},"21":{"start":{"line":45,"column":8},"end":{"line":45,"column":34}},"22":{"start":{"line":46,"column":8},"end":{"line":46,"column":24}},"23":{"start":{"line":47,"column":8},"end":{"line":47,"column":72}},"24":{"start":{"line":48,"column":8},"end":{"line":48,"column":19}},"25":{"start":{"line":51,"column":8},"end":{"line":51,"column":38}},"26":{"start":{"line":52,"column":8},"end":{"line":52,"column":32}},"27":{"start":{"line":55,"column":8},"end":{"line":59,"column":9}},"28":{"start":{"line":56,"column":12},"end":{"line":56,"column":54}},"29":{"start":{"line":57,"column":12},"end":{"line":57,"column":30}},"30":{"start":{"line":58,"column":12},"end":{"line":58,"column":23}},"31":{"start":{"line":61,"column":8},"end":{"line":64,"column":9}},"32":{"start":{"line":62,"column":12},"end":{"line":62,"column":35}},"33":{"start":{"line":63,"column":12},"end":{"line":63,"column":30}},"34":{"start":{"line":67,"column":8},"end":{"line":67,"column":34}},"35":{"start":{"line":70,"column":8},"end":{"line":70,"column":21}},"36":{"start":{"line":71,"column":8},"end":{"line":71,"column":26}},"37":{"start":{"line":76,"column":21},"end":{"line":165,"column":1}},"38":{"start":{"line":84,"column":26},"end":{"line":84,"column":28}},"39":{"start":{"line":85,"column":26},"end":{"line":85,"column":65}},"40":{"start":{"line":86,"column":23},"end":{"line":86,"column":90}},"41":{"start":{"line":88,"column":8},"end":{"line":92,"column":11}},"42":{"start":{"line":97,"column":8},"end":{"line":100,"column":9}},"43":{"start":{"line":99,"column":12},"end":{"line":99,"column":28}},"44":{"start":{"line":103,"column":8},"end":{"line":118,"column":9}},"45":{"start":{"line":103,"column":21},"end":{"line":103,"column":22}},"46":{"start":{"line":104,"column":12},"end":{"line":104,"column":46}},"47":{"start":{"line":107,"column":12},"end":{"line":111,"column":13}},"48":{"start":{"line":108,"column":16},"end":{"line":108,"column":48}},"49":{"start":{"line":109,"column":16},"end":{"line":109,"column":24}},"50":{"start":{"line":110,"column":16},"end":{"line":110,"column":49}},"51":{"start":{"line":114,"column":12},"end":{"line":117,"column":13}},"52":{"start":{"line":115,"column":16},"end":{"line":115,"column":44}},"53":{"start":{"line":116,"column":16},"end":{"line":116,"column":20}},"54":{"start":{"line":122,"column":8},"end":{"line":122,"column":34}},"55":{"start":{"line":124,"column":8},"end":{"line":137,"column":9}},"56":{"start":{"line":124,"column":21},"end":{"line":124,"column":22}},"57":{"start":{"line":125,"column":25},"end":{"line":125,"column":42}},"58":{"start":{"line":128,"column":12},"end":{"line":128,"column":64}},"59":{"start":{"line":129,"column":12},"end":{"line":129,"column":79}},"60":{"start":{"line":132,"column":28},"end":{"line":132,"column":53}},"61":{"start":{"line":133,"column":33},"end":{"line":133,"column":59}},"62":{"start":{"line":135,"column":12},"end":{"line":135,"column":68}},"63":{"start":{"line":136,"column":12},"end":{"line":136,"column":67}},"64":{"start":{"line":141,"column":8},"end":{"line":157,"column":9}},"65":{"start":{"line":141,"column":21},"end":{"line":141,"column":22}},"66":{"start":{"line":142,"column":25},"end":{"line":142,"column":42}},"67":{"start":{"line":145,"column":12},"end":{"line":156,"column":13}},"68":{"start":{"line":147,"column":16},"end":{"line":149,"column":17}},"69":{"start":{"line":148,"column":20},"end":{"line":148,"column":32}},"70":{"start":{"line":152,"column":32},"end":{"line":152,"column":57}},"71":{"start":{"line":153,"column":16},"end":{"line":155,"column":17}},"72":{"start":{"line":154,"column":20},"end":{"line":154,"column":32}},"73":{"start":{"line":159,"column":8},"end":{"line":159,"column":21}},"74":{"start":{"line":163,"column":8},"end":{"line":163,"column":28}},"75":{"start":{"line":168,"column":22},"end":{"line":178,"column":1}},"76":{"start":{"line":171,"column":8},"end":{"line":171,"column":34}},"77":{"start":{"line":172,"column":8},"end":{"line":172,"column":76}},"78":{"start":{"line":175,"column":8},"end":{"line":175,"column":34}},"79":{"start":{"line":176,"column":8},"end":{"line":176,"column":67}},"80":{"start":{"line":181,"column":26},"end":{"line":207,"column":1}},"81":{"start":{"line":184,"column":8},"end":{"line":184,"column":34}},"82":{"start":{"line":185,"column":8},"end":{"line":185,"column":52}},"83":{"start":{"line":188,"column":8},"end":{"line":188,"column":51}},"84":{"start":{"line":191,"column":8},"end":{"line":191,"column":36}},"85":{"start":{"line":194,"column":8},"end":{"line":194,"column":36}},"86":{"start":{"line":197,"column":8},"end":{"line":197,"column":37}},"87":{"start":{"line":201,"column":8},"end":{"line":201,"column":24}},"88":{"start":{"line":202,"column":8},"end":{"line":202,"column":44}},"89":{"start":{"line":203,"column":8},"end":{"line":203,"column":57}},"90":{"start":{"line":204,"column":8},"end":{"line":204,"column":57}},"91":{"start":{"line":205,"column":8},"end":{"line":205,"column":19}},"92":{"start":{"line":215,"column":4},"end":{"line":215,"column":17}},"93":{"start":{"line":216,"column":4},"end":{"line":216,"column":18}},"94":{"start":{"line":217,"column":4},"end":{"line":217,"column":14}},"95":{"start":{"line":218,"column":4},"end":{"line":218,"column":37}},"96":{"start":{"line":222,"column":4},"end":{"line":230,"column":5}},"97":{"start":{"line":223,"column":8},"end":{"line":223,"column":22}},"98":{"start":{"line":224,"column":8},"end":{"line":224,"column":23}},"99":{"start":{"line":227,"column":8},"end":{"line":229,"column":9}},"100":{"start":{"line":228,"column":12},"end":{"line":228,"column":23}},"101":{"start":{"line":235,"column":4},"end":{"line":235,"column":22}},"102":{"start":{"line":238,"column":4},"end":{"line":238,"column":18}},"103":{"start":{"line":241,"column":4},"end":{"line":241,"column":17}},"104":{"start":{"line":244,"column":4},"end":{"line":244,"column":16}}},"fnMap":{"0":{"name":"setGameOver","decl":{"start":{"line":7,"column":16},"end":{"line":7,"column":27}},"loc":{"start":{"line":7,"column":32},"end":{"line":7,"column":50}},"line":7},"1":{"name":"(anonymous_1)","decl":{"start":{"line":18,"column":10},"end":{"line":18,"column":11}},"loc":{"start":{"line":18,"column":21},"end":{"line":49,"column":5}},"line":18},"2":{"name":"(anonymous_2)","decl":{"start":{"line":50,"column":12},"end":{"line":50,"column":13}},"loc":{"start":{"line":50,"column":23},"end":{"line":65,"column":5}},"line":50},"3":{"name":"(anonymous_3)","decl":{"start":{"line":66,"column":10},"end":{"line":66,"column":11}},"loc":{"start":{"line":66,"column":21},"end":{"line":68,"column":5}},"line":66},"4":{"name":"(anonymous_4)","decl":{"start":{"line":69,"column":11},"end":{"line":69,"column":12}},"loc":{"start":{"line":69,"column":22},"end":{"line":72,"column":5}},"line":69},"5":{"name":"(anonymous_5)","decl":{"start":{"line":83,"column":14},"end":{"line":83,"column":15}},"loc":{"start":{"line":83,"column":25},"end":{"line":93,"column":5}},"line":83},"6":{"name":"(anonymous_6)","decl":{"start":{"line":95,"column":12},"end":{"line":95,"column":13}},"loc":{"start":{"line":95,"column":23},"end":{"line":119,"column":5}},"line":95},"7":{"name":"(anonymous_7)","decl":{"start":{"line":121,"column":10},"end":{"line":121,"column":11}},"loc":{"start":{"line":121,"column":21},"end":{"line":138,"column":5}},"line":121},"8":{"name":"(anonymous_8)","decl":{"start":{"line":140,"column":20},"end":{"line":140,"column":21}},"loc":{"start":{"line":140,"column":31},"end":{"line":160,"column":5}},"line":140},"9":{"name":"(anonymous_9)","decl":{"start":{"line":162,"column":11},"end":{"line":162,"column":12}},"loc":{"start":{"line":162,"column":22},"end":{"line":164,"column":5}},"line":162},"10":{"name":"(anonymous_10)","decl":{"start":{"line":170,"column":10},"end":{"line":170,"column":11}},"loc":{"start":{"line":170,"column":21},"end":{"line":177,"column":5}},"line":170},"11":{"name":"(anonymous_11)","decl":{"start":{"line":182,"column":10},"end":{"line":182,"column":11}},"loc":{"start":{"line":182,"column":21},"end":{"line":198,"c
[...]
},"end":{"line":303,"column":73}}],"line":303},"27":{"loc":{"start":{"line":314,"column":16},"end":{"line":316,"column":17}},"type":"if","locations":[{"start":{"line":314,"column":16},"end":{"line":316,"column":17}},{"start":{},"end":{}}],"line":314},"28":{"loc":{"start":{"line":345,"column":8},"end":{"line":345,"column":70}},"type":"if","locations":[{"start":{"line":345,"column":8},"end":{"line":345,"column":70}},{"start":{},"end":{}}],"line":345},"29":{"loc":{"start":{"line":345,"column":12},"end":{"line":345,"column":61}},"type":"binary-expr","locations":[{"start":{"line":345,"column":12},"end":{"line":345,"column":34}},{"start":{"line":345,"column":38},"end":{"line":345,"column":61}}],"line":345},"30":{"loc":{"start":{"line":352,"column":8},"end":{"line":352,"column":70}},"type":"if","locations":[{"start":{"line":352,"column":8},"end":{"line":352,"column":70}},{"start":{},"end":{}}],"line":352},"31":{"loc":{"start":{"line":352,"column":12},"end":{"line":352,"column":61}},"type":"binary-expr","locations":[{"start":{"line":352,"column":12},"end":{"line":352,"column":34}},{"start":{"line":352,"column":38},"end":{"line":352,"column":61}}],"line":352},"32":{"loc":{"start":{"line":361,"column":8},"end":{"line":373,"column":9}},"type":"if","locations":[{"start":{"line":361,"column":8},"end":{"line":373,"column":9}},{"start":{"line":367,"column":15},"end":{"line":373,"column":9}}],"line":361},"33":{"loc":{"start":{"line":362,"column":12},"end":{"line":366,"column":13}},"type":"if","locations":[{"start":{"line":362,"column":12},"end":{"line":366,"column":13}},{"start":{"line":364,"column":19},"end":{"line":366,"column":13}}],"line":362},"34":{"loc":{"start":{"line":368,"column":12},"end":{"line":372,"column":13}},"type":"if","locations":[{"start":{"line":368,"column":12},"end":{"line":372,"column":13}},{"start":{"line":370,"column":19},"end":{"line":372,"column":13}}],"line":368},"35":{"loc":{"start":{"line":391,"column":4},"end":{"line":404,"column":5}},"type":"switch","locations":[{"start":{"line":392,"column":8},"end":{"line":394,"column":18}},{"start":{"line":395,"column":8},"end":{"line":397,"column":18}},{"start":{"line":398,"column":8},"end":{"line":400,"column":18}},{"start":{"line":401,"column":8},"end":{"line":403,"column":18}}],"line":391},"36":{"loc":{"start":{"line":407,"column":4},"end":{"line":424,"column":5}},"type":"if","locations":[{"start":{"line":407,"column":4},"end":{"line":424,"column":5}},{"start":{},"end":{}}],"line":407},"37":{"loc":{"start":{"line":411,"column":8},"end":{"line":423,"column":9}},"type":"if","locations":[{"start":{"line":411,"column":8},"end":{"line":423,"column":9}},{"start":{"line":417,"column":15},"end":{"line":423,"column":9}}],"line":411},"38":{"loc":{"start":{"line":417,"column":15},"end":{"line":423,"column":9}},"type":"if","locations":[{"start":{"line":417,"column":15},"end":{"line":423,"column":9}},{"start":{},"end":{}}],"line":417}},"s":{"0":0,"1":0,"2":0,"3":0,"4":0,"5":0,"6":0,"7":0,"8":0,"9":0,"10":0,"11":0,"12":0,"13":0,"14":0,"15":0,"16":0,"17":0,"18":0,"19":0,"20":0,"21":0,"22":0,"23":0,"24":0,"25":0,"26":0,"27":0,"28":0,"29":0,"30":0,"31":0,"32":0,"33":0,"34":0,"35":0,"36":0,"37":0,"38":0,"39":0,"40":0,"41":0,"42":0,"43":0,"44":0,"45":0,"46":0,"47":0,"48":0,"49":0,"50":0,"51":0,"52":0,"53":0,"54":0,"55":0,"56":0,"57":0,"58":0,"59":0,"60":0,"61":0,"62":0,"63":0,"64":0,"65":0,"66":0,"67":0,"68":0,"69":0,"70":0,"71":0,"72":0,"73":0,"74":0,"75":0,"76":0,"77":0,"78":0,"79":0,"80":0,"81":0,"82":0,"83":0,"84":0,"85":0,"86":0,"87":0,"88":0,"89":0,"90":0,"91":0,"92":0,"93":0,"94":0,"95":0,"96":0,"97":0,"98":0,"99":0,"100":0,"101":0,"102":0,"103":0,"104":0,"105":0,"106":0,"107":0,"108":0,"109":0,"110":0,"111":0,"112":0,"113":0,"114":0,"115":0,"116":0,"117":0,"118":0,"119":0,"120":0,"121":0,"122":0,"123":0,"124":0,"125":0,"126":0,"127":0,"128":0,"129":0,"130":0,"131":0,"132":0,"133":0,"134":0,"135":0,"136":0,"137":0,"138":0,"139":0,"140":0,"141":0,"142":0,"143":0,"144":0,"145":0,"146":0,"147":0,"148":0,"149":0,"150":0,"151":0,"152":0,"153":0,"154":0,"155":0,"156":0,"157":0,"158":0,"159":0,"160":0,"161":0,"162":0,"163":0,"164":0,"165":0,"166":0,"167":0,"168":0,"169":0,"170":0,"171":0,"172":0,"173":0,"174":0,"175":0,"176":0,"177":0,"178":0,"179":0,"180":0,"181":0,"182":0,"183":0,"184":0,"185":0,"186":0,"187":0,"188":0,"189":0,"190":0,"191":0,"192":0,"193":0,"194":0,"195":0,"196":0,"197":0,"198":0,"199":0,"200":0,"201":0,"202":0,"203":0,"204":0,"205":0,"206":0,"207":0,"208":0,"209":0,"210":0,"211":0,"212":0},"f":{"0":0,"1":0,"2":0,"3":0,"4":0,"5":0,"6":0,"7":0,"8":0,"9":0,"10":0,"11":0,"12":0,"13":0,"14":0,"15":0,"16":0,"17":0,"18":0,"19":0,"20":0},"b":{"0":[0,0],"1":[0,0],"2":[0,0],"3":[0,0],"4":[0,0],"5":[0,0],"6":[0,0],"7":[0,0],"8":[0,0],"9":[0,0],"10":[0,0],"11":[0,0],"12":[0,0],"13":[0,0],"14":[0,0],"15":[0,0],"16":[0,0],"17":[0,0],"18":[0,0],"19":[0,0],"20":[0,0],"21":[0,0],"22":[0,0],"23":[0,0],"24":[0,0],"25":[0,0],"26":[0,0],"27":[0,0],"28":[0,0],"29":[0,0],"30":[0,0],"31":[0,0],"32":[0,0],"33":[0,0],"34":[0,0],"35":[0,0,0,0],"36":[0,0],"37":[0,0],"38":[0,0]},"inputSourceMap":null}
,"C:\\Users\\ilyak\\Desktop\\side scroller\\js\\games\\snake.js": {"path":"C:\\Users\\ilyak\\Desktop\\side scroller\\js\\games\\snake.js","statementMap":{"0":{"start":{"line":7,"column":34},"end":{"line":7,"column":48}},"1":{"start":{"line":10,"column":18},"end":{"line":10,"column":20}},"2":{"start":{"line":11,"column":18},"end":{"line":11,"column":40}},"3":{"start":{"line":14,"column":21},"end":{"line":117,"column":1}},"4":{"start":{"line":21,"column":8},"end":{"line":21,"column":34}},"5":{"start":{"line":23,"column":8},"end":{"line":53,"column":9}},"6":{"start":{"line":23,"column":21},"end":{"line":23,"column":22}},"7":{"start":{"line":24,"column":28},"end":{"line":24,"column":40}},"8":{"start":{"line":27,"column":12},"end":{"line":52,"column":13}},"9":{"start":{"line":28,"column":16},"end":{"line":28,"column":42}},"10":{"start":{"line":29,"column":16},"end":{"line":29,"column":105}},"11":{"start":{"line":32,"column":16},"end":{"line":32,"column":40}},"12":{"start":{"line":34,"column":16},"end":{"line":46,"column":17}},"13":{"start":{"line":35,"column":20},"end":{"line":35,"column":105}},"14":{"start":{"line":36,"column":20},"end":{"line":36,"column":117}},"15":{"start":{"line":37,"column":23},"end":{"line":46,"column":17}},"16":{"start":{"line":38,"column":20},"end":{"line":38,"column":93}},"17":{"start":{"line":39,"column":20},"end":{"line":39,"column":105}},"18":{"start":{"line":40,"column":23},"end":{"line":46,"column":17}},"19":{"start":{"line":41,"column":20},"end":{"line":41,"column":93}},"20":{"start":{"line":42,"column":20},"end":{"line":42,"column":105}},"21":{"start":{"line":43,"column":23},"end":{"line":46,"column":17}},"22":{"start":{"line":44,"column":20},"end":{"line":44,"column":105}},"23":{"start":{"line":45,"column":20},"end":{"line":45,"column":117}},"24":{"start":{"line":50,"column":16},"end":{"line":50,"column":42}},"25":{"start":{"line":51,"column":16},"end":{"line":51,"column":105}},"26":{"start":{"line":58,"column":8},"end":{"line":58,"column":44}},"27":{"start":{"line":61,"column":21},"end":{"line":61,"column":38}},"28":{"start":{"line":63,"column":8},"end":{"line":76,"column":9}},"29":{"start":{"line":65,"column":16},"end":{"line":65,"column":25}},"30":{"start":{"line":66,"column":16},"end":{"line":66,"column":22}},"31":{"start":{"line":68,"column":16},"end":{"line":68,"column":25}},"32":{"start":{"line":69,"column":16},"end":{"line":69,"column":22}},"33":{"start":{"line":71,"column":16},"end":{"line":71,"column":25}},"34":{"start":{"line":72,"column":16},"end":{"line":72,"column":22}},"35":{"start":{"line":74,"column":16},"end":{"line":74,"column":25}},"36":{"start":{"line":75,"column":16},"end":{"line":75,"column":22}},"37":{"start":{"line":79,"column":8},"end":{"line":82,"column":9}},"38":{"start":{"line":80,"column":12},"end":{"line":80,"column":23}},"39":{"start":{"line":81,"column":12},"end":{"line":81,"column":19}},"40":{"start":{"line":85,"column":8},"end":{"line":90,"column":9}},"41":{"start":{"line":85,"column":21},"end":{"line":85,"column":22}},"42":{"start":{"line":86,"column":12},"end":{"line":89,"column":13}},"43":{"start":{"line":87,"column":16},"end":{"line":87,"column":27}},"44":{"start":{"line":88,"column":16},"end":{"line":88,"column":23}},"45":{"start":{"line":93,"column":8},"end":{"line":93,"column":32}},"46":{"start":{"line":96,"column":8},"end":{"line":103,"column":9}},"47":{"start":{"line":97,"column":12},"end":{"line":97,"column":24}},"48":{"start":{"line":98,"column":12},"end":{"line":98,"column":45}},"49":{"start":{"line":99,"column":12},"end":{"line":99,"column":32}},"50":{"start":{"line":100,"column":12},"end":{"line":100,"column":28}},"51":{"start":{"line":102,"column":12},"end":{"line":102,"column":33}},"52":{"start":{"line":106,"column":8},"end":{"line":108,"column":9}},"53":{"start":{"line":107,"column":12},"end":{"line":107,"column":28}},"54":{"start":{"line":112,"column":8},"end":{"line":112,"column":37}},"55":{"start":{"line":113,"column":8},"end":{"line":113,"column":33}},"56":{"start":{"line":114,"column":8},"end":{"line":114,"column":37}},"57":{"start":{"line":115,"column":8},"end":{"line":115,"column":29}},"58":{"start":{"line":120,"column":20},"end":{"line":160,"column":1}},"59":{"start":{"line":125,"column":8},"end":{"line":125,"column":34}},"60":{"start":{"line":126,"column":8},"end":{"line":126,"column":24}},"61":{"start":{"line":127,"column":8},"end":{"line":133,"column":10}},"62":{"start":{"line":134,"column":8},"end":{"line":134,"column":19}},"63":{"start":{"line":139,"column":28},"end":{"line":139,"column":33}},"64":{"start":{"line":141,"column":8},"end":{"line":153,"column":9}},"65":{"start":{"line":142,"column":12},"end":{"line":142,"column":59}},"66":{"start":{"line":143,"column":12},"end":{"line":143,"column":59}},"67":{"start":{"line":146,"column":12},"end":{"line":146,"column":33}},"68":{"start":{"line":147,"column":12},"end":{"line":152,"column":13}},"69":{"start":{"line":147,"column":25},"end":{"line":147,"column":26}},"70":{"start":{"line":148,"column":16},"end":{"line":151,"column":17}},"71":{"start":{"line":149,"column":20},"end":{"line":149,"column":42}},"72":{"start":{"line":150,"column":20},"end":{"line":150,"column":26}},"73":{"start":{"line":157,"column":8},"end":{"line":157,"column":20}},"74":{"start":{"line":158,"column":8},"end":{"line":158,"column":20}},"75":{"start":{"line":163,"column":26},"end":{"line":187,"column":1}},"76":{"start":{"line":166,"column":8},"end":{"line":166,"column":31}},"77":{"start":{"line":167,"column":8},"end":{"line":167,"column":52}},"78":{"start":{"line":170,"column":8},"end":{"line":170,"column":33}},"79":{"start":{"line":171,"column":8},"end":{"line":171,"column":26}},"80":{"start":{"line":173,"column":8},"end":{"line":185,"column":9}},"81":{"start":{"line":173,"column":21},"end":{"line":173,"column":22}},"82":{"start":{"line":175,"column":12},"end":{"line":175,"column":28}},"83":{"start":{"line":176,"column":12},"end":{"line":176,"column":41}},"84":{"start":{"line":177,"column":12},"end":{"line":177,"column":51}},"85":{"start":{"line":178,"column":12},"end":{"line":178,"column":25}},"86":{"start":{"line":181,"column":12},"end":{"line":181,"column":28}},"87":{"start":{"line":182,"column":12},"end":{"line":182,"column":41}},"88":{"start":{"line":183,"column":12},"end":{"line":183,"column":50}},"89":{"start":{"line":184,"column":12},"end":{"line":184,"column":25}},"90":{"start":{"line":190,"column":17},"end":{"line":190,"column":18}},"91":{"start":{"line":191,"column":20},"end":{"line":191,"column":23}},"92":{"start":{"line":199,"column":4},"end":{"line":199,"column":18}},"93":{"start":{"line":200,"column":4},"end":{"line":200,"column":17}},"94":{"start":{"line":201,"column":4},"end":{"line":201,"column":20}},"95":{"start":{"line":202,"column":4},"end":{"line":202,"column":14}},"96":{"start":{"line":203,"column":4},"end":{"line":203,"column":37}},"97":{"start":{"line":204,"column":4},"end":{"line":204,"column":19}},"98":{"start":{"line":208,"column":4},"end":{"line":216,"column":5}},"99":{"start":{"line":210,"column":8},"end":{"line":210,"column":25}},"100":{"start":{"line":212,"column":8},"end":{"line":215,"column":9}},"101":{"start":{"line":213,"column":12},"end":{"line":213,"column":27}},"102":{"start":{"line":214,"column":12},"end":{"line":214,"column":27}},"103":{"start":{"line":221,"column":4},"end":{"line":221,"column":22}},"104":{"start":{"line":224,"column":4},"end":{"line":224,"column":16}},"105":{"start":{"line":227,"column":4},"end":{"line":227,"column":17}}},"fnMap":{"0":{"name":"setGameOver","decl":{"start":{"line":7,"column":16},"end":{"line":7,"column":27}},"loc":{"start":{"line":7,"column":32},"end":{"line":7,"column":50}},"line":7},"1":{"name":"(anonymous_1)","decl":{"start":{"line":20,"column":10},"end":{"line":20,"column":11}},"loc":{"start":{"line":20,"column":21},"end":{"line":54,"column":5}},"line":20},"2":{"name":"(anonymous_2)","decl":{"start":{"line":56,"column":12},"end":{"line":56,"column":13}},"loc":{"start":{"line":56,"column":23},"end":{"line":109,"column":5}},"line":56},"3":{"name":"(anonymous_3)","decl":{"start":{"line":111,"column":11},"end":{"line":111,"column":12}},"loc":{"start":{"line":111,"column":22},"end":{"line":116,"column":5}},"line":111},"4":{"name":"(anonymous_4)","decl":{"start":{"line":124,"column":10},"end":{"line":124,"column":11}},"loc":{"start":{"line":124,"column":21},"end":{"line":135,"column":5}},"line":124},"5":{"name":"(anonymous_5)","decl":{"start":{"line":137,"column":14},"end":{"line":137,"column":15}},"loc":{"start":{"line":137,"column":25},"end":{"line":154,"column":5}},"line":137},"6":{"name":"(anonymous_6)","decl":{"start":{"line":156,"column":11},"end":{"line":156,"column":12}},"loc":{"start":{"line":156,"column":22},"end":{"line":159,"column":5}},"line":156},"7":{"name":"(anonymous_7)","decl":{"start":{"line":164,"column":10},"end":{"line":164,"column":11}},"loc":{"start":{"line":164,"column":21},"end":{"line":186,"column":5}},"line":164},"8":{"name":"initSnake","decl":{"start":{"line":194,"column":16},"end":{"line":194,"column":25}},"loc":{"start":{"line":194,"column":28},"end":{"line":196,"column":1}},"line":194},"9":{"name":"resetSnake","decl":{"start":{"line":198,"column":16},"end":{"line":198,"column":26}},"loc":{"start":{"line":198,"column":29},"end":{"line":205,"column":1}},"line":198},"10":{"name":"updateSnake","decl":{"start":{"line":207,"column":16},"end":{"line":207,"column":27}},"loc":{"start":{"line":207,"column":30},"end":{"line":217,"column":1}},"line":207},"11":{"name":"drawSnake","decl":{"start":{"line":219,"column":16},"end":{"line":219,"column":25}},"loc":{"start":{"line":219,"column":28},"end":{"line":228,"column":1}},"line":219}},"branchMap":{"0":{"loc":{"start":{"line":27,"column":12},"end":{"line":52,"column":13}},"type":"if","locations":[{"start":{"line":27,"column":12},"end":{"line":52,"column":13}},{"start":{"line":49,"column":17},"end":{"line":52,"column":13}}],"line":27},"1":{"loc":{"start":{"line":34,"column":16},"end":{"line":46,"column":17}},"type":"if","locations":[{"start":{"line":34,"column":16},"end":{"line":46,"column":17}},{"start":{"line":37,"column":23},"end":{"line":46,"column":17}}],"line":34},"2":{"loc":{"start":{"line":37,"column":23},"end":{"line":46,"column":17}},"type":"if","locations":[{"start":{"line":37,"column":23},"end":{"line":46,"column":17}},{"start":{"line":40,"column":23},"end":{"line":46,"column":17}}],"line":37},"3":{"loc":{"start":{"line":40,"column":23},"end":{"line":46,"column":17}},"type":"if","locations":[{"start":{"line":40,"column":23},"end":{"line":46,"column":17}},{"start":{"line":43,"column":23},"end":{"line":46,"column":17}}],"line":40},"4":{"loc":{"start":{"line":43,"column":23},"end":{"line":46,"column":17}},"type":"if","locations":[{"start":{"line":43,"column":23},"end":{"line":46,"column":17}},{"start":{},"end":{}}],"line":43},"5":{"loc":{"start":{"line":63,"column":8},"end":{"line":76,"column":9}},"type":"switch","locations":[{"start":{"line":64,"column":12},"end":{"line":66,"column":22}},{"start":{"line":67,"column":12},"end":{"line":69,"column":22}},{"start":{"line":70,"column":12},"end":{"line":72,"column":22}},{"start":{"line":73,"column":12},"end":{"line":75,"column":22}}],"line":63},"6":{"loc":{"start":{"line":79,"column":8},"end":{"line":82,"column":9}},"type":"if","locations":[{"start":{"line":79,"column":8},"end":{"line":82,"column":9}},{"start":{},"end":{}}],"line":79},"7":{"loc":{"start":{"line":79,"column":12},"end":{"line":79,"column":82}},"type":"binary-expr","locations":[{"start":{"line":79,"column":12},"end":{"line":79,"column":22}},{"start":{"line":79,"column":26},"end":{"line":79,"column":45}},{"start":{"line":79,"column":49},"end":{"line":79,"column":59}},{"start":{"line":79,"column":63},"end":{"line":79,"column":82}}],"line":79},"8":{"loc":{"start":{"line":86,"column":12},"end":{"line":89,"column":13}},"type":"if","locations":[{"start":{"line":86,"column":12},"end":{"line":89,"column":13}},{"start":{},"end":{}}],"line":86},"9":{"loc":{"start":{"line":86,"column":16},"end":{"line":86,"column":70}},"type":"binary-expr","locations":[{"start":{"line":86,"column":16},"end":{"line":86,"column":41}},{"start":{"line":86,"column":45},"end":{"line":86,"column":70}}],"line":86},"10":{"loc":{"start":{"line":96,"column":8},"end":{"line":103,"column":9}},"type":"if","locations":[{"start":{"line":96,"column":8},"end":{"line":103,"column":9}},{"start":{"line":101,"column":15},"end":{"line":103,"column":9}}],"line":96},"11":{"loc":{"start":{"line":96,"column":12},"end":{"line":96,"column":50}},"type":"binary-expr","locations":[{"start":{"line":96,"column":12},"end":{"line":96,"column":29}},{"start":{"line":96,"column":33},"end":{"line":96,"column":50}}],"line":96},"12":{"loc":{"start":{"line":106,"column":8},"end":{"line":108,"column":9}},"type":"if","locations":[{"start":{"line":106,"column":8},"end":{"line":108,"column":9}},{"start":{},"end":{}}],"line":106},"13":{"loc":{"start":{"line":148,"column":16},"end":{"line":151,"column":17}},"type":"if","locations":[{"start":{"line":148,"column":16},"end":{"line":151,"column":17}},{"start":{},"end":{}}],"line":148},"14":{"loc":{"start":{"line":148,"column":20},"end":{"line":148,"column":76}},"type":"binary-expr","locations":[{"start":{"line":148,"column":20},"end":{"line":148,"column":46}},{"start":{"line":148,"column":50},"end":{"line":148,"column":76}}],"line":148},"15":{"loc":{"start":{"line":208,"column":4},"end":{"line":216,"column":5}},"type":"if","locations":[{"start":{"line":208,"column":4},"end":{"line":216,"column":5}},{"start":{},"end":{}}],"line":208},"16":{"loc":{"start":{"line":212,"column":8},"end":{"line":215,"column":9}},"type":"if","locations":[{"start":{"line":212,"column":8},"end":{"line":215,"column":9}},{"start":{},"end":{}}],"line":212}},"s":{"0":0,"1":0,"2":0,"3":0,"4":0,"5":0,"6":0,"7":0,"8":0,"9":0,"10":0,"11":0,"12":0,"13":0,"14":0,"15":0,"16":0,"17":0,"18":0,"19":0,"20":0,"21":0,"22":0,"23":0,"24":0,"25":0,"26":0,"27":0,"28":0,"29":0,"30":0,"31":0,"32":0,"33":0,"34":0,"35":0,"36":0,"37":0,"38":0,"39":0,"40":0,"41":0,"42":0,"43":0,"44":0,"45":0,"46":0,"47":0,"48":0,"49":0,"50":0,"51":0,"52":0,"53":0,"54":0,"55":0,"56":0,"57":0,"58":0,"59":0,"60":0,"61":0,"62":0,"63":0,"64":0,"65":0,"66":0,"67":0,"68":0,"69":0,"70":0,"71":0,"72":0,"73":0,"74":0,"75":0,"76":0,"77":0,"78":0,"79":0,"80":0,"81":0,"82":0,"83":0,"84":0,"85":0,"86":0,"87":0,"88":0,"89":0,"90":0,"91":0,"92":0,"93":0,"94":0,"95":0,"96":0,"97":0,"98":0,"99":0,"100":0,"101":0,"102":0,"103":0,"104":0,"105":0},"f":{"0":0,"1":0,"2":0,"3":0,"4":0,"5":0,"6":0,"7":0,"8":0,"9":0,"10":0,"11":0},"b":{"0":[0,0],"1":[0,0],"2":[0,0],"3":[0,0],"4":[0,0],"5":[0,0,0,0],"6":[0,0],"7":[0,0,0,0],"8":[0,0],"9":[0,0],"10":[0,0],"11":[0,0],"12":[0,0],"13":[0,0],"14":[0,0],"15":[0,0],"16":[0,0]},"inputSourceMap":null}
}
