TN:
SF:js\games\breakout.js
FN:13,setGameOver
FN:16,setCurrentGame
FN:26,(anonymous_2)
FN:35,(anonymous_3)
FN:51,(anonymous_4)
FN:55,(anonymous_5)
FN:59,(anonymous_6)
FN:63,(anonymous_7)
FN:67,(anonymous_8)
FN:84,(anonymous_9)
FN:97,(anonymous_10)
FN:137,(anonymous_11)
FN:157,(anonymous_12)
FN:192,(anonymous_13)
FN:212,(anonymous_14)
FN:279,(anonymous_15)
FN:286,(anonymous_16)
FN:310,initBreakout
FN:326,setupEventListeners
FN:330,(anonymous_19)
FN:337,(anonymous_20)
FN:355,(anonymous_21)
FN:365,resetBreakout
FN:377,updateBreakout
FN:385,drawBreakout
FN:400,(anonymous_25)
FN:410,(anonymous_26)
FNF:27
FNH:0
FNDA:0,setGameOver
FNDA:0,setCurrentGame
FNDA:0,(anonymous_2)
FNDA:0,(anonymous_3)
FNDA:0,(anonymous_4)
FNDA:0,(anonymous_5)
FNDA:0,(anonymous_6)
FNDA:0,(anonymous_7)
FNDA:0,(anonymous_8)
FNDA:0,(anonymous_9)
FNDA:0,(anonymous_10)
FNDA:0,(anonymous_11)
FNDA:0,(anonymous_12)
FNDA:0,(anonymous_13)
FNDA:0,(anonymous_14)
FNDA:0,(anonymous_15)
FNDA:0,(anonymous_16)
FNDA:0,initBreakout
FNDA:0,setupEventListeners
FNDA:0,(anonymous_19)
FNDA:0,(anonymous_20)
FNDA:0,(anonymous_21)
FNDA:0,resetBreakout
FNDA:0,updateBreakout
FNDA:0,drawBreakout
FNDA:0,(anonymous_25)
FNDA:0,(anonymous_26)
DA:13,0
DA:16,0
DA:19,0
DA:28,0
DA:29,0
DA:30,0
DA:31,0
DA:32,0
DA:37,0
DA:38,0
DA:39,0
DA:40,0
DA:44,0
DA:45,0
DA:46,0
DA:47,0
DA:52,0
DA:56,0
DA:60,0
DA:64,0
DA:68,0
DA:69,0
DA:70,0
DA:71,0
DA:76,0
DA:85,0
DA:86,0
DA:87,0
DA:88,0
DA:91,0
DA:92,0
DA:93,0
DA:94,0
DA:99,0
DA:100,0
DA:103,0
DA:104,0
DA:107,0
DA:108,0
DA:112,0
DA:119,0
DA:120,0
DA:121,0
DA:124,0
DA:125,0
DA:128,0
DA:132,0
DA:133,0
DA:138,0
DA:139,0
DA:140,0
DA:141,0
DA:142,0
DA:147,0
DA:159,0
DA:160,0
DA:161,0
DA:164,0
DA:166,0
DA:167,0
DA:169,0
DA:170,0
DA:172,0
DA:173,0
DA:175,0
DA:176,0
DA:178,0
DA:179,0
DA:182,0
DA:193,0
DA:194,0
DA:195,0
DA:197,0
DA:198,0
DA:199,0
DA:202,0
DA:203,0
DA:204,0
DA:205,0
DA:206,0
DA:214,0
DA:216,0
DA:217,0
DA:218,0
DA:220,0
DA:222,0
DA:229,0
DA:232,0
DA:233,0
DA:234,0
DA:235,0
DA:237,0
DA:238,0
DA:241,0
DA:242,0
DA:244,0
DA:248,0
DA:249,0
DA:252,0
DA:253,0
DA:256,0
DA:257,0
DA:258,0
DA:259,0
DA:260,0
DA:261,0
DA:264,0
DA:268,0
DA:269,0
DA:270,0
DA:271,0
DA:280,0
DA:285,0
DA:288,0
DA:289,0
DA:290,0
DA:292,0
DA:293,0
DA:296,0
DA:297,0
DA:298,0
DA:299,0
DA:300,0
DA:302,0
DA:303,0
DA:304,0
DA:312,0
DA:313,0
DA:314,0
DA:318,0
DA:319,0
DA:322,0
DA:328,0
DA:330,0
DA:331,0
DA:333,0
DA:334,0
DA:337,0
DA:338,0
DA:340,0
DA:342,0
DA:343,0
DA:346,0
DA:347,0
DA:348,0
DA:349,0
DA:352,0
DA:355,0
DA:356,0
DA:358,0
DA:359,0
DA:360,0
DA:361,0
DA:366,0
DA:367,0
DA:368,0
DA:369,0
DA:370,0
DA:371,0
DA:374,0
DA:378,0
DA:379,0
DA:380,0
DA:381,0
DA:387,0
DA:390,0
DA:393,0
DA:396,0
DA:400,0
DA:401,0
DA:403,0
DA:404,0
DA:405,0
DA:406,0
DA:410,0
DA:411,0
DA:413,0
DA:414,0
DA:415,0
DA:416,0
LF:180
LH:0
BRDA:37,0,0,0
BRDA:37,0,1,0
BRDA:39,1,0,0
BRDA:39,1,1,0
BRDA:44,2,0,0
BRDA:44,2,1,0
BRDA:46,3,0,0
BRDA:46,3,1,0
BRDA:103,4,0,0
BRDA:103,4,1,0
BRDA:103,5,0,0
BRDA:103,5,1,0
BRDA:107,6,0,0
BRDA:107,6,1,0
BRDA:112,7,0,0
BRDA:112,7,1,0
BRDA:113,8,0,0
BRDA:113,8,1,0
BRDA:113,8,2,0
BRDA:113,8,3,0
BRDA:132,9,0,0
BRDA:132,9,1,0
BRDA:164,10,0,0
BRDA:164,10,1,0
BRDA:164,10,2,0
BRDA:164,10,3,0
BRDA:164,10,4,0
BRDA:197,11,0,0
BRDA:197,11,1,0
BRDA:220,12,0,0
BRDA:220,12,1,0
BRDA:222,13,0,0
BRDA:222,13,1,0
BRDA:223,14,0,0
BRDA:223,14,1,0
BRDA:223,14,2,0
BRDA:223,14,3,0
BRDA:229,15,0,0
BRDA:229,15,1,0
BRDA:241,16,0,0
BRDA:241,16,1,0
BRDA:259,17,0,0
BRDA:259,17,1,0
BRDA:264,18,0,0
BRDA:264,18,1,0
BRDA:268,19,0,0
BRDA:268,19,1,0
BRDA:312,20,0,0
BRDA:312,20,1,0
BRDA:331,21,0,0
BRDA:331,21,1,0
BRDA:331,22,0,0
BRDA:331,22,1,0
BRDA:338,23,0,0
BRDA:338,23,1,0
BRDA:338,24,0,0
BRDA:338,24,1,0
BRDA:338,24,2,0
BRDA:346,25,0,0
BRDA:346,25,1,0
BRDA:348,26,0,0
BRDA:348,26,1,0
BRDA:356,27,0,0
BRDA:356,27,1,0
BRDA:356,28,0,0
BRDA:356,28,1,0
BRDA:378,29,0,0
BRDA:378,29,1,0
BRDA:401,30,0,0
BRDA:401,30,1,0
BRDA:401,31,0,0
BRDA:401,31,1,0
BRDA:403,32,0,0
BRDA:403,32,1,0
BRDA:405,33,0,0
BRDA:405,33,1,0
BRDA:411,34,0,0
BRDA:411,34,1,0
BRDA:411,35,0,0
BRDA:411,35,1,0
BRDA:413,36,0,0
BRDA:413,36,1,0
BRDA:415,37,0,0
BRDA:415,37,1,0
BRF:84
BRH:0
end_of_record
TN:
SF:js\games\dinoRun.js
FN:7,setGameOver
FN:20,(anonymous_1)
FN:45,(anonymous_2)
FN:58,(anonymous_3)
FN:65,(anonymous_4)
FN:84,(anonymous_5)
FN:105,(anonymous_6)
FN:131,(anonymous_7)
FN:148,(anonymous_8)
FN:163,(anonymous_9)
FN:174,(anonymous_10)
FN:203,(anonymous_11)
FN:215,(anonymous_12)
FN:228,(anonymous_13)
FN:242,(anonymous_14)
FN:252,initDinoRun
FN:256,resetDinoRun
FN:263,updateDinoRun
FN:276,drawDinoRun
FNF:19
FNH:0
FNDA:0,setGameOver
FNDA:0,(anonymous_1)
FNDA:0,(anonymous_2)
FNDA:0,(anonymous_3)
FNDA:0,(anonymous_4)
FNDA:0,(anonymous_5)
FNDA:0,(anonymous_6)
FNDA:0,(anonymous_7)
FNDA:0,(anonymous_8)
FNDA:0,(anonymous_9)
FNDA:0,(anonymous_10)
FNDA:0,(anonymous_11)
FNDA:0,(anonymous_12)
FNDA:0,(anonymous_13)
FNDA:0,(anonymous_14)
FNDA:0,initDinoRun
FNDA:0,resetDinoRun
FNDA:0,updateDinoRun
FNDA:0,drawDinoRun
DA:7,0
DA:10,0
DA:21,0
DA:24,0
DA:27,0
DA:30,0
DA:31,0
DA:32,0
DA:33,0
DA:36,0
DA:37,0
DA:38,0
DA:39,0
DA:42,0
DA:46,0
DA:47,0
DA:48,0
DA:50,0
DA:51,0
DA:52,0
DA:53,0
DA:59,0
DA:60,0
DA:61,0
DA:66,0
DA:67,0
DA:68,0
DA:73,0
DA:86,0
DA:87,0
DA:88,0
DA:90,0
DA:91,0
DA:92,0
DA:94,0
DA:102,0
DA:107,0
DA:109,0
DA:113,0
DA:114,0
DA:117,0
DA:118,0
DA:119,0
DA:120,0
DA:124,0
DA:125,0
DA:126,0
DA:132,0
DA:134,0
DA:135,0
DA:138,0
DA:141,0
DA:142,0
DA:143,0
DA:149,0
DA:150,0
DA:152,0
DA:156,0
DA:160,0
DA:164,0
DA:165,0
DA:170,0
DA:175,0
DA:176,0
DA:179,0
DA:180,0
DA:183,0
DA:184,0
DA:186,0
DA:187,0
DA:188,0
DA:189,0
DA:190,0
DA:194,0
DA:199,0
DA:205,0
DA:206,0
DA:217,0
DA:218,0
DA:221,0
DA:222,0
DA:223,0
DA:230,0
DA:231,0
DA:234,0
DA:236,0
DA:237,0
DA:238,0
DA:243,0
DA:244,0
DA:245,0
DA:246,0
DA:247,0
DA:253,0
DA:257,0
DA:258,0
DA:259,0
DA:260,0
DA:264,0
DA:265,0
DA:266,0
DA:267,0
DA:270,0
DA:271,0
DA:278,0
DA:281,0
DA:284,0
DA:287,0
LF:108
LH:0
BRDA:37,0,0,0
BRDA:37,0,1,0
BRDA:46,1,0,0
BRDA:46,1,1,0
BRDA:50,2,0,0
BRDA:50,2,1,0
BRDA:59,3,0,0
BRDA:59,3,1,0
BRDA:107,4,0,0
BRDA:107,4,1,0
BRDA:107,5,0,0
BRDA:107,5,1,0
BRDA:117,6,0,0
BRDA:117,6,1,0
BRDA:117,7,0,0
BRDA:117,7,1,0
BRDA:124,8,0,0
BRDA:124,8,1,0
BRDA:141,9,0,0
BRDA:141,9,1,0
BRDA:152,10,0,0
BRDA:152,10,1,0
BRDA:152,11,0,0
BRDA:152,11,1,0
BRDA:152,11,2,0
BRDA:152,11,3,0
BRDA:221,12,0,0
BRDA:221,12,1,0
BRDA:264,13,0,0
BRDA:264,13,1,0
BRDA:270,14,0,0
BRDA:270,14,1,0
BRF:32
BRH:0
end_of_record
TN:
SF:js\games\doodleJump.js
FN:13,setGameOver
FN:16,setCurrentGame
FN:31,(anonymous_2)
FN:61,(anonymous_3)
FN:85,(anonymous_4)
FN:89,(anonymous_5)
FN:93,(anonymous_6)
FN:97,(anonymous_7)
FN:101,(anonymous_8)
FN:119,(anonymous_9)
FN:144,(anonymous_10)
FN:208,(anonymous_11)
FN:227,(anonymous_12)
FN:254,(anonymous_13)
FN:278,initDoodleJump
FN:287,setupEventListeners
FN:289,(anonymous_16)
FN:304,(anonymous_17)
FN:311,(anonymous_18)
FN:321,(anonymous_19)
FN:330,resetDoodleJump
FN:337,updateDoodleJump
FN:344,drawDoodleJump
FNF:23
FNH:0
FNDA:0,setGameOver
FNDA:0,setCurrentGame
FNDA:0,(anonymous_2)
FNDA:0,(anonymous_3)
FNDA:0,(anonymous_4)
FNDA:0,(anonymous_5)
FNDA:0,(anonymous_6)
FNDA:0,(anonymous_7)
FNDA:0,(anonymous_8)
FNDA:0,(anonymous_9)
FNDA:0,(anonymous_10)
FNDA:0,(anonymous_11)
FNDA:0,(anonymous_12)
FNDA:0,(anonymous_13)
FNDA:0,initDoodleJump
FNDA:0,setupEventListeners
FNDA:0,(anonymous_16)
FNDA:0,(anonymous_17)
FNDA:0,(anonymous_18)
FNDA:0,(anonymous_19)
FNDA:0,resetDoodleJump
FNDA:0,updateDoodleJump
FNDA:0,drawDoodleJump
DA:13,0
DA:16,0
DA:19,0
DA:33,0
DA:34,0
DA:35,0
DA:36,0
DA:39,0
DA:40,0
DA:41,0
DA:42,0
DA:43,0
DA:45,0
DA:46,0
DA:47,0
DA:48,0
DA:49,0
DA:52,0
DA:53,0
DA:54,0
DA:55,0
DA:56,0
DA:57,0
DA:58,0
DA:63,0
DA:64,0
DA:67,0
DA:70,0
DA:73,0
DA:74,0
DA:75,0
DA:76,0
DA:80,0
DA:81,0
DA:86,0
DA:90,0
DA:94,0
DA:98,0
DA:102,0
DA:103,0
DA:104,0
DA:105,0
DA:106,0
DA:111,0
DA:120,0
DA:121,0
DA:122,0
DA:124,0
DA:125,0
DA:128,0
DA:130,0
DA:141,0
DA:146,0
DA:148,0
DA:152,0
DA:153,0
DA:156,0
DA:157,0
DA:159,0
DA:160,0
DA:165,0
DA:166,0
DA:167,0
DA:172,0
DA:173,0
DA:176,0
DA:183,0
DA:184,0
DA:187,0
DA:188,0
DA:189,0
DA:192,0
DA:193,0
DA:196,0
DA:197,0
DA:198,0
DA:203,0
DA:209,0
DA:210,0
DA:213,0
DA:214,0
DA:216,0
DA:219,0
DA:222,0
DA:223,0
DA:228,0
DA:229,0
DA:232,0
DA:233,0
DA:234,0
DA:236,0
DA:247,0
DA:253,0
DA:256,0
DA:257,0
DA:258,0
DA:260,0
DA:261,0
DA:264,0
DA:265,0
DA:266,0
DA:267,0
DA:268,0
DA:270,0
DA:271,0
DA:272,0
DA:280,0
DA:283,0
DA:289,0
DA:290,0
DA:292,0
DA:293,0
DA:294,0
DA:297,0
DA:298,0
DA:300,0
DA:304,0
DA:305,0
DA:307,0
DA:311,0
DA:312,0
DA:314,0
DA:315,0
DA:316,0
DA:317,0
DA:321,0
DA:322,0
DA:324,0
DA:325,0
DA:331,0
DA:332,0
DA:333,0
DA:334,0
DA:338,0
DA:339,0
DA:340,0
DA:346,0
DA:349,0
DA:352,0
LF:139
LH:0
BRDA:73,0,0,0
BRDA:73,0,1,0
BRDA:75,1,0,0
BRDA:75,1,1,0
BRDA:80,2,0,0
BRDA:80,2,1,0
BRDA:128,3,0,0
BRDA:128,3,1,0
BRDA:136,4,0,0
BRDA:136,4,1,0
BRDA:146,5,0,0
BRDA:146,5,1,0
BRDA:156,6,0,0
BRDA:156,6,1,0
BRDA:159,7,0,0
BRDA:159,7,1,0
BRDA:159,8,0,0
BRDA:159,8,1,0
BRDA:165,9,0,0
BRDA:165,9,1,0
BRDA:176,10,0,0
BRDA:176,10,1,0
BRDA:176,11,0,0
BRDA:176,11,1,0
BRDA:176,11,2,0
BRDA:176,11,3,0
BRDA:176,11,4,0
BRDA:187,12,0,0
BRDA:187,12,1,0
BRDA:196,13,0,0
BRDA:196,13,1,0
BRDA:213,14,0,0
BRDA:213,14,1,0
BRDA:234,15,0,0
BRDA:234,15,1,0
BRDA:241,16,0,0
BRDA:241,16,1,0
BRDA:241,17,0,0
BRDA:241,17,1,0
BRDA:242,18,0,0
BRDA:242,18,1,0
BRDA:290,19,0,0
BRDA:290,19,1,0
BRDA:290,20,0,0
BRDA:290,20,1,0
BRDA:297,21,0,0
BRDA:297,21,1,0
BRDA:305,22,0,0
BRDA:305,22,1,0
BRDA:305,23,0,0
BRDA:305,23,1,0
BRDA:312,24,0,0
BRDA:312,24,1,0
BRDA:312,25,0,0
BRDA:312,25,1,0
BRDA:314,26,0,0
BRDA:314,26,1,0
BRDA:316,27,0,0
BRDA:316,27,1,0
BRDA:322,28,0,0
BRDA:322,28,1,0
BRDA:322,29,0,0
BRDA:322,29,1,0
BRDA:324,30,0,0
BRDA:324,30,1,0
BRDA:324,31,0,0
BRDA:324,31,1,0
BRDA:338,32,0,0
BRDA:338,32,1,0
BRF:69
BRH:0
end_of_record
TN:
SF:js\games\flappyBird.js
FN:7,setGameOver
FN:18,(anonymous_1)
FN:50,(anonymous_2)
FN:66,(anonymous_3)
FN:69,(anonymous_4)
FN:83,(anonymous_5)
FN:95,(anonymous_6)
FN:121,(anonymous_7)
FN:140,(anonymous_8)
FN:162,(anonymous_9)
FN:170,(anonymous_10)
FN:182,(anonymous_11)
FN:200,(anonymous_12)
FN:210,initFlappyBird
FN:214,resetFlappyBird
FN:221,updateFlappyBird
FN:233,drawFlappyBird
FNF:17
FNH:0
FNDA:0,setGameOver
FNDA:0,(anonymous_1)
FNDA:0,(anonymous_2)
FNDA:0,(anonymous_3)
FNDA:0,(anonymous_4)
FNDA:0,(anonymous_5)
FNDA:0,(anonymous_6)
FNDA:0,(anonymous_7)
FNDA:0,(anonymous_8)
FNDA:0,(anonymous_9)
FNDA:0,(anonymous_10)
FNDA:0,(anonymous_11)
FNDA:0,(anonymous_12)
FNDA:0,initFlappyBird
FNDA:0,resetFlappyBird
FNDA:0,updateFlappyBird
FNDA:0,drawFlappyBird
DA:7,0
DA:10,0
DA:19,0
DA:20,0
DA:21,0
DA:22,0
DA:25,0
DA:26,0
DA:27,0
DA:28,0
DA:30,0
DA:31,0
DA:32,0
DA:33,0
DA:36,0
DA:37,0
DA:38,0
DA:39,0
DA:40,0
DA:41,0
DA:42,0
DA:45,0
DA:46,0
DA:47,0
DA:48,0
DA:51,0
DA:52,0
DA:55,0
DA:56,0
DA:57,0
DA:58,0
DA:61,0
DA:62,0
DA:63,0
DA:67,0
DA:70,0
DA:71,0
DA:76,0
DA:84,0
DA:85,0
DA:86,0
DA:88,0
DA:97,0
DA:99,0
DA:103,0
DA:104,0
DA:107,0
DA:108,0
DA:109,0
DA:110,0
DA:114,0
DA:115,0
DA:116,0
DA:122,0
DA:124,0
DA:125,0
DA:128,0
DA:129,0
DA:132,0
DA:133,0
DA:135,0
DA:136,0
DA:141,0
DA:142,0
DA:145,0
DA:147,0
DA:148,0
DA:152,0
DA:153,0
DA:154,0
DA:159,0
DA:163,0
DA:168,0
DA:171,0
DA:172,0
DA:175,0
DA:176,0
DA:181,0
DA:184,0
DA:185,0
DA:188,0
DA:191,0
DA:194,0
DA:197,0
DA:201,0
DA:202,0
DA:203,0
DA:204,0
DA:205,0
DA:215,0
DA:216,0
DA:217,0
DA:218,0
DA:222,0
DA:223,0
DA:224,0
DA:227,0
DA:228,0
DA:235,0
DA:238,0
DA:241,0
DA:244,0
LF:102
LH:0
BRDA:55,0,0,0
BRDA:55,0,1,0
BRDA:61,1,0,0
BRDA:61,1,1,0
BRDA:97,2,0,0
BRDA:97,2,1,0
BRDA:97,3,0,0
BRDA:97,3,1,0
BRDA:107,4,0,0
BRDA:107,4,1,0
BRDA:107,5,0,0
BRDA:107,5,1,0
BRDA:114,6,0,0
BRDA:114,6,1,0
BRDA:145,7,0,0
BRDA:145,7,1,0
BRDA:145,8,0,0
BRDA:145,8,1,0
BRDA:147,9,0,0
BRDA:147,9,1,0
BRDA:153,10,0,0
BRDA:153,10,1,0
BRDA:222,11,0,0
BRDA:222,11,1,0
BRDA:227,12,0,0
BRDA:227,12,1,0
BRF:26
BRH:0
end_of_record
TN:
SF:js\games\game2048.js
FN:13,setGameOver
FN:16,setCurrentGame
FN:63,(anonymous_2)
FN:78,(anonymous_3)
FN:97,(anonymous_4)
FN:130,(anonymous_5)
FN:135,(anonymous_6)
FN:166,(anonymous_7)
FN:171,(anonymous_8)
FN:202,(anonymous_9)
FN:243,(anonymous_10)
FN:284,(anonymous_11)
FN:310,(anonymous_12)
FN:323,(anonymous_13)
FN:329,init2048
FN:339,setupEventListeners
FN:344,(anonymous_16)
FN:351,(anonymous_17)
FN:377,reset2048
FN:383,draw2048
FN:388,move2048
FNF:21
FNH:0
FNDA:0,setGameOver
FNDA:0,setCurrentGame
FNDA:0,(anonymous_2)
FNDA:0,(anonymous_3)
FNDA:0,(anonymous_4)
FNDA:0,(anonymous_5)
FNDA:0,(anonymous_6)
FNDA:0,(anonymous_7)
FNDA:0,(anonymous_8)
FNDA:0,(anonymous_9)
FNDA:0,(anonymous_10)
FNDA:0,(anonymous_11)
FNDA:0,(anonymous_12)
FNDA:0,(anonymous_13)
FNDA:0,init2048
FNDA:0,setupEventListeners
FNDA:0,(anonymous_16)
FNDA:0,(anonymous_17)
FNDA:0,reset2048
FNDA:0,draw2048
FNDA:0,move2048
DA:13,0
DA:16,0
DA:19,0
DA:20,0
DA:21,0
DA:22,0
DA:25,0
DA:43,0
DA:60,0
DA:65,0
DA:66,0
DA:67,0
DA:68,0
DA:69,0
DA:74,0
DA:75,0
DA:80,0
DA:81,0
DA:82,0
DA:83,0
DA:84,0
DA:90,0
DA:91,0
DA:93,0
DA:99,0
DA:100,0
DA:103,0
DA:104,0
DA:105,0
DA:106,0
DA:107,0
DA:110,0
DA:111,0
DA:114,0
DA:116,0
DA:117,0
DA:120,0
DA:121,0
DA:122,0
DA:123,0
DA:124,0
DA:131,0
DA:133,0
DA:135,0
DA:138,0
DA:139,0
DA:140,0
DA:141,0
DA:144,0
DA:145,0
DA:150,0
DA:151,0
DA:155,0
DA:156,0
DA:157,0
DA:159,0
DA:163,0
DA:167,0
DA:169,0
DA:171,0
DA:174,0
DA:175,0
DA:176,0
DA:177,0
DA:180,0
DA:181,0
DA:186,0
DA:187,0
DA:191,0
DA:192,0
DA:193,0
DA:195,0
DA:199,0
DA:203,0
DA:205,0
DA:207,0
DA:208,0
DA:209,0
DA:210,0
DA:215,0
DA:216,0
DA:217,0
DA:218,0
DA:221,0
DA:222,0
DA:227,0
DA:228,0
DA:232,0
DA:233,0
DA:234,0
DA:236,0
DA:240,0
DA:244,0
DA:246,0
DA:248,0
DA:249,0
DA:250,0
DA:251,0
DA:256,0
DA:257,0
DA:258,0
DA:259,0
DA:262,0
DA:263,0
DA:268,0
DA:269,0
DA:273,0
DA:274,0
DA:275,0
DA:277,0
DA:281,0
DA:286,0
DA:287,0
DA:288,0
DA:289,0
DA:295,0
DA:296,0
DA:297,0
DA:300,0
DA:301,0
DA:302,0
DA:303,0
DA:307,0
DA:312,0
DA:313,0
DA:314,0
DA:315,0
DA:320,0
DA:324,0
DA:331,0
DA:332,0
DA:335,0
DA:341,0
DA:342,0
DA:344,0
DA:345,0
DA:347,0
DA:348,0
DA:351,0
DA:352,0
DA:354,0
DA:355,0
DA:357,0
DA:358,0
DA:361,0
DA:362,0
DA:363,0
DA:365,0
DA:368,0
DA:369,0
DA:371,0
DA:378,0
DA:379,0
DA:380,0
DA:385,0
DA:389,0
DA:391,0
DA:393,0
DA:394,0
DA:396,0
DA:397,0
DA:399,0
DA:400,0
DA:402,0
DA:403,0
DA:407,0
DA:408,0
DA:411,0
DA:412,0
DA:413,0
DA:414,0
DA:415,0
DA:416,0
DA:417,0
DA:418,0
DA:419,0
DA:420,0
DA:421,0
DA:422,0
LF:179
LH:0
BRDA:83,0,0,0
BRDA:83,0,1,0
BRDA:90,1,0,0
BRDA:90,1,1,0
BRDA:93,2,0,0
BRDA:93,2,1,0
BRDA:114,3,0,0
BRDA:114,3,1,0
BRDA:116,4,0,0
BRDA:116,4,1,0
BRDA:120,5,0,0
BRDA:120,5,1,0
BRDA:121,6,0,0
BRDA:121,6,1,0
BRDA:121,7,0,0
BRDA:121,7,1,0
BRDA:139,8,0,0
BRDA:139,8,1,0
BRDA:156,9,0,0
BRDA:156,9,1,0
BRDA:175,10,0,0
BRDA:175,10,1,0
BRDA:192,11,0,0
BRDA:192,11,1,0
BRDA:209,12,0,0
BRDA:209,12,1,0
BRDA:216,13,0,0
BRDA:216,13,1,0
BRDA:233,14,0,0
BRDA:233,14,1,0
BRDA:250,15,0,0
BRDA:250,15,1,0
BRDA:257,16,0,0
BRDA:257,16,1,0
BRDA:274,17,0,0
BRDA:274,17,1,0
BRDA:288,18,0,0
BRDA:288,18,1,0
BRDA:300,19,0,0
BRDA:300,19,1,0
BRDA:300,20,0,0
BRDA:300,20,1,0
BRDA:301,21,0,0
BRDA:301,21,1,0
BRDA:301,22,0,0
BRDA:301,22,1,0
BRDA:302,23,0,0
BRDA:302,23,1,0
BRDA:302,24,0,0
BRDA:302,24,1,0
BRDA:303,25,0,0
BRDA:303,25,1,0
BRDA:303,26,0,0
BRDA:303,26,1,0
BRDA:314,27,0,0
BRDA:314,27,1,0
BRDA:345,28,0,0
BRDA:345,28,1,0
BRDA:345,29,0,0
BRDA:345,29,1,0
BRDA:352,30,0,0
BRDA:352,30,1,0
BRDA:352,31,0,0
BRDA:352,31,1,0
BRDA:361,32,0,0
BRDA:361,32,1,0
BRDA:362,33,0,0
BRDA:362,33,1,0
BRDA:368,34,0,0
BRDA:368,34,1,0
BRDA:391,35,0,0
BRDA:391,35,1,0
BRDA:391,35,2,0
BRDA:391,35,3,0
BRDA:407,36,0,0
BRDA:407,36,1,0
BRDA:411,37,0,0
BRDA:411,37,1,0
BRDA:417,38,0,0
BRDA:417,38,1,0
BRF:80
BRH:0
end_of_record
TN:
SF:js\games\snake.js
FN:7,setGameOver
FN:20,(anonymous_1)
FN:56,(anonymous_2)
FN:111,(anonymous_3)
FN:124,(anonymous_4)
FN:137,(anonymous_5)
FN:156,(anonymous_6)
FN:164,(anonymous_7)
FN:194,initSnake
FN:198,resetSnake
FN:207,updateSnake
FN:219,drawSnake
FNF:12
FNH:0
FNDA:0,setGameOver
FNDA:0,(anonymous_1)
FNDA:0,(anonymous_2)
FNDA:0,(anonymous_3)
FNDA:0,(anonymous_4)
FNDA:0,(anonymous_5)
FNDA:0,(anonymous_6)
FNDA:0,(anonymous_7)
FNDA:0,initSnake
FNDA:0,resetSnake
FNDA:0,updateSnake
FNDA:0,drawSnake
DA:7,0
DA:10,0
DA:11,0
DA:14,0
DA:21,0
DA:23,0
DA:24,0
DA:27,0
DA:28,0
DA:29,0
DA:32,0
DA:34,0
DA:35,0
DA:36,0
DA:37,0
DA:38,0
DA:39,0
DA:40,0
DA:41,0
DA:42,0
DA:43,0
DA:44,0
DA:45,0
DA:50,0
DA:51,0
DA:58,0
DA:61,0
DA:63,0
DA:65,0
DA:66,0
DA:68,0
DA:69,0
DA:71,0
DA:72,0
DA:74,0
DA:75,0
DA:79,0
DA:80,0
DA:81,0
DA:85,0
DA:86,0
DA:87,0
DA:88,0
DA:93,0
DA:96,0
DA:97,0
DA:98,0
DA:99,0
DA:100,0
DA:102,0
DA:106,0
DA:107,0
DA:112,0
DA:113,0
DA:114,0
DA:115,0
DA:120,0
DA:125,0
DA:126,0
DA:127,0
DA:134,0
DA:139,0
DA:141,0
DA:142,0
DA:143,0
DA:146,0
DA:147,0
DA:148,0
DA:149,0
DA:150,0
DA:157,0
DA:158,0
DA:163,0
DA:166,0
DA:167,0
DA:170,0
DA:171,0
DA:173,0
DA:175,0
DA:176,0
DA:177,0
DA:178,0
DA:181,0
DA:182,0
DA:183,0
DA:184,0
DA:190,0
DA:191,0
DA:199,0
DA:200,0
DA:201,0
DA:202,0
DA:203,0
DA:204,0
DA:208,0
DA:210,0
DA:212,0
DA:213,0
DA:214,0
DA:221,0
DA:224,0
DA:227,0
LF:102
LH:0
BRDA:27,0,0,0
BRDA:27,0,1,0
BRDA:34,1,0,0
BRDA:34,1,1,0
BRDA:37,2,0,0
BRDA:37,2,1,0
BRDA:40,3,0,0
BRDA:40,3,1,0
BRDA:43,4,0,0
BRDA:43,4,1,0
BRDA:63,5,0,0
BRDA:63,5,1,0
BRDA:63,5,2,0
BRDA:63,5,3,0
BRDA:79,6,0,0
BRDA:79,6,1,0
BRDA:79,7,0,0
BRDA:79,7,1,0
BRDA:79,7,2,0
BRDA:79,7,3,0
BRDA:86,8,0,0
BRDA:86,8,1,0
BRDA:86,9,0,0
BRDA:86,9,1,0
BRDA:96,10,0,0
BRDA:96,10,1,0
BRDA:96,11,0,0
BRDA:96,11,1,0
BRDA:106,12,0,0
BRDA:106,12,1,0
BRDA:148,13,0,0
BRDA:148,13,1,0
BRDA:148,14,0,0
BRDA:148,14,1,0
BRDA:208,15,0,0
BRDA:208,15,1,0
BRDA:212,16,0,0
BRDA:212,16,1,0
BRF:38
BRH:0
end_of_record
