TN:
SF:src\systems\adaptive_difficulty.js
FN:5,(anonymous_0)
FN:16,(anonymous_1)
FN:28,(anonymous_2)
FN:33,(anonymous_3)
FN:46,(anonymous_4)
FN:52,(anonymous_5)
FN:53,(anonymous_6)
FN:54,(anonymous_7)
FN:66,createPerformanceTracker
FN:71,formatPerformanceStats
FNF:10
FNH:10
FNDA:1,(anonymous_0)
FNDA:2,(anonymous_1)
FNDA:1,(anonymous_2)
FNDA:1,(anonymous_3)
FNDA:1,(anonymous_4)
FNDA:1,(anonymous_5)
FNDA:1,(anonymous_6)
FNDA:1,(anonymous_7)
FNDA:1,createPerformanceTracker
FNDA:2,formatPerformanceStats
DA:6,1
DA:7,1
DA:17,2
DA:22,2
DA:23,1
DA:29,1
DA:34,1
DA:35,1
DA:36,1
DA:37,1
DA:47,1
DA:48,0
DA:51,1
DA:52,1
DA:53,1
DA:54,1
DA:56,1
DA:67,1
DA:72,2
DA:73,1
DA:76,1
LF:21
LH:20
BRDA:22,0,0,1
BRDA:22,0,1,1
BRDA:47,1,0,0
BRDA:47,1,1,1
BRDA:72,2,0,1
BRDA:72,2,1,1
BRF:6
BRH:5
end_of_record
TN:
SF:src\systems\adaptive_soundscape.js
FN:5,(anonymous_0)
FN:18,(anonymous_1)
FN:24,(anonymous_2)
FN:31,(anonymous_3)
FN:32,(anonymous_4)
FN:44,createSoundscape
FNF:6
FNH:6
FNDA:1,(anonymous_0)
FNDA:3,(anonymous_1)
FNDA:3,(anonymous_2)
FNDA:1,(anonymous_3)
FNDA:1,(anonymous_4)
FNDA:1,createSoundscape
DA:6,1
DA:7,1
DA:13,1
DA:14,1
DA:19,3
DA:20,3
DA:27,3
DA:32,1
DA:33,1
DA:34,1
DA:39,1
DA:45,1
LF:12
LH:12
BRDA:5,0,0,1
BRDA:8,1,0,1
BRDA:8,1,1,1
BRDA:9,2,0,1
BRDA:9,2,1,1
BRF:5
BRH:5
end_of_record
TN:
SF:src\systems\audio_manager.js
FN:4,(anonymous_0)
FN:13,(anonymous_1)
FN:25,(anonymous_2)
FN:51,(anonymous_3)
FN:56,(anonymous_4)
FN:61,(anonymous_5)
FN:70,(anonymous_6)
FN:77,(anonymous_7)
FNF:8
FNH:3
FNDA:2,(anonymous_0)
FNDA:0,(anonymous_1)
FNDA:0,(anonymous_2)
FNDA:0,(anonymous_3)
FNDA:0,(anonymous_4)
FNDA:0,(anonymous_5)
FNDA:1,(anonymous_6)
FNDA:1,(anonymous_7)
DA:5,2
DA:6,2
DA:7,2
DA:8,2
DA:9,2
DA:14,0
DA:15,0
DA:16,0
DA:17,0
DA:20,0
DA:26,0
DA:28,0
DA:29,0
DA:30,0
DA:31,0
DA:32,0
DA:35,0
DA:36,0
DA:38,0
DA:39,0
DA:41,0
DA:42,0
DA:44,0
DA:46,0
DA:52,0
DA:57,0
DA:62,0
DA:63,0
DA:64,0
DA:66,0
DA:73,1
LF:31
LH:6
BRDA:15,0,0,0
BRDA:15,0,1,0
BRDA:16,1,0,0
BRDA:16,1,1,0
BRDA:25,2,0,0
BRDA:26,3,0,0
BRDA:26,3,1,0
BRDA:26,4,0,0
BRDA:26,4,1,0
BRDA:30,5,0,0
BRDA:30,5,1,0
BRDA:39,6,0,0
BRDA:39,6,1,0
BRDA:62,7,0,0
BRDA:62,7,1,0
BRF:15
BRH:0
end_of_record
TN:
SF:src\systems\character_generator.js
FN:4,generateCharacterId
FN:24,generateCharacter
FN:43,formatCharacterDescription
FNF:3
FNH:0
FNDA:0,generateCharacterId
FNDA:0,generateCharacter
FNDA:0,formatCharacterDescription
DA:5,0
DA:6,0
DA:17,0
DA:18,0
DA:20,0
DA:25,0
DA:27,0
DA:28,0
DA:29,0
DA:31,0
DA:44,0
LF:11
LH:0
BRDA:4,0,0,0
BRDA:24,1,0,0
BRF:2
BRH:0
end_of_record
TN:
SF:src\systems\chromatic_adaptation.js
FN:3,(anonymous_0)
FN:7,(anonymous_1)
FN:12,createChromaticAdaptation
FNF:3
FNH:0
FNDA:0,(anonymous_0)
FNDA:0,(anonymous_1)
FNDA:0,createChromaticAdaptation
DA:4,0
DA:13,0
LF:2
LH:0
BRF:0
BRH:0
end_of_record
TN:
SF:src\systems\cognitive_mechanics.js
FN:5,(anonymous_0)
FN:12,(anonymous_1)
FN:22,(anonymous_2)
FN:27,(anonymous_3)
FN:38,(anonymous_4)
FN:43,(anonymous_5)
FN:54,createWorkingMemorySystem
FN:59,formatWorkingMemoryStats
FNF:8
FNH:0
FNDA:0,(anonymous_0)
FNDA:0,(anonymous_1)
FNDA:0,(anonymous_2)
FNDA:0,(anonymous_3)
FNDA:0,(anonymous_4)
FNDA:0,(anonymous_5)
FNDA:0,createWorkingMemorySystem
FNDA:0,formatWorkingMemoryStats
DA:6,0
DA:7,0
DA:8,0
DA:13,0
DA:15,0
DA:16,0
DA:18,0
DA:23,0
DA:28,0
DA:29,0
DA:30,0
DA:31,0
DA:33,0
DA:34,0
DA:39,0
DA:44,0
DA:55,0
DA:60,0
LF:18
LH:0
BRDA:5,0,0,0
BRDA:13,1,0,0
BRDA:13,1,1,0
BRDA:29,2,0,0
BRDA:29,2,1,0
BRF:5
BRH:0
end_of_record
TN:
SF:src\systems\emblem.js
FN:4,generateEmblemSVG
FN:8,(anonymous_1)
FN:58,emblemToDataUrl
FNF:3
FNH:3
FNDA:2,generateEmblemSVG
FNDA:6,(anonymous_1)
FNDA:1,emblemToDataUrl
DA:5,2
DA:6,2
DA:8,2
DA:9,6
DA:10,6
DA:13,2
DA:14,2
DA:15,2
DA:17,2
DA:18,2
DA:20,1
DA:23,1
DA:26,0
DA:29,0
DA:32,1
DA:35,1
DA:36,1
DA:39,0
DA:42,0
DA:43,0
DA:47,2
DA:54,2
DA:59,1
LF:23
LH:18
BRDA:4,0,0,0
BRDA:4,1,0,0
BRDA:18,2,0,1
BRDA:18,2,1,0
BRDA:18,2,2,1
BRDA:18,2,3,0
BRF:6
BRH:2
end_of_record
TN:
SF:src\systems\gallery.js
FN:4,saveSessionToGallery
FN:30,loadGallery
FN:41,generateThumbnail
FNF:3
FNH:3
FNDA:3,saveSessionToGallery
FNDA:7,loadGallery
FNDA:3,generateThumbnail
DA:5,3
DA:6,3
DA:7,3
DA:15,3
DA:17,3
DA:18,0
DA:21,3
DA:22,3
DA:24,0
DA:25,0
DA:31,7
DA:32,7
DA:33,7
DA:35,0
DA:36,0
DA:43,3
LF:16
LH:11
BRDA:4,0,0,1
BRDA:4,1,0,1
BRDA:17,2,0,0
BRDA:17,2,1,3
BRDA:33,3,0,5
BRDA:33,3,1,2
BRF:6
BRH:5
end_of_record
TN:
SF:src\systems\game_systems_integration.js
FN:5,(anonymous_0)
FN:11,(anonymous_1)
FN:17,(anonymous_2)
FN:22,(anonymous_3)
FN:24,(anonymous_4)
FN:25,(anonymous_5)
FN:33,(anonymous_6)
FN:36,(anonymous_7)
FN:44,(anonymous_8)
FN:45,(anonymous_9)
FN:55,(anonymous_10)
FN:57,(anonymous_11)
FN:67,createGameSystemsIntegration
FNF:13
FNH:0
FNDA:0,(anonymous_0)
FNDA:0,(anonymous_1)
FNDA:0,(anonymous_2)
FNDA:0,(anonymous_3)
FNDA:0,(anonymous_4)
FNDA:0,(anonymous_5)
FNDA:0,(anonymous_6)
FNDA:0,(anonymous_7)
FNDA:0,(anonymous_8)
FNDA:0,(anonymous_9)
FNDA:0,(anonymous_10)
FNDA:0,(anonymous_11)
FNDA:0,createGameSystemsIntegration
DA:6,0
DA:7,0
DA:12,0
DA:13,0
DA:18,0
DA:23,0
DA:24,0
DA:25,0
DA:27,0
DA:28,0
DA:29,0
DA:34,0
DA:36,0
DA:37,0
DA:38,0
DA:45,0
DA:46,0
DA:47,0
DA:50,0
DA:51,0
DA:56,0
DA:57,0
DA:58,0
DA:59,0
DA:62,0
DA:68,0
LF:26
LH:0
BRDA:34,0,0,0
BRDA:34,0,1,0
BRDA:37,1,0,0
BRDA:37,1,1,0
BRDA:46,2,0,0
BRDA:46,2,1,0
BRDA:58,3,0,0
BRDA:58,3,1,0
BRF:8
BRH:0
end_of_record
TN:
SF:src\systems\integration.js
FN:4,generateWorldSet
FN:5,(anonymous_1)
FN:43,formatWorldSetDescription
FNF:3
FNH:0
FNDA:0,generateWorldSet
FNDA:0,(anonymous_1)
FNDA:0,formatWorldSetDescription
DA:5,0
DA:6,0
DA:7,0
DA:10,0
DA:21,0
DA:32,0
DA:33,0
DA:35,0
DA:44,0
LF:9
LH:0
BRF:0
BRH:0
end_of_record
TN:
SF:src\systems\leaderboard.js
FN:4,saveScore
FN:15,(anonymous_1)
FN:29,loadScores
FNF:3
FNH:3
FNDA:18,saveScore
FNDA:102,(anonymous_1)
FNDA:22,loadScores
DA:5,18
DA:6,18
DA:7,18
DA:13,18
DA:15,102
DA:16,18
DA:17,2
DA:20,18
DA:21,17
DA:23,1
DA:24,1
DA:30,22
DA:31,22
DA:32,21
DA:34,1
DA:35,1
LF:16
LH:16
BRDA:4,0,0,1
BRDA:16,1,0,2
BRDA:16,1,1,16
BRDA:32,2,0,15
BRDA:32,2,1,6
BRF:5
BRH:5
end_of_record
TN:
SF:src\systems\level_generator.js
FN:2,generateLevel
FN:11,formatLevelDescription
FNF:2
FNH:0
FNDA:0,generateLevel
FNDA:0,formatLevelDescription
DA:3,0
DA:12,0
LF:2
LH:0
BRF:0
BRH:0
end_of_record
TN:
SF:src\systems\meditations.js
FN:43,pickMeditation
FNF:1
FNH:1
FNDA:2,pickMeditation
DA:4,1
DA:44,2
DA:45,2
LF:3
LH:3
BRDA:43,0,0,0
BRF:1
BRH:0
end_of_record
TN:
SF:src\systems\mnemonic_anchors.js
FN:5,(anonymous_0)
FN:11,(anonymous_1)
FN:30,(anonymous_2)
FN:31,(anonymous_3)
FN:39,(anonymous_4)
FN:44,(anonymous_5)
FN:45,(anonymous_6)
FN:49,(anonymous_7)
FN:55,createMnemonicAnchors
FNF:9
FNH:9
FNDA:12,(anonymous_0)
FNDA:13,(anonymous_1)
FNDA:2,(anonymous_2)
FNDA:1,(anonymous_3)
FNDA:1,(anonymous_4)
FNDA:2,(anonymous_5)
FNDA:4,(anonymous_6)
FNDA:1,(anonymous_7)
FNDA:2,createMnemonicAnchors
DA:6,12
DA:7,12
DA:12,13
DA:19,13
DA:22,13
DA:23,1
DA:26,13
DA:31,2
DA:32,2
DA:33,1
DA:35,1
DA:40,1
DA:45,4
DA:50,1
DA:56,2
LF:15
LH:15
BRDA:5,0,0,9
BRDA:11,1,0,4
BRDA:22,2,0,1
BRDA:22,2,1,12
BRDA:32,3,0,1
BRDA:32,3,1,1
BRF:6
BRH:6
end_of_record
TN:
SF:src\systems\noosphere_sync.js
FN:2,syncPublish
FN:6,syncSubscribe
FN:8,(anonymous_2)
FNF:3
FNH:0
FNDA:0,syncPublish
FNDA:0,syncSubscribe
FNDA:0,(anonymous_2)
DA:8,0
LF:1
LH:0
BRF:0
BRH:0
end_of_record
TN:
SF:src\systems\particles.js
FN:2,createParticleEmitter
FN:4,(anonymous_1)
FN:5,(anonymous_2)
FN:6,(anonymous_3)
FNF:4
FNH:0
FNDA:0,createParticleEmitter
FNDA:0,(anonymous_1)
FNDA:0,(anonymous_2)
FNDA:0,(anonymous_3)
DA:3,0
LF:1
LH:0
BRF:0
BRH:0
end_of_record
TN:
SF:src\systems\perception_shifts.js
FN:3,(anonymous_0)
FN:7,(anonymous_1)
FN:13,(anonymous_2)
FN:17,(anonymous_3)
FN:22,createPerceptionInversion
FN:26,createTunnelVision
FNF:6
FNH:0
FNDA:0,(anonymous_0)
FNDA:0,(anonymous_1)
FNDA:0,(anonymous_2)
FNDA:0,(anonymous_3)
FNDA:0,createPerceptionInversion
FNDA:0,createTunnelVision
DA:4,0
DA:14,0
DA:23,0
DA:27,0
LF:4
LH:0
BRF:0
BRH:0
end_of_record
TN:
SF:src\systems\proc_gen.js
FN:2,generateSessionParameters
FN:51,generateSessionName
FN:57,applyMoodFromModifiers
FN:60,(anonymous_3)
FN:68,renderLevelPreview
FN:95,generateMicroStory
FNF:6
FNH:6
FNDA:10,generateSessionParameters
FNDA:9,generateSessionName
FNDA:10,applyMoodFromModifiers
FNDA:12,(anonymous_3)
FNDA:5,renderLevelPreview
FNDA:8,generateMicroStory
DA:3,10
DA:4,10
DA:12,10
DA:23,10
DA:24,10
DA:25,10
DA:26,10
DA:27,10
DA:28,10
DA:29,48
DA:30,48
DA:31,30
DA:32,30
DA:35,10
DA:41,10
DA:43,4
DA:52,9
DA:53,9
DA:54,9
DA:59,10
DA:60,10
DA:61,12
DA:62,12
DA:63,12
DA:65,10
DA:70,5
DA:71,5
DA:72,5
DA:73,5
DA:74,5
DA:75,5
DA:76,5
DA:77,5
DA:79,5
DA:80,5
DA:81,5
DA:83,5
DA:84,5
DA:85,40
DA:86,40
DA:87,40
DA:88,40
DA:91,5
DA:92,5
DA:96,8
DA:97,8
DA:103,8
DA:104,8
DA:105,8
DA:106,8
DA:107,8
DA:108,8
DA:109,8
DA:110,8
LF:54
LH:54
BRDA:2,0,0,8
BRDA:3,1,0,10
BRDA:3,1,1,0
BRDA:23,2,0,10
BRDA:23,2,1,9
BRDA:24,3,0,10
BRDA:24,3,1,9
BRDA:30,4,0,30
BRDA:30,4,1,18
BRDA:41,5,0,10
BRDA:41,5,1,0
BRDA:53,6,0,9
BRDA:53,6,1,0
BRDA:61,7,0,5
BRDA:61,7,1,7
BRDA:61,8,0,12
BRDA:61,8,1,9
BRDA:62,9,0,4
BRDA:62,9,1,8
BRDA:62,10,0,12
BRDA:62,10,1,9
BRDA:63,11,0,3
BRDA:63,11,1,9
BRDA:63,12,0,12
BRDA:63,12,1,10
BRDA:79,13,0,2
BRDA:79,13,1,3
BRDA:79,14,0,5
BRDA:79,14,1,5
BRDA:83,15,0,5
BRDA:83,15,1,0
BRDA:83,16,0,5
BRDA:83,16,1,5
BRDA:105,17,0,8
BRDA:105,17,1,0
BRF:35
BRH:30
end_of_record
TN:
SF:src\systems\proprioceptive_drift.js
FN:3,(anonymous_0)
FN:7,(anonymous_1)
FN:12,createProprioceptiveDrift
FNF:3
FNH:0
FNDA:0,(anonymous_0)
FNDA:0,(anonymous_1)
FNDA:0,createProprioceptiveDrift
DA:4,0
DA:13,0
LF:2
LH:0
BRF:0
BRH:0
end_of_record
TN:
SF:src\systems\seasonal_modifiers.js
FN:3,(anonymous_0)
FN:7,(anonymous_1)
FN:12,createSeasonalModifiersSystem
FN:16,formatSeasonInfo
FNF:4
FNH:0
FNDA:0,(anonymous_0)
FNDA:0,(anonymous_1)
FNDA:0,createSeasonalModifiersSystem
FNDA:0,formatSeasonInfo
DA:4,0
DA:13,0
DA:17,0
LF:3
LH:0
BRF:0
BRH:0
end_of_record
TN:
SF:src\systems\visuals.js
FN:2,initVisuals
FNF:1
FNH:0
FNDA:0,initVisuals
LF:0
LH:0
BRF:0
BRH:0
end_of_record
TN:
SF:src\systems\world_generator.js
FN:4,pseudoRandom
FN:8,(anonymous_1)
FN:15,generateWorldObject
FN:39,formatWorldObjectDescription
FNF:4
FNH:4
FNDA:4,pseudoRandom
FNDA:20,(anonymous_1)
FNDA:2,generateWorldObject
FNDA:1,formatWorldObjectDescription
DA:5,4
DA:6,4
DA:8,4
DA:9,20
DA:10,20
DA:16,2
DA:17,2
DA:19,2
DA:20,2
DA:21,2
DA:23,2
DA:40,1
DA:41,1
LF:13
LH:13
BRDA:6,0,0,0
BRDA:6,0,1,4
BRDA:15,1,0,0
BRDA:31,2,0,2
BRDA:31,2,1,0
BRDA:32,3,0,0
BRDA:32,3,1,2
BRDA:33,4,0,0
BRDA:33,4,1,2
BRDA:43,5,0,1
BRDA:43,5,1,0
BRF:11
BRH:5
end_of_record
TN:
SF:src\ui\app.js
FN:20,initApp
FN:84,(anonymous_1)
FN:89,(anonymous_2)
FN:92,(anonymous_3)
FN:103,handleGenerateSession
FN:110,handleGenerateCharacter
FN:117,handleGenerateWorldSet
FN:124,handleRegenerateSession
FN:129,handleRegenerateCharacter
FN:134,handleRegenerateWorldSet
FN:139,handlePlaySession
FN:157,handleStopGame
FN:163,handleDownloadSession
FN:169,handleDownloadCharacter
FN:175,handleDownloadWorldSet
FN:181,handleSendSession
FN:194,(anonymous_16)
FN:200,handleBackToMenu
FN:212,showSession
FN:224,showCharacter
FN:233,showWorldSet
FN:242,formatSessionText
FN:250,downloadFile
FN:263,render
FN:268,update
FNF:25
FNH:0
FNDA:0,initApp
FNDA:0,(anonymous_1)
FNDA:0,(anonymous_2)
FNDA:0,(anonymous_3)
FNDA:0,handleGenerateSession
FNDA:0,handleGenerateCharacter
FNDA:0,handleGenerateWorldSet
FNDA:0,handleRegenerateSession
FNDA:0,handleRegenerateCharacter
FNDA:0,handleRegenerateWorldSet
FNDA:0,handlePlaySession
FNDA:0,handleStopGame
FNDA:0,handleDownloadSession
FNDA:0,handleDownloadCharacter
FNDA:0,handleDownloadWorldSet
FNDA:0,handleSendSession
FNDA:0,(anonymous_16)
FNDA:0,handleBackToMenu
FNDA:0,showSession
FNDA:0,showCharacter
FNDA:0,showWorldSet
FNDA:0,formatSessionText
FNDA:0,downloadFile
FNDA:0,render
FNDA:0,update
DA:6,1
DA:7,1
DA:8,1
DA:9,1
DA:22,0
DA:23,0
DA:24,0
DA:25,0
DA:26,0
DA:28,0
DA:29,0
DA:30,0
DA:31,0
DA:33,0
DA:34,0
DA:35,0
DA:36,0
DA:37,0
DA:38,0
DA:40,0
DA:41,0
DA:42,0
DA:43,0
DA:45,0
DA:46,0
DA:47,0
DA:48,0
DA:50,0
DA:51,0
DA:52,0
DA:55,0
DA:56,0
DA:57,0
DA:59,0
DA:60,0
DA:61,0
DA:62,0
DA:63,0
DA:65,0
DA:66,0
DA:67,0
DA:69,0
DA:70,0
DA:71,0
DA:73,0
DA:76,0
DA:77,0
DA:78,0
DA:79,0
DA:84,0
DA:85,0
DA:86,0
DA:87,0
DA:88,0
DA:89,0
DA:90,0
DA:91,0
DA:92,0
DA:93,0
DA:94,0
DA:96,0
DA:104,0
DA:105,0
DA:106,0
DA:107,0
DA:111,0
DA:112,0
DA:113,0
DA:114,0
DA:118,0
DA:119,0
DA:120,0
DA:121,0
DA:125,0
DA:126,0
DA:130,0
DA:131,0
DA:135,0
DA:136,0
DA:140,0
DA:143,0
DA:144,0
DA:147,0
DA:148,0
DA:149,0
DA:150,0
DA:153,0
DA:154,0
DA:158,0
DA:159,0
DA:160,0
DA:164,0
DA:165,0
DA:166,0
DA:170,0
DA:171,0
DA:172,0
DA:176,0
DA:177,0
DA:178,0
DA:182,0
DA:185,0
DA:186,0
DA:190,0
DA:193,0
DA:194,0
DA:195,0
DA:201,0
DA:202,0
DA:203,0
DA:204,0
DA:205,0
DA:206,0
DA:207,0
DA:208,0
DA:213,0
DA:215,0
DA:216,0
DA:218,0
DA:220,0
DA:221,0
DA:225,0
DA:227,0
DA:229,0
DA:230,0
DA:234,0
DA:236,0
DA:238,0
DA:239,0
DA:243,0
DA:251,0
DA:252,0
DA:253,0
DA:254,0
DA:255,0
DA:256,0
DA:257,0
DA:258,0
DA:259,0
DA:273,1
LF:140
LH:5
BRDA:78,0,0,0
BRDA:78,0,1,0
BRDA:93,1,0,0
BRDA:93,1,1,0
BRDA:104,2,0,0
BRDA:104,2,1,0
BRDA:111,3,0,0
BRDA:111,3,1,0
BRDA:118,4,0,0
BRDA:118,4,1,0
BRDA:140,5,0,0
BRDA:140,5,1,0
BRDA:164,6,0,0
BRDA:164,6,1,0
BRDA:170,7,0,0
BRDA:170,7,1,0
BRDA:176,8,0,0
BRDA:176,8,1,0
BRDA:182,9,0,0
BRDA:182,9,1,0
BRDA:185,10,0,0
BRDA:185,10,1,0
BRDA:185,11,0,0
BRDA:185,11,1,0
BRDA:213,12,0,0
BRDA:213,12,1,0
BRDA:225,13,0,0
BRDA:225,13,1,0
BRDA:234,14,0,0
BRDA:234,14,1,0
BRF:30
BRH:0
end_of_record
TN:
SF:src\utils\constants.js
FNF:0
FNH:0
DA:2,2
DA:3,2
LF:2
LH:2
BRF:0
BRH:0
end_of_record
TN:
SF:src\utils\random.js
FN:7,pseudoRandom
FN:11,(anonymous_1)
FNF:2
FNH:2
FNDA:25,pseudoRandom
FNDA:196,(anonymous_1)
DA:8,25
DA:9,25
DA:11,25
DA:12,196
DA:13,196
LF:5
LH:5
BRDA:9,0,0,0
BRDA:9,0,1,25
BRF:2
BRH:1
end_of_record
